# JRE version: OpenJDK Runtime Environment (8.0_191-b12) (build 1.8.0_191-b12)
# Java VM: OpenJDK 64-Bit Server VM (25.191-b12 mixed mode linux-amd64 compressed oops)
Heap:
 def new generation   total 6784K, used 0K [0x00000000c0000000, 0x00000000c0750000, 0x00000000d5550000)
  eden space 6080K,   0% used [0x00000000c0000000, 0x00000000c0000000, 0x00000000c05f0000)
  from space 704K,   0% used [0x00000000c05f0000, 0x00000000c05f0000, 0x00000000c06a0000)
  to   space 704K,   0% used [0x00000000c06a0000, 0x00000000c06a0000, 0x00000000c0750000)
 tenured generation   total 14852K, used 10373K [0x00000000d5550000, 0x00000000d63d1000, 0x0000000100000000)
   the space 14852K,  69% used [0x00000000d5550000, 0x00000000d5f71518, 0x00000000d5f71600, 0x00000000d63d1000)
 Metaspace       used 38631K, capacity 38852K, committed 39296K, reserved 1083392K
  class space    used 5352K, capacity 5430K, committed 5504K, reserved 1048576K
GC Heap History (215 events):
Event: 0.231 GC heap before
{Heap before GC invocations=0 (full 0):
 def new generation   total 4928K, used 4416K [0x00000000c0000000, 0x00000000c0550000, 0x00000000d5550000)
  eden space 4416K, 100% used [0x00000000c0000000, 0x00000000c0450000, 0x00000000c0450000)
  from space 512K,   0% used [0x00000000c0450000, 0x00000000c0450000, 0x00000000c04d0000)
  to   space 512K,   0% used [0x00000000c04d0000, 0x00000000c04d0000, 0x00000000c0550000)
 tenured generation   total 10944K, used 0K [0x00000000d5550000, 0x00000000d6000000, 0x0000000100000000)
   the space 10944K,   0% used [0x00000000d5550000, 0x00000000d5550000, 0x00000000d5550200, 0x00000000d6000000)
 Metaspace       used 2951K, capacity 4480K, committed 4480K, reserved 1056768K
  class space    used 273K, capacity 384K, committed 384K, reserved 1048576K
Event: 0.233 GC heap after
Heap after GC invocations=1 (full 0):
 def new generation   total 4928K, used 511K [0x00000000c0000000, 0x00000000c0550000, 0x00000000d5550000)
  eden space 4416K,   0% used [0x00000000c0000000, 0x00000000c0000000, 0x00000000c0450000)
  from space 512K,  99% used [0x00000000c04d0000, 0x00000000c054fff8, 0x00000000c0550000)
  to   space 512K,   0% used [0x00000000c0450000, 0x00000000c0450000, 0x00000000c04d0000)
 tenured generation   total 10944K, used 651K [0x00000000d5550000, 0x00000000d6000000, 0x0000000100000000)
   the space 10944K,   5% used [0x00000000d5550000, 0x00000000d55f2ea0, 0x00000000d55f3000, 0x00000000d6000000)
 Metaspace       used 2951K, capacity 4480K, committed 4480K, reserved 1056768K
  class space    used 273K, capacity 384K, committed 384K, reserved 1048576K
}
Event: 0.349 GC heap before
{Heap before GC invocations=1 (full 0):
 def new generation   total 4928K, used 4927K [0x00000000c0000000, 0x00000000c0550000, 0x00000000d5550000)
  eden space 4416K, 100% used [0x00000000c0000000, 0x00000000c0450000, 0x00000000c0450000)
  from space 512K,  99% used [0x00000000c04d0000, 0x00000000c054fff8, 0x00000000c0550000)
  to   space 512K,   0% used [0x00000000c0450000, 0x00000000c0450000, 0x00000000c04d0000)
 tenured generation   total 10944K, used 651K [0x00000000d5550000, 0x00000000d6000000, 0x0000000100000000)
   the space 10944K,   5% used [0x00000000d5550000, 0x00000000d55f2ea0, 0x00000000d55f3000, 0x00000000d6000000)
 Metaspace       used 3357K, capacity 4728K, committed 4864K, reserved 1056768K
  class space    used 308K, capacity 424K, committed 512K, reserved 1048576K
Event: 0.351 GC heap after
Heap after GC invocations=2 (full 0):
 def new generation   total 4928K, used 501K [0x00000000c0000000, 0x00000000c0550000, 0x00000000d5550000)
  eden space 4416K,   0% used [0x00000000c0000000, 0x00000000c0000000, 0x00000000c0450000)
  from space 512K,  97% used [0x00000000c0450000, 0x00000000c04cd420, 0x00000000c04d0000)
  to   space 512K,   0% used [0x00000000c04d0000, 0x00000000c04d0000, 0x00000000c0550000)
 tenured generation   total 10944K, used 1161K [0x00000000d5550000, 0x00000000d6000000, 0x0000000100000000)
   the space 10944K,  10% used [0x00000000d5550000, 0x00000000d5672708, 0x00000000d5672800, 0x00000000d6000000)
 Metaspace       used 3357K, capacity 4728K, committed 4864K, reserved 1056768K
  class space    used 308K, capacity 424K, committed 512K, reserved 1048576K
}
Event: 0.427 GC heap before
{Heap before GC invocations=2 (full 0):
 def new generation   total 4928K, used 4911K [0x00000000c0000000, 0x00000000c0550000, 0x00000000d5550000)
  eden space 4416K,  99% used [0x00000000c0000000, 0x00000000c044e9d0, 0x00000000c0450000)
  from space 512K,  97% used [0x00000000c0450000, 0x00000000c04cd420, 0x00000000c04d0000)
  to   space 512K,   0% used [0x00000000c04d0000, 0x00000000c04d0000, 0x00000000c0550000)
 tenured generation   total 10944K, used 1161K [0x00000000d5550000, 0x00000000d6000000, 0x0000000100000000)
   the space 10944K,  10% used [0x00000000d5550000, 0x00000000d5672708, 0x00000000d5672800, 0x00000000d6000000)
 Metaspace       used 3783K, capacity 5080K, committed 5376K, reserved 1056768K
  class space    used 356K, capacity 456K, committed 512K, reserved 1048576K
Event: 0.428 GC heap after
Heap after GC invocations=3 (full 0):
 def new generation   total 4928K, used 297K [0x00000000c0000000, 0x00000000c0550000, 0x00000000d5550000)
  eden space 4416K,   0% used [0x00000000c0000000, 0x00000000c0000000, 0x00000000c0450000)
  from space 512K,  58% used [0x00000000c04d0000, 0x00000000c051a640, 0x00000000c0550000)
  to   space 512K,   0% used [0x00000000c0450000, 0x00000000c0450000, 0x00000000c04d0000)
 tenured generation   total 10944K, used 1338K [0x00000000d5550000, 0x00000000d6000000, 0x0000000100000000)
   the space 10944K,  12% used [0x00000000d5550000, 0x00000000d569eb58, 0x00000000d569ec00, 0x00000000d6000000)
 Metaspace       used 3783K, capacity 5080K, committed 5376K, reserved 1056768K
  class space    used 356K, capacity 456K, committed 512K, reserved 1048576K
}
Event: 0.493 GC heap before
{Heap before GC invocations=3 (full 0):
 def new generation   total 4928K, used 4713K [0x00000000c0000000, 0x00000000c0550000, 0x00000000d5550000)
  eden space 4416K, 100% used [0x00000000c0000000, 0x00000000c0450000, 0x00000000c0450000)
  from space 512K,  58% used [0x00000000c04d0000, 0x00000000c051a640, 0x00000000c0550000)
  to   space 512K,   0% used [0x00000000c0450000, 0x00000000c0450000, 0x00000000c04d0000)
 tenured generation   total 10944K, used 1338K [0x00000000d5550000, 0x00000000d6000000, 0x0000000100000000)
   the space 10944K,  12% used [0x00000000d5550000, 0x00000000d569eb58, 0x00000000d569ec00, 0x00000000d6000000)
 Metaspace       used 4141K, capacity 5336K, committed 5504K, reserved 1056768K
  class space    used 417K, capacity 520K, committed 640K, reserved 1048576K
Event: 0.494 GC heap after
Heap after GC invocations=4 (full 0):
 def new generation   total 4928K, used 293K [0x00000000c0000000, 0x00000000c0550000, 0x00000000d5550000)
  eden space 4416K,   0% used [0x00000000c0000000, 0x00000000c0000000, 0x00000000c0450000)
  from space 512K,  57% used [0x00000000c0450000, 0x00000000c0499498, 0x00000000c04d0000)
  to   space 512K,   0% used [0x00000000c04d0000, 0x00000000c04d0000, 0x00000000c0550000)
 tenured generation   total 10944K, used 1404K [0x00000000d5550000, 0x00000000d6000000, 0x0000000100000000)
   the space 10944K,  12% used [0x00000000d5550000, 0x00000000d56af0f0, 0x00000000d56af200, 0x00000000d6000000)
 Metaspace       used 4141K, capacity 5336K, committed 5504K, reserved 1056768K
  class space    used 417K, capacity 520K, committed 640K, reserved 1048576K
}
Event: 0.562 GC heap before
{Heap before GC invocations=4 (full 0):
 def new generation   total 4928K, used 4709K [0x00000000c0000000, 0x00000000c0550000, 0x00000000d5550000)
  eden space 4416K, 100% used [0x00000000c0000000, 0x00000000c0450000, 0x00000000c0450000)
  from space 512K,  57% used [0x00000000c0450000, 0x00000000c0499498, 0x00000000c04d0000)
  to   space 512K,   0% used [0x00000000c04d0000, 0x00000000c04d0000, 0x00000000c0550000)
 tenured generation   total 10944K, used 1404K [0x00000000d5550000, 0x00000000d6000000, 0x0000000100000000)
   the space 10944K,  12% used [0x00000000d5550000, 0x00000000d56af0f0, 0x00000000d56af200, 0x00000000d6000000)
 Metaspace       used 4416K, capacity 5624K, committed 5760K, reserved 1056768K
  class space    used 460K, capacity 552K, committed 640K, reserved 1048576K
Event: 0.563 GC heap after
Heap after GC invocations=5 (full 0):
 def new generation   total 4928K, used 286K [0x00000000c0000000, 0x00000000c0550000, 0x00000000d5550000)
  eden space 4416K,   0% used [0x00000000c0000000, 0x00000000c0000000, 0x00000000c0450000)
  from space 512K,  56% used [0x00000000c04d0000, 0x00000000c0517af0, 0x00000000c0550000)
  to   space 512K,   0% used [0x00000000c0450000, 0x00000000c0450000, 0x00000000c04d0000)
 tenured generation   total 10944K, used 1456K [0x00000000d5550000, 0x00000000d6000000, 0x0000000100000000)
   the space 10944K,  13% used [0x00000000d5550000, 0x00000000d56bc100, 0x00000000d56bc200, 0x00000000d6000000)
 Metaspace       used 4416K, capacity 5624K, committed 5760K, reserved 1056768K
  class space    used 460K, capacity 552K, committed 640K, reserved 1048576K
}
Event: 0.605 GC heap before
{Heap before GC invocations=5 (full 0):
 def new generation   total 4928K, used 4702K [0x00000000c0000000, 0x00000000c0550000, 0x00000000d5550000)
  eden space 4416K, 100% used [0x00000000c0000000, 0x00000000c0450000, 0x00000000c0450000)
  from space 512K,  56% used [0x00000000c04d0000, 0x00000000c0517af0, 0x00000000c0550000)
  to   space 512K,   0% used [0x00000000c0450000, 0x00000000c0450000, 0x00000000c04d0000)
 tenured generation   total 10944K, used 1456K [0x00000000d5550000, 0x00000000d6000000, 0x0000000100000000)
   the space 10944K,  13% used [0x00000000d5550000, 0x00000000d56bc100, 0x00000000d56bc200, 0x00000000d6000000)
 Metaspace       used 4704K, capacity 5880K, committed 6016K, reserved 1056768K
  class space    used 521K, capacity 616K, committed 640K, reserved 1048576K
Event: 0.606 GC heap after
Heap after GC invocations=6 (full 0):
 def new generation   total 4928K, used 244K [0x00000000c0000000, 0x00000000c0550000, 0x00000000d5550000)
  eden space 4416K,   0% used [0x00000000c0000000, 0x00000000c0000000, 0x00000000c0450000)
  from space 512K,  47% used [0x00000000c0450000, 0x00000000c048d118, 0x00000000c04d0000)
  to   space 512K,   0% used [0x00000000c04d0000, 0x00000000c04d0000, 0x00000000c0550000)
 tenured generation   total 10944K, used 1477K [0x00000000d5550000, 0x00000000d6000000, 0x0000000100000000)
   the space 10944K,  13% used [0x00000000d5550000, 0x00000000d56c1568, 0x00000000d56c1600, 0x00000000d6000000)
 Metaspace       used 4704K, capacity 5880K, committed 6016K, reserved 1056768K
  class space    used 521K, capacity 616K, committed 640K, reserved 1048576K
}
Event: 0.667 GC heap before
{Heap before GC invocations=6 (full 0):
 def new generation   total 4928K, used 4660K [0x00000000c0000000, 0x00000000c0550000, 0x00000000d5550000)
  eden space 4416K, 100% used [0x00000000c0000000, 0x00000000c0450000, 0x00000000c0450000)
  from space 512K,  47% used [0x00000000c0450000, 0x00000000c048d118, 0x00000000c04d0000)
  to   space 512K,   0% used [0x00000000c04d0000, 0x00000000c04d0000, 0x00000000c0550000)
 tenured generation   total 10944K, used 1477K [0x00000000d5550000, 0x00000000d6000000, 0x0000000100000000)
   the space 10944K,  13% used [0x00000000d5550000, 0x00000000d56c1568, 0x00000000d56c1600, 0x00000000d6000000)
 Metaspace       used 5143K, capacity 6232K, committed 6400K, reserved 1056768K
  class space    used 631K, capacity 712K, committed 768K, reserved 1048576K
Event: 0.668 GC heap after
Heap after GC invocations=7 (full 0):
 def new generation   total 4928K, used 289K [0x00000000c0000000, 0x00000000c0550000, 0x00000000d5550000)
  eden space 4416K,   0% used [0x00000000c0000000, 0x00000000c0000000, 0x00000000c0450000)
  from space 512K,  56% used [0x00000000c04d0000, 0x00000000c0518648, 0x00000000c0550000)
  to   space 512K,   0% used [0x00000000c0450000, 0x00000000c0450000, 0x00000000c04d0000)
 tenured generation   total 10944K, used 1477K [0x00000000d5550000, 0x00000000d6000000, 0x0000000100000000)
   the space 10944K,  13% used [0x00000000d5550000, 0x00000000d56c1568, 0x00000000d56c1600, 0x00000000d6000000)
 Metaspace       used 5143K, capacity 6232K, committed 6400K, reserved 1056768K
  class space    used 631K, capacity 712K, committed 768K, reserved 1048576K
}
Event: 0.713 GC heap before
{Heap before GC invocations=7 (full 0):
 def new generation   total 4928K, used 4705K [0x00000000c0000000, 0x00000000c0550000, 0x00000000d5550000)
  eden space 4416K, 100% used [0x00000000c0000000, 0x00000000c0450000, 0x00000000c0450000)
  from space 512K,  56% used [0x00000000c04d0000, 0x00000000c0518648, 0x00000000c0550000)
  to   space 512K,   0% used [0x00000000c0450000, 0x00000000c0450000, 0x00000000c04d0000)
 tenured generation   total 10944K, used 1477K [0x00000000d5550000, 0x00000000d6000000, 0x0000000100000000)
   the space 10944K,  13% used [0x00000000d5550000, 0x00000000d56c1568, 0x00000000d56c1600, 0x00000000d6000000)
 Metaspace       used 5470K, capacity 6552K, committed 6784K, reserved 1056768K
  class space    used 744K, capacity 840K, committed 896K, reserved 1048576K
Event: 0.713 GC heap after
Heap after GC invocations=8 (full 0):
 def new generation   total 4928K, used 243K [0x00000000c0000000, 0x00000000c0550000, 0x00000000d5550000)
  eden space 4416K,   0% used [0x00000000c0000000, 0x00000000c0000000, 0x00000000c0450000)
  from space 512K,  47% used [0x00000000c0450000, 0x00000000c048cd00, 0x00000000c04d0000)
  to   space 512K,   0% used [0x00000000c04d0000, 0x00000000c04d0000, 0x00000000c0550000)
 tenured generation   total 10944K, used 1516K [0x00000000d5550000, 0x00000000d6000000, 0x0000000100000000)
   the space 10944K,  13% used [0x00000000d5550000, 0x00000000d56cb068, 0x00000000d56cb200, 0x00000000d6000000)
 Metaspace       used 5470K, capacity 6552K, committed 6784K, reserved 1056768K
  class space    used 744K, capacity 840K, committed 896K, reserved 1048576K
}
Event: 0.757 GC heap before
{Heap before GC invocations=8 (full 0):
 def new generation   total 4928K, used 4659K [0x00000000c0000000, 0x00000000c0550000, 0x00000000d5550000)
  eden space 4416K, 100% used [0x00000000c0000000, 0x00000000c0450000, 0x00000000c0450000)
  from space 512K,  47% used [0x00000000c0450000, 0x00000000c048cd00, 0x00000000c04d0000)
  to   space 512K,   0% used [0x00000000c04d0000, 0x00000000c04d0000, 0x00000000c0550000)
 tenured generation   total 10944K, used 1516K [0x00000000d5550000, 0x00000000d6000000, 0x0000000100000000)
   the space 10944K,  13% used [0x00000000d5550000, 0x00000000d56cb068, 0x00000000d56cb200, 0x00000000d6000000)
 Metaspace       used 5875K, capacity 6840K, committed 7040K, reserved 1056768K
  class space    used 794K, capacity 872K, committed 896K, reserved 1048576K
Event: 0.758 GC heap after
Heap after GC invocations=9 (full 0):
 def new generation   total 4928K, used 323K [0x00000000c0000000, 0x00000000c0550000, 0x00000000d5550000)
  eden space 4416K,   0% used [0x00000000c0000000, 0x00000000c0000000, 0x00000000c0450000)
  from space 512K,  63% used [0x00000000c04d0000, 0x00000000c0520ff8, 0x00000000c0550000)
  to   space 512K,   0% used [0x00000000c0450000, 0x00000000c0450000, 0x00000000c04d0000)
 tenured generation   total 10944K, used 1516K [0x00000000d5550000, 0x00000000d6000000, 0x0000000100000000)
   the space 10944K,  13% used [0x00000000d5550000, 0x00000000d56cb068, 0x00000000d56cb200, 0x00000000d6000000)
 Metaspace       used 5875K, capacity 6840K, committed 7040K, reserved 1056768K
  class space    used 794K, capacity 872K, committed 896K, reserved 1048576K
}
Event: 0.783 GC heap before
{Heap before GC invocations=9 (full 0):
 def new generation   total 4928K, used 4739K [0x00000000c0000000, 0x00000000c0550000, 0x00000000d5550000)
  eden space 4416K, 100% used [0x00000000c0000000, 0x00000000c0450000, 0x00000000c0450000)
  from space 512K,  63% used [0x00000000c04d0000, 0x00000000c0520ff8, 0x00000000c0550000)
  to   space 512K,   0% used [0x00000000c0450000, 0x00000000c0450000, 0x00000000c04d0000)
 tenured generation   total 10944K, used 1516K [0x00000000d5550000, 0x00000000d6000000, 0x0000000100000000)
   the space 10944K,  13% used [0x00000000d5550000, 0x00000000d56cb068, 0x00000000d56cb200, 0x00000000d6000000)
 Metaspace       used 6106K, capacity 7064K, committed 7424K, reserved 1056768K
  class space    used 834K, capacity 904K, committed 1024K, reserved 1048576K
Event: 0.783 GC heap after
Heap after GC invocations=10 (full 0):
 def new generation   total 4928K, used 216K [0x00000000c0000000, 0x00000000c0550000, 0x00000000d5550000)
  eden space 4416K,   0% used [0x00000000c0000000, 0x00000000c0000000, 0x00000000c0450000)
  from space 512K,  42% used [0x00000000c0450000, 0x00000000c0486328, 0x00000000c04d0000)
  to   space 512K,   0% used [0x00000000c04d0000, 0x00000000c04d0000, 0x00000000c0550000)
 tenured generation   total 10944K, used 1595K [0x00000000d5550000, 0x00000000d6000000, 0x0000000100000000)
   the space 10944K,  14% used [0x00000000d5550000, 0x00000000d56ded50, 0x00000000d56dee00, 0x00000000d6000000)
 Metaspace       used 6106K, capacity 7064K, committed 7424K, reserved 1056768K
  class space    used 834K, capacity 904K, committed 1024K, reserved 1048576K
}
Event: 0.854 GC heap before
{Heap before GC invocations=10 (full 0):
 def new generation   total 4928K, used 4624K [0x00000000c0000000, 0x00000000c0550000, 0x00000000d5550000)
  eden space 4416K,  99% used [0x00000000c0000000, 0x00000000c044dcf0, 0x00000000c0450000)
  from space 512K,  42% used [0x00000000c0450000, 0x00000000c0486328, 0x00000000c04d0000)
  to   space 512K,   0% used [0x00000000c04d0000, 0x00000000c04d0000, 0x00000000c0550000)
 tenured generation   total 10944K, used 1595K [0x00000000d5550000, 0x00000000d6000000, 0x0000000100000000)
   the space 10944K,  14% used [0x00000000d5550000, 0x00000000d56ded50, 0x00000000d56dee00, 0x00000000d6000000)
 Metaspace       used 6835K, capacity 7512K, committed 7680K, reserved 1056768K
  class space    used 926K, capacity 968K, committed 1024K, reserved 1048576K
Event: 0.855 GC heap after
Heap after GC invocations=11 (full 0):
 def new generation   total 4928K, used 472K [0x00000000c0000000, 0x00000000c0550000, 0x00000000d5550000)
  eden space 4416K,   0% used [0x00000000c0000000, 0x00000000c0000000, 0x00000000c0450000)
  from space 512K,  92% used [0x00000000c04d0000, 0x00000000c05462f8, 0x00000000c0550000)
  to   space 512K,   0% used [0x00000000c0450000, 0x00000000c0450000, 0x00000000c04d0000)
 tenured generation   total 10944K, used 1595K [0x00000000d5550000, 0x00000000d6000000, 0x0000000100000000)
   the space 10944K,  14% used [0x00000000d5550000, 0x00000000d56ded50, 0x00000000d56dee00, 0x00000000d6000000)
 Metaspace       used 6835K, capacity 7512K, committed 7680K, reserved 1056768K
  class space    used 926K, capacity 968K, committed 1024K, reserved 1048576K
}
Event: 0.970 GC heap before
{Heap before GC invocations=11 (full 0):
 def new generation   total 4928K, used 4888K [0x00000000c0000000, 0x00000000c0550000, 0x00000000d5550000)
  eden space 4416K, 100% used [0x00000000c0000000, 0x00000000c0450000, 0x00000000c0450000)
  from space 512K,  92% used [0x00000000c04d0000, 0x00000000c05462f8, 0x00000000c0550000)
  to   space 512K,   0% used [0x00000000c0450000, 0x00000000c0450000, 0x00000000c04d0000)
 tenured generation   total 10944K, used 1595K [0x00000000d5550000, 0x00000000d6000000, 0x0000000100000000)
   the space 10944K,  14% used [0x00000000d5550000, 0x00000000d56ded50, 0x00000000d56dee00, 0x00000000d6000000)
 Metaspace       used 7683K, capacity 7872K, committed 8064K, reserved 1056768K
  class space    used 1034K, capacity 1072K, committed 1152K, reserved 1048576K
Event: 0.972 GC heap after
Heap after GC invocations=12 (full 0):
 def new generation   total 4928K, used 354K [0x00000000c0000000, 0x00000000c0550000, 0x00000000d5550000)
  eden space 4416K,   0% used [0x00000000c0000000, 0x00000000c0000000, 0x00000000c0450000)
  from space 512K,  69% used [0x00000000c0450000, 0x00000000c04a8898, 0x00000000c04d0000)
  to   space 512K,   0% used [0x00000000c04d0000, 0x00000000c04d0000, 0x00000000c0550000)
 tenured generation   total 10944K, used 1751K [0x00000000d5550000, 0x00000000d6000000, 0x0000000100000000)
   the space 10944K,  16% used [0x00000000d5550000, 0x00000000d5705e48, 0x00000000d5706000, 0x00000000d6000000)
 Metaspace       used 7683K, capacity 7872K, committed 8064K, reserved 1056768K
  class space    used 1034K, capacity 1072K, committed 1152K, reserved 1048576K
}
Event: 1.113 GC heap before
{Heap before GC invocations=12 (full 0):
 def new generation   total 4928K, used 4770K [0x00000000c0000000, 0x00000000c0550000, 0x00000000d5550000)
  eden space 4416K, 100% used [0x00000000c0000000, 0x00000000c0450000, 0x00000000c0450000)
  from space 512K,  69% used [0x00000000c0450000, 0x00000000c04a8898, 0x00000000c04d0000)
  to   space 512K,   0% used [0x00000000c04d0000, 0x00000000c04d0000, 0x00000000c0550000)
 tenured generation   total 10944K, used 1751K [0x00000000d5550000, 0x00000000d6000000, 0x0000000100000000)
   the space 10944K,  16% used [0x00000000d5550000, 0x00000000d5705e48, 0x00000000d5706000, 0x00000000d6000000)
 Metaspace       used 8899K, capacity 9008K, committed 9216K, reserved 1056768K
  class space    used 1179K, capacity 1232K, committed 1280K, reserved 1048576K
Event: 1.115 GC heap after
Heap after GC invocations=13 (full 0):
 def new generation   total 4928K, used 511K [0x00000000c0000000, 0x00000000c0550000, 0x00000000d5550000)
  eden space 4416K,   0% used [0x00000000c0000000, 0x00000000c0000000, 0x00000000c0450000)
  from space 512K,  99% used [0x00000000c04d0000, 0x00000000c054fff8, 0x00000000c0550000)
  to   space 512K,   0% used [0x00000000c0450000, 0x00000000c0450000, 0x00000000c04d0000)
 tenured generation   total 10944K, used 1884K [0x00000000d5550000, 0x00000000d6000000, 0x0000000100000000)
   the space 10944K,  17% used [0x00000000d5550000, 0x00000000d5727168, 0x00000000d5727200, 0x00000000d6000000)
 Metaspace       used 8899K, capacity 9008K, committed 9216K, reserved 1056768K
  class space    used 1179K, capacity 1232K, committed 1280K, reserved 1048576K
}
Event: 1.149 GC heap before
{Heap before GC invocations=13 (full 0):
 def new generation   total 4928K, used 4927K [0x00000000c0000000, 0x00000000c0550000, 0x00000000d5550000)
  eden space 4416K, 100% used [0x00000000c0000000, 0x00000000c0450000, 0x00000000c0450000)
  from space 512K,  99% used [0x00000000c04d0000, 0x00000000c054fff8, 0x00000000c0550000)
  to   space 512K,   0% used [0x00000000c0450000, 0x00000000c0450000, 0x00000000c04d0000)
 tenured generation   total 10944K, used 1884K [0x00000000d5550000, 0x00000000d6000000, 0x0000000100000000)
   the space 10944K,  17% used [0x00000000d5550000, 0x00000000d5727168, 0x00000000d5727200, 0x00000000d6000000)
 Metaspace       used 9066K, capacity 9168K, committed 9216K, reserved 1056768K
  class space    used 1213K, capacity 1264K, committed 1280K, reserved 1048576K
Event: 1.150 GC heap after
Heap after GC invocations=14 (full 0):
 def new generation   total 4928K, used 142K [0x00000000c0000000, 0x00000000c0550000, 0x00000000d5550000)
  eden space 4416K,   0% used [0x00000000c0000000, 0x00000000c0000000, 0x00000000c0450000)
  from space 512K,  27% used [0x00000000c0450000, 0x00000000c0473bf0, 0x00000000c04d0000)
  to   space 512K,   0% used [0x00000000c04d0000, 0x00000000c04d0000, 0x00000000c0550000)
 tenured generation   total 10944K, used 2265K [0x00000000d5550000, 0x00000000d6000000, 0x0000000100000000)
   the space 10944K,  20% used [0x00000000d5550000, 0x00000000d5786528, 0x00000000d5786600, 0x00000000d6000000)
 Metaspace       used 9066K, capacity 9168K, committed 9216K, reserved 1056768K
  class space    used 1213K, capacity 1264K, committed 1280K, reserved 1048576K
}
Event: 1.206 GC heap before
{Heap before GC invocations=14 (full 0):
 def new generation   total 4928K, used 4558K [0x00000000c0000000, 0x00000000c0550000, 0x00000000d5550000)
  eden space 4416K, 100% used [0x00000000c0000000, 0x00000000c0450000, 0x00000000c0450000)
  from space 512K,  27% used [0x00000000c0450000, 0x00000000c0473bf0, 0x00000000c04d0000)
  to   space 512K,   0% used [0x00000000c04d0000, 0x00000000c04d0000, 0x00000000c0550000)
 tenured generation   total 10944K, used 2265K [0x00000000d5550000, 0x00000000d6000000, 0x0000000100000000)
   the space 10944K,  20% used [0x00000000d5550000, 0x00000000d5786528, 0x00000000d5786600, 0x00000000d6000000)
 Metaspace       used 9309K, capacity 9392K, committed 9600K, reserved 1056768K
  class space    used 1258K, capacity 1296K, committed 1408K, reserved 1048576K
Event: 1.207 GC heap after
Heap after GC invocations=15 (full 0):
 def new generation   total 4928K, used 254K [0x00000000c0000000, 0x00000000c0550000, 0x00000000d5550000)
  eden space 4416K,   0% used [0x00000000c0000000, 0x00000000c0000000, 0x00000000c0450000)
  from space 512K,  49% used [0x00000000c04d0000, 0x00000000c050fb88, 0x00000000c0550000)
  to   space 512K,   0% used [0x00000000c0450000, 0x00000000c0450000, 0x00000000c04d0000)
 tenured generation   total 10944K, used 2265K [0x00000000d5550000, 0x00000000d6000000, 0x0000000100000000)
   the space 10944K,  20% used [0x00000000d5550000, 0x00000000d5786528, 0x00000000d5786600, 0x00000000d6000000)
 Metaspace       used 9309K, capacity 9392K, committed 9600K, reserved 1056768K
  class space    used 1258K, capacity 1296K, committed 1408K, reserved 1048576K
}
Event: 1.258 GC heap before
{Heap before GC invocations=15 (full 0):
 def new generation   total 4928K, used 4670K [0x00000000c0000000, 0x00000000c0550000, 0x00000000d5550000)
  eden space 4416K, 100% used [0x00000000c0000000, 0x00000000c0450000, 0x00000000c0450000)
  from space 512K,  49% used [0x00000000c04d0000, 0x00000000c050fb88, 0x00000000c0550000)
  to   space 512K,   0% used [0x00000000c0450000, 0x00000000c0450000, 0x00000000c04d0000)
 tenured generation   total 10944K, used 2265K [0x00000000d5550000, 0x00000000d6000000, 0x0000000100000000)
   the space 10944K,  20% used [0x00000000d5550000, 0x00000000d5786528, 0x00000000d5786600, 0x00000000d6000000)
 Metaspace       used 9562K, capacity 9680K, committed 9856K, reserved 1058816K
  class space    used 1282K, capacity 1328K, committed 1408K, reserved 1048576K
Event: 1.259 GC heap after
Heap after GC invocations=16 (full 0):
 def new generation   total 4928K, used 379K [0x00000000c0000000, 0x00000000c0550000, 0x00000000d5550000)
  eden space 4416K,   0% used [0x00000000c0000000, 0x00000000c0000000, 0x00000000c0450000)
  from space 512K,  74% used [0x00000000c0450000, 0x00000000c04aec98, 0x00000000c04d0000)
  to   space 512K,   0% used [0x00000000c04d0000, 0x00000000c04d0000, 0x00000000c0550000)
 tenured generation   total 10944K, used 2265K [0x00000000d5550000, 0x00000000d6000000, 0x0000000100000000)
   the space 10944K,  20% used [0x00000000d5550000, 0x00000000d5786528, 0x00000000d5786600, 0x00000000d6000000)
 Metaspace       used 9562K, capacity 9680K, committed 9856K, reserved 1058816K
  class space    used 1282K, capacity 1328K, committed 1408K, reserved 1048576K
}
Event: 1.308 GC heap before
{Heap before GC invocations=16 (full 0):
 def new generation   total 4928K, used 4795K [0x00000000c0000000, 0x00000000c0550000, 0x00000000d5550000)
  eden space 4416K, 100% used [0x00000000c0000000, 0x00000000c0450000, 0x00000000c0450000)
  from space 512K,  74% used [0x00000000c0450000, 0x00000000c04aec98, 0x00000000c04d0000)
  to   space 512K,   0% used [0x00000000c04d0000, 0x00000000c04d0000, 0x00000000c0550000)
 tenured generation   total 10944K, used 2265K [0x00000000d5550000, 0x00000000d6000000, 0x0000000100000000)
   the space 10944K,  20% used [0x00000000d5550000, 0x00000000d5786528, 0x00000000d5786600, 0x00000000d6000000)
 Metaspace       used 9888K, capacity 9968K, committed 10112K, reserved 1058816K
  class space    used 1318K, capacity 1360K, committed 1408K, reserved 1048576K
Event: 1.309 GC heap after
Heap after GC invocations=17 (full 0):
 def new generation   total 4928K, used 260K [0x00000000c0000000, 0x00000000c0550000, 0x00000000d5550000)
  eden space 4416K,   0% used [0x00000000c0000000, 0x00000000c0000000, 0x00000000c0450000)
  from space 512K,  50% used [0x00000000c04d0000, 0x00000000c0511258, 0x00000000c0550000)
  to   space 512K,   0% used [0x00000000c0450000, 0x00000000c0450000, 0x00000000c04d0000)
 tenured generation   total 10944K, used 2367K [0x00000000d5550000, 0x00000000d6000000, 0x0000000100000000)
   the space 10944K,  21% used [0x00000000d5550000, 0x00000000d579fd28, 0x00000000d579fe00, 0x00000000d6000000)
 Metaspace       used 9888K, capacity 9968K, committed 10112K, reserved 1058816K
  class space    used 1318K, capacity 1360K, committed 1408K, reserved 1048576K
}
Event: 1.342 GC heap before
{Heap before GC invocations=17 (full 0):
 def new generation   total 4928K, used 4676K [0x00000000c0000000, 0x00000000c0550000, 0x00000000d5550000)
  eden space 4416K, 100% used [0x00000000c0000000, 0x00000000c0450000, 0x00000000c0450000)
  from space 512K,  50% used [0x00000000c04d0000, 0x00000000c0511258, 0x00000000c0550000)
  to   space 512K,   0% used [0x00000000c0450000, 0x00000000c0450000, 0x00000000c04d0000)
 tenured generation   total 10944K, used 2367K [0x00000000d5550000, 0x00000000d6000000, 0x0000000100000000)
   the space 10944K,  21% used [0x00000000d5550000, 0x00000000d579fd28, 0x00000000d579fe00, 0x00000000d6000000)
 Metaspace       used 10188K, capacity 10256K, committed 10368K, reserved 1058816K
  class space    used 1366K, capacity 1392K, committed 1408K, reserved 1048576K
Event: 1.342 GC heap after
Heap after GC invocations=18 (full 0):
 def new generation   total 4928K, used 336K [0x00000000c0000000, 0x00000000c0550000, 0x00000000d5550000)
  eden space 4416K,   0% used [0x00000000c0000000, 0x00000000c0000000, 0x00000000c0450000)
  from space 512K,  65% used [0x00000000c0450000, 0x00000000c04a42c0, 0x00000000c04d0000)
  to   space 512K,   0% used [0x00000000c04d0000, 0x00000000c04d0000, 0x00000000c0550000)
 tenured generation   total 10944K, used 2414K [0x00000000d5550000, 0x00000000d6000000, 0x0000000100000000)
   the space 10944K,  22% used [0x00000000d5550000, 0x00000000d57aba38, 0x00000000d57abc00, 0x00000000d6000000)
 Metaspace       used 10188K, capacity 10256K, committed 10368K, reserved 1058816K
  class space    used 1366K, capacity 1392K, committed 1408K, reserved 1048576K
}
Event: 1.375 GC heap before
{Heap before GC invocations=18 (full 0):
 def new generation   total 4928K, used 4752K [0x00000000c0000000, 0x00000000c0550000, 0x00000000d5550000)
  eden space 4416K, 100% used [0x00000000c0000000, 0x00000000c0450000, 0x00000000c0450000)
  from space 512K,  65% used [0x00000000c0450000, 0x00000000c04a42c0, 0x00000000c04d0000)
  to   space 512K,   0% used [0x00000000c04d0000, 0x00000000c04d0000, 0x00000000c0550000)
 tenured generation   total 10944K, used 2414K [0x00000000d5550000, 0x00000000d6000000, 0x0000000100000000)
   the space 10944K,  22% used [0x00000000d5550000, 0x00000000d57aba38, 0x00000000d57abc00, 0x00000000d6000000)
 Metaspace       used 10353K, capacity 10416K, committed 10752K, reserved 1058816K
  class space    used 1402K, capacity 1424K, committed 1536K, reserved 1048576K
Event: 1.376 GC heap after
Heap after GC invocations=19 (full 0):
 def new generation   total 4928K, used 165K [0x00000000c0000000, 0x00000000c0550000, 0x00000000d5550000)
  eden space 4416K,   0% used [0x00000000c0000000, 0x00000000c0000000, 0x00000000c0450000)
  from space 512K,  32% used [0x00000000c04d0000, 0x00000000c04f9470, 0x00000000c0550000)
  to   space 512K,   0% used [0x00000000c0450000, 0x00000000c0450000, 0x00000000c04d0000)
 tenured generation   total 10944K, used 2437K [0x00000000d5550000, 0x00000000d6000000, 0x0000000100000000)
   the space 10944K,  22% used [0x00000000d5550000, 0x00000000d57b1750, 0x00000000d57b1800, 0x00000000d6000000)
 Metaspace       used 10353K, capacity 10416K, committed 10752K, reserved 1058816K
  class space    used 1402K, capacity 1424K, committed 1536K, reserved 1048576K
}
Event: 1.458 GC heap before
{Heap before GC invocations=19 (full 0):
 def new generation   total 4928K, used 4581K [0x00000000c0000000, 0x00000000c0550000, 0x00000000d5550000)
  eden space 4416K, 100% used [0x00000000c0000000, 0x00000000c0450000, 0x00000000c0450000)
  from space 512K,  32% used [0x00000000c04d0000, 0x00000000c04f9470, 0x00000000c0550000)
  to   space 512K,   0% used [0x00000000c0450000, 0x00000000c0450000, 0x00000000c04d0000)
 tenured generation   total 10944K, used 2437K [0x00000000d5550000, 0x00000000d6000000, 0x0000000100000000)
   the space 10944K,  22% used [0x00000000d5550000, 0x00000000d57b1750, 0x00000000d57b1800, 0x00000000d6000000)
 Metaspace       used 10764K, capacity 10864K, committed 11008K, reserved 1058816K
  class space    used 1451K, capacity 1488K, committed 1536K, reserved 1048576K
Event: 1.459 GC heap after
Heap after GC invocations=20 (full 0):
 def new generation   total 4928K, used 314K [0x00000000c0000000, 0x00000000c0550000, 0x00000000d5550000)
  eden space 4416K,   0% used [0x00000000c0000000, 0x00000000c0000000, 0x00000000c0450000)
  from space 512K,  61% used [0x00000000c0450000, 0x00000000c049eb08, 0x00000000c04d0000)
  to   space 512K,   0% used [0x00000000c04d0000, 0x00000000c04d0000, 0x00000000c0550000)
 tenured generation   total 10944K, used 2437K [0x00000000d5550000, 0x00000000d6000000, 0x0000000100000000)
   the space 10944K,  22% used [0x00000000d5550000, 0x00000000d57b1750, 0x00000000d57b1800, 0x00000000d6000000)
 Metaspace       used 10764K, capacity 10864K, committed 11008K, reserved 1058816K
  class space    used 1451K, capacity 1488K, committed 1536K, reserved 1048576K
}
Event: 1.516 GC heap before
{Heap before GC invocations=20 (full 0):
 def new generation   total 4928K, used 4730K [0x00000000c0000000, 0x00000000c0550000, 0x00000000d5550000)
  eden space 4416K, 100% used [0x00000000c0000000, 0x00000000c0450000, 0x00000000c0450000)
  from space 512K,  61% used [0x00000000c0450000, 0x00000000c049eb08, 0x00000000c04d0000)
  to   space 512K,   0% used [0x00000000c04d0000, 0x00000000c04d0000, 0x00000000c0550000)
 tenured generation   total 10944K, used 2437K [0x00000000d5550000, 0x00000000d6000000, 0x0000000100000000)
   the space 10944K,  22% used [0x00000000d5550000, 0x00000000d57b1750, 0x00000000d57b1800, 0x00000000d6000000)
 Metaspace       used 11230K, capacity 11344K, committed 11520K, reserved 1058816K
  class space    used 1500K, capacity 1520K, committed 1536K, reserved 1048576K
Event: 1.517 GC heap after
Heap after GC invocations=21 (full 0):
 def new generation   total 4928K, used 385K [0x00000000c0000000, 0x00000000c0550000, 0x00000000d5550000)
  eden space 4416K,   0% used [0x00000000c0000000, 0x00000000c0000000, 0x00000000c0450000)
  from space 512K,  75% used [0x00000000c04d0000, 0x00000000c0530418, 0x00000000c0550000)
  to   space 512K,   0% used [0x00000000c0450000, 0x00000000c0450000, 0x00000000c04d0000)
 tenured generation   total 10944K, used 2576K [0x00000000d5550000, 0x00000000d6000000, 0x0000000100000000)
   the space 10944K,  23% used [0x00000000d5550000, 0x00000000d57d4130, 0x00000000d57d4200, 0x00000000d6000000)
 Metaspace       used 11230K, capacity 11344K, committed 11520K, reserved 1058816K
  class space    used 1500K, capacity 1520K, committed 1536K, reserved 1048576K
}
Event: 1.535 GC heap before
{Heap before GC invocations=21 (full 0):
 def new generation   total 4928K, used 4801K [0x00000000c0000000, 0x00000000c0550000, 0x00000000d5550000)
  eden space 4416K, 100% used [0x00000000c0000000, 0x00000000c0450000, 0x00000000c0450000)
  from space 512K,  75% used [0x00000000c04d0000, 0x00000000c0530418, 0x00000000c0550000)
  to   space 512K,   0% used [0x00000000c0450000, 0x00000000c0450000, 0x00000000c04d0000)
 tenured generation   total 10944K, used 2576K [0x00000000d5550000, 0x00000000d6000000, 0x0000000100000000)
   the space 10944K,  23% used [0x00000000d5550000, 0x00000000d57d4130, 0x00000000d57d4200, 0x00000000d6000000)
 Metaspace       used 11460K, capacity 11536K, committed 11648K, reserved 1058816K
  class space    used 1540K, capacity 1584K, committed 1664K, reserved 1048576K
Event: 1.536 GC heap after
Heap after GC invocations=22 (full 0):
 def new generation   total 4928K, used 222K [0x00000000c0000000, 0x00000000c0550000, 0x00000000d5550000)
  eden space 4416K,   0% used [0x00000000c0000000, 0x00000000c0000000, 0x00000000c0450000)
  from space 512K,  43% used [0x00000000c0450000, 0x00000000c0487b70, 0x00000000c04d0000)
  to   space 512K,   0% used [0x00000000c04d0000, 0x00000000c04d0000, 0x00000000c0550000)
 tenured generation   total 10944K, used 2649K [0x00000000d5550000, 0x00000000d6000000, 0x0000000100000000)
   the space 10944K,  24% used [0x00000000d5550000, 0x00000000d57e6570, 0x00000000d57e6600, 0x00000000d6000000)
 Metaspace       used 11460K, capacity 11536K, committed 11648K, reserved 1058816K
  class space    used 1540K, capacity 1584K, committed 1664K, reserved 1048576K
}
Event: 1.582 GC heap before
{Heap before GC invocations=22 (full 0):
 def new generation   total 4928K, used 4638K [0x00000000c0000000, 0x00000000c0550000, 0x00000000d5550000)
  eden space 4416K, 100% used [0x00000000c0000000, 0x00000000c0450000, 0x00000000c0450000)
  from space 512K,  43% used [0x00000000c0450000, 0x00000000c0487b70, 0x00000000c04d0000)
  to   space 512K,   0% used [0x00000000c04d0000, 0x00000000c04d0000, 0x00000000c0550000)
 tenured generation   total 10944K, used 2649K [0x00000000d5550000, 0x00000000d6000000, 0x0000000100000000)
   the space 10944K,  24% used [0x00000000d5550000, 0x00000000d57e6570, 0x00000000d57e6600, 0x00000000d6000000)
 Metaspace       used 11750K, capacity 11888K, committed 12160K, reserved 1060864K
  class space    used 1590K, capacity 1616K, committed 1664K, reserved 1048576K
Event: 1.583 GC heap after
Heap after GC invocations=23 (full 0):
 def new generation   total 4928K, used 312K [0x00000000c0000000, 0x00000000c0550000, 0x00000000d5550000)
  eden space 4416K,   0% used [0x00000000c0000000, 0x00000000c0000000, 0x00000000c0450000)
  from space 512K,  61% used [0x00000000c04d0000, 0x00000000c051e398, 0x00000000c0550000)
  to   space 512K,   0% used [0x00000000c0450000, 0x00000000c0450000, 0x00000000c04d0000)
 tenured generation   total 10944K, used 2649K [0x00000000d5550000, 0x00000000d6000000, 0x0000000100000000)
   the space 10944K,  24% used [0x00000000d5550000, 0x00000000d57e6570, 0x00000000d57e6600, 0x00000000d6000000)
 Metaspace       used 11750K, capacity 11888K, committed 12160K, reserved 1060864K
  class space    used 1590K, capacity 1616K, committed 1664K, reserved 1048576K
}
Event: 1.631 GC heap before
{Heap before GC invocations=23 (full 0):
 def new generation   total 4928K, used 4728K [0x00000000c0000000, 0x00000000c0550000, 0x00000000d5550000)
  eden space 4416K, 100% used [0x00000000c0000000, 0x00000000c0450000, 0x00000000c0450000)
  from space 512K,  61% used [0x00000000c04d0000, 0x00000000c051e398, 0x00000000c0550000)
  to   space 512K,   0% used [0x00000000c0450000, 0x00000000c0450000, 0x00000000c04d0000)
 tenured generation   total 10944K, used 2649K [0x00000000d5550000, 0x00000000d6000000, 0x0000000100000000)
   the space 10944K,  24% used [0x00000000d5550000, 0x00000000d57e6570, 0x00000000d57e6600, 0x00000000d6000000)
 Metaspace       used 12043K, capacity 12176K, committed 12288K, reserved 1060864K
  class space    used 1698K, capacity 1712K, committed 1792K, reserved 1048576K
Event: 1.632 GC heap after
Heap after GC invocations=24 (full 0):
 def new generation   total 4928K, used 225K [0x00000000c0000000, 0x00000000c0550000, 0x00000000d5550000)
  eden space 4416K,   0% used [0x00000000c0000000, 0x00000000c0000000, 0x00000000c0450000)
  from space 512K,  44% used [0x00000000c0450000, 0x00000000c0488798, 0x00000000c04d0000)
  to   space 512K,   0% used [0x00000000c04d0000, 0x00000000c04d0000, 0x00000000c0550000)
 tenured generation   total 10944K, used 2712K [0x00000000d5550000, 0x00000000d6000000, 0x0000000100000000)
   the space 10944K,  24% used [0x00000000d5550000, 0x00000000d57f6000, 0x00000000d57f6000, 0x00000000d6000000)
 Metaspace       used 12043K, capacity 12176K, committed 12288K, reserved 1060864K
  class space    used 1698K, capacity 1712K, committed 1792K, reserved 1048576K
}
Event: 1.682 GC heap before
{Heap before GC invocations=24 (full 0):
 def new generation   total 4928K, used 4641K [0x00000000c0000000, 0x00000000c0550000, 0x00000000d5550000)
  eden space 4416K, 100% used [0x00000000c0000000, 0x00000000c0450000, 0x00000000c0450000)
  from space 512K,  44% used [0x00000000c0450000, 0x00000000c0488798, 0x00000000c04d0000)
  to   space 512K,   0% used [0x00000000c04d0000, 0x00000000c04d0000, 0x00000000c0550000)
 tenured generation   total 10944K, used 2712K [0x00000000d5550000, 0x00000000d6000000, 0x0000000100000000)
   the space 10944K,  24% used [0x00000000d5550000, 0x00000000d57f6000, 0x00000000d57f6000, 0x00000000d6000000)
 Metaspace       used 12423K, capacity 12528K, committed 12672K, reserved 1060864K
  class space    used 1751K, capacity 1808K, committed 1920K, reserved 1048576K
Event: 1.684 GC heap after
Heap after GC invocations=25 (full 0):
 def new generation   total 4928K, used 396K [0x00000000c0000000, 0x00000000c0550000, 0x00000000d5550000)
  eden space 4416K,   0% used [0x00000000c0000000, 0x00000000c0000000, 0x00000000c0450000)
  from space 512K,  77% used [0x00000000c04d0000, 0x00000000c05330d8, 0x00000000c0550000)
  to   space 512K,   0% used [0x00000000c0450000, 0x00000000c0450000, 0x00000000c04d0000)
 tenured generation   total 10944K, used 2712K [0x00000000d5550000, 0x00000000d6000000, 0x0000000100000000)
   the space 10944K,  24% used [0x00000000d5550000, 0x00000000d57f6000, 0x00000000d57f6000, 0x00000000d6000000)
 Metaspace       used 12423K, capacity 12528K, committed 12672K, reserved 1060864K
  class space    used 1751K, capacity 1808K, committed 1920K, reserved 1048576K
}
Event: 1.716 GC heap before
{Heap before GC invocations=25 (full 0):
 def new generation   total 4928K, used 4812K [0x00000000c0000000, 0x00000000c0550000, 0x00000000d5550000)
  eden space 4416K, 100% used [0x00000000c0000000, 0x00000000c0450000, 0x00000000c0450000)
  from space 512K,  77% used [0x00000000c04d0000, 0x00000000c05330d8, 0x00000000c0550000)
  to   space 512K,   0% used [0x00000000c0450000, 0x00000000c0450000, 0x00000000c04d0000)
 tenured generation   total 10944K, used 2712K [0x00000000d5550000, 0x00000000d6000000, 0x0000000100000000)
   the space 10944K,  24% used [0x00000000d5550000, 0x00000000d57f6000, 0x00000000d57f6000, 0x00000000d6000000)
 Metaspace       used 12751K, capacity 12816K, committed 12928K, reserved 1060864K
  class space    used 1793K, capacity 1840K, committed 1920K, reserved 1048576K
Event: 1.717 GC heap after
Heap after GC invocations=26 (full 0):
 def new generation   total 4928K, used 294K [0x00000000c0000000, 0x00000000c0550000, 0x00000000d5550000)
  eden space 4416K,   0% used [0x00000000c0000000, 0x00000000c0000000, 0x00000000c0450000)
  from space 512K,  57% used [0x00000000c0450000, 0x00000000c04998a8, 0x00000000c04d0000)
  to   space 512K,   0% used [0x00000000c04d0000, 0x00000000c04d0000, 0x00000000c0550000)
 tenured generation   total 10944K, used 2818K [0x00000000d5550000, 0x00000000d6000000, 0x0000000100000000)
   the space 10944K,  25% used [0x00000000d5550000, 0x00000000d5810840, 0x00000000d5810a00, 0x00000000d6000000)
 Metaspace       used 12751K, capacity 12816K, committed 12928K, reserved 1060864K
  class space    used 1793K, capacity 1840K, committed 1920K, reserved 1048576K
}
Event: 1.750 GC heap before
{Heap before GC invocations=26 (full 0):
 def new generation   total 4928K, used 4710K [0x00000000c0000000, 0x00000000c0550000, 0x00000000d5550000)
  eden space 4416K, 100% used [0x00000000c0000000, 0x00000000c0450000, 0x00000000c0450000)
  from space 512K,  57% used [0x00000000c0450000, 0x00000000c04998a8, 0x00000000c04d0000)
  to   space 512K,   0% used [0x00000000c04d0000, 0x00000000c04d0000, 0x00000000c0550000)
 tenured generation   total 10944K, used 2818K [0x00000000d5550000, 0x00000000d6000000, 0x0000000100000000)
   the space 10944K,  25% used [0x00000000d5550000, 0x00000000d5810840, 0x00000000d5810a00, 0x00000000d6000000)
 Metaspace       used 12984K, capacity 13040K, committed 13184K, reserved 1060864K
  class space    used 1826K, capacity 1872K, committed 1920K, reserved 1048576K
Event: 1.751 GC heap after
Heap after GC invocations=27 (full 0):
 def new generation   total 4928K, used 184K [0x00000000c0000000, 0x00000000c0550000, 0x00000000d5550000)
  eden space 4416K,   0% used [0x00000000c0000000, 0x00000000c0000000, 0x00000000c0450000)
  from space 512K,  36% used [0x00000000c04d0000, 0x00000000c04fe348, 0x00000000c0550000)
  to   space 512K,   0% used [0x00000000c0450000, 0x00000000c0450000, 0x00000000c04d0000)
 tenured generation   total 10944K, used 2847K [0x00000000d5550000, 0x00000000d6000000, 0x0000000100000000)
   the space 10944K,  26% used [0x00000000d5550000, 0x00000000d5817f48, 0x00000000d5818000, 0x00000000d6000000)
 Metaspace       used 12984K, capacity 13040K, committed 13184K, reserved 1060864K
  class space    used 1826K, capacity 1872K, committed 1920K, reserved 1048576K
}
Event: 1.828 GC heap before
{Heap before GC invocations=27 (full 0):
 def new generation   total 4928K, used 4600K [0x00000000c0000000, 0x00000000c0550000, 0x00000000d5550000)
  eden space 4416K, 100% used [0x00000000c0000000, 0x00000000c0450000, 0x00000000c0450000)
  from space 512K,  36% used [0x00000000c04d0000, 0x00000000c04fe348, 0x00000000c0550000)
  to   space 512K,   0% used [0x00000000c0450000, 0x00000000c0450000, 0x00000000c04d0000)
 tenured generation   total 10944K, used 2847K [0x00000000d5550000, 0x00000000d6000000, 0x0000000100000000)
   the space 10944K,  26% used [0x00000000d5550000, 0x00000000d5817f48, 0x00000000d5818000, 0x00000000d6000000)
 Metaspace       used 13371K, capacity 13488K, committed 13824K, reserved 1060864K
  class space    used 1891K, capacity 1936K, committed 2048K, reserved 1048576K
Event: 1.830 GC heap after
Heap after GC invocations=28 (full 0):
 def new generation   total 4928K, used 511K [0x00000000c0000000, 0x00000000c0550000, 0x00000000d5550000)
  eden space 4416K,   0% used [0x00000000c0000000, 0x00000000c0000000, 0x00000000c0450000)
  from space 512K,  99% used [0x00000000c0450000, 0x00000000c04cfff8, 0x00000000c04d0000)
  to   space 512K,   0% used [0x00000000c04d0000, 0x00000000c04d0000, 0x00000000c0550000)
 tenured generation   total 10944K, used 2975K [0x00000000d5550000, 0x00000000d6000000, 0x0000000100000000)
   the space 10944K,  27% used [0x00000000d5550000, 0x00000000d5837ff0, 0x00000000d5838000, 0x00000000d6000000)
 Metaspace       used 13371K, capacity 13488K, committed 13824K, reserved 1060864K
  class space    used 1891K, capacity 1936K, committed 2048K, reserved 1048576K
}
Event: 1.912 GC heap before
{Heap before GC invocations=28 (full 0):
 def new generation   total 4928K, used 4927K [0x00000000c0000000, 0x00000000c0550000, 0x00000000d5550000)
  eden space 4416K, 100% used [0x00000000c0000000, 0x00000000c0450000, 0x00000000c0450000)
  from space 512K,  99% used [0x00000000c0450000, 0x00000000c04cfff8, 0x00000000c04d0000)
  to   space 512K,   0% used [0x00000000c04d0000, 0x00000000c04d0000, 0x00000000c0550000)
 tenured generation   total 10944K, used 2975K [0x00000000d5550000, 0x00000000d6000000, 0x0000000100000000)
   the space 10944K,  27% used [0x00000000d5550000, 0x00000000d5837ff0, 0x00000000d5838000, 0x00000000d6000000)
 Metaspace       used 13942K, capacity 14000K, committed 14080K, reserved 1060864K
  class space    used 1961K, capacity 2000K, committed 2048K, reserved 1048576K
Event: 1.915 GC heap after
Heap after GC invocations=29 (full 0):
 def new generation   total 4928K, used 412K [0x00000000c0000000, 0x00000000c0550000, 0x00000000d5550000)
  eden space 4416K,   0% used [0x00000000c0000000, 0x00000000c0000000, 0x00000000c0450000)
  from space 512K,  80% used [0x00000000c04d0000, 0x00000000c0537258, 0x00000000c0550000)
  to   space 512K,   0% used [0x00000000c0450000, 0x00000000c0450000, 0x00000000c04d0000)
 tenured generation   total 10944K, used 3258K [0x00000000d5550000, 0x00000000d6000000, 0x0000000100000000)
   the space 10944K,  29% used [0x00000000d5550000, 0x00000000d587e890, 0x00000000d587ea00, 0x00000000d6000000)
 Metaspace       used 13942K, capacity 14000K, committed 14080K, reserved 1060864K
  class space    used 1961K, capacity 2000K, committed 2048K, reserved 1048576K
}
Event: 1.955 GC heap before
{Heap before GC invocations=29 (full 0):
 def new generation   total 4928K, used 4828K [0x00000000c0000000, 0x00000000c0550000, 0x00000000d5550000)
  eden space 4416K, 100% used [0x00000000c0000000, 0x00000000c0450000, 0x00000000c0450000)
  from space 512K,  80% used [0x00000000c04d0000, 0x00000000c0537258, 0x00000000c0550000)
  to   space 512K,   0% used [0x00000000c0450000, 0x00000000c0450000, 0x00000000c04d0000)
 tenured generation   total 10944K, used 3258K [0x00000000d5550000, 0x00000000d6000000, 0x0000000100000000)
   the space 10944K,  29% used [0x00000000d5550000, 0x00000000d587e890, 0x00000000d587ea00, 0x00000000d6000000)
 Metaspace       used 14245K, capacity 14352K, committed 14592K, reserved 1062912K
  class space    used 1999K, capacity 2032K, committed 2048K, reserved 1048576K
Event: 1.957 GC heap after
Heap after GC invocations=30 (full 0):
 def new generation   total 4928K, used 315K [0x00000000c0000000, 0x00000000c0550000, 0x00000000d5550000)
  eden space 4416K,   0% used [0x00000000c0000000, 0x00000000c0000000, 0x00000000c0450000)
  from space 512K,  61% used [0x00000000c0450000, 0x00000000c049ee70, 0x00000000c04d0000)
  to   space 512K,   0% used [0x00000000c04d0000, 0x00000000c04d0000, 0x00000000c0550000)
 tenured generation   total 10944K, used 3429K [0x00000000d5550000, 0x00000000d6000000, 0x0000000100000000)
   the space 10944K,  31% used [0x00000000d5550000, 0x00000000d58a9618, 0x00000000d58a9800, 0x00000000d6000000)
 Metaspace       used 14245K, capacity 14352K, committed 14592K, reserved 1062912K
  class space    used 1999K, capacity 2032K, committed 2048K, reserved 1048576K
}
Event: 2.040 GC heap before
{Heap before GC invocations=30 (full 0):
 def new generation   total 4928K, used 4731K [0x00000000c0000000, 0x00000000c0550000, 0x00000000d5550000)
  eden space 4416K, 100% used [0x00000000c0000000, 0x00000000c0450000, 0x00000000c0450000)
  from space 512K,  61% used [0x00000000c0450000, 0x00000000c049ee70, 0x00000000c04d0000)
  to   space 512K,   0% used [0x00000000c04d0000, 0x00000000c04d0000, 0x00000000c0550000)
 tenured generation   total 10944K, used 3429K [0x00000000d5550000, 0x00000000d6000000, 0x0000000100000000)
   the space 10944K,  31% used [0x00000000d5550000, 0x00000000d58a9618, 0x00000000d58a9800, 0x00000000d6000000)
 Metaspace       used 14891K, capacity 15024K, committed 15232K, reserved 1062912K
  class space    used 2076K, capacity 2128K, committed 2176K, reserved 1048576K
Event: 2.042 GC heap after
Heap after GC invocations=31 (full 0):
 def new generation   total 4928K, used 420K [0x00000000c0000000, 0x00000000c0550000, 0x00000000d5550000)
  eden space 4416K,   0% used [0x00000000c0000000, 0x00000000c0000000, 0x00000000c0450000)
  from space 512K,  82% used [0x00000000c04d0000, 0x00000000c05390a8, 0x00000000c0550000)
  to   space 512K,   0% used [0x00000000c0450000, 0x00000000c0450000, 0x00000000c04d0000)
 tenured generation   total 10944K, used 3472K [0x00000000d5550000, 0x00000000d6000000, 0x0000000100000000)
   the space 10944K,  31% used [0x00000000d5550000, 0x00000000d58b4008, 0x00000000d58b4200, 0x00000000d6000000)
 Metaspace       used 14891K, capacity 15024K, committed 15232K, reserved 1062912K
  class space    used 2076K, capacity 2128K, committed 2176K, reserved 1048576K
}
Event: 2.151 GC heap before
{Heap before GC invocations=31 (full 0):
 def new generation   total 4928K, used 4836K [0x00000000c0000000, 0x00000000c0550000, 0x00000000d5550000)
  eden space 4416K, 100% used [0x00000000c0000000, 0x00000000c0450000, 0x00000000c0450000)
  from space 512K,  82% used [0x00000000c04d0000, 0x00000000c05390a8, 0x00000000c0550000)
  to   space 512K,   0% used [0x00000000c0450000, 0x00000000c0450000, 0x00000000c04d0000)
 tenured generation   total 10944K, used 3472K [0x00000000d5550000, 0x00000000d6000000, 0x0000000100000000)
   the space 10944K,  31% used [0x00000000d5550000, 0x00000000d58b4008, 0x00000000d58b4200, 0x00000000d6000000)
 Metaspace       used 15120K, capacity 15216K, committed 15488K, reserved 1062912K
  class space    used 2097K, capacity 2128K, committed 2176K, reserved 1048576K
Event: 2.152 GC heap after
Heap after GC invocations=32 (full 0):
 def new generation   total 4928K, used 321K [0x00000000c0000000, 0x00000000c0550000, 0x00000000d5550000)
  eden space 4416K,   0% used [0x00000000c0000000, 0x00000000c0000000, 0x00000000c0450000)
  from space 512K,  62% used [0x00000000c0450000, 0x00000000c04a0720, 0x00000000c04d0000)
  to   space 512K,   0% used [0x00000000c04d0000, 0x00000000c04d0000, 0x00000000c0550000)
 tenured generation   total 10944K, used 3561K [0x00000000d5550000, 0x00000000d6000000, 0x0000000100000000)
   the space 10944K,  32% used [0x00000000d5550000, 0x00000000d58ca6e0, 0x00000000d58ca800, 0x00000000d6000000)
 Metaspace       used 15120K, capacity 15216K, committed 15488K, reserved 1062912K
  class space    used 2097K, capacity 2128K, committed 2176K, reserved 1048576K
}
Event: 2.341 GC heap before
{Heap before GC invocations=32 (full 0):
 def new generation   total 4928K, used 4737K [0x00000000c0000000, 0x00000000c0550000, 0x00000000d5550000)
  eden space 4416K, 100% used [0x00000000c0000000, 0x00000000c0450000, 0x00000000c0450000)
  from space 512K,  62% used [0x00000000c0450000, 0x00000000c04a0720, 0x00000000c04d0000)
  to   space 512K,   0% used [0x00000000c04d0000, 0x00000000c04d0000, 0x00000000c0550000)
 tenured generation   total 10944K, used 3561K [0x00000000d5550000, 0x00000000d6000000, 0x0000000100000000)
   the space 10944K,  32% used [0x00000000d5550000, 0x00000000d58ca6e0, 0x00000000d58ca800, 0x00000000d6000000)
 Metaspace       used 16577K, capacity 16816K, committed 17024K, reserved 1064960K
  class space    used 2256K, capacity 2340K, committed 2432K, reserved 1048576K
Event: 2.343 GC heap after
Heap after GC invocations=33 (full 0):
 def new generation   total 4928K, used 511K [0x00000000c0000000, 0x00000000c0550000, 0x00000000d5550000)
  eden space 4416K,   0% used [0x00000000c0000000, 0x00000000c0000000, 0x00000000c0450000)
  from space 512K,  99% used [0x00000000c04d0000, 0x00000000c054ff48, 0x00000000c0550000)
  to   space 512K,   0% used [0x00000000c0450000, 0x00000000c0450000, 0x00000000c04d0000)
 tenured generation   total 10944K, used 3662K [0x00000000d5550000, 0x00000000d6000000, 0x0000000100000000)
   the space 10944K,  33% used [0x00000000d5550000, 0x00000000d58e3860, 0x00000000d58e3a00, 0x00000000d6000000)
 Metaspace       used 16577K, capacity 16816K, committed 17024K, reserved 1064960K
  class space    used 2256K, capacity 2340K, committed 2432K, reserved 1048576K
}
Event: 2.420 GC heap before
{Heap before GC invocations=33 (full 0):
 def new generation   total 4928K, used 4927K [0x00000000c0000000, 0x00000000c0550000, 0x00000000d5550000)
  eden space 4416K, 100% used [0x00000000c0000000, 0x00000000c0450000, 0x00000000c0450000)
  from space 512K,  99% used [0x00000000c04d0000, 0x00000000c054ff48, 0x00000000c0550000)
  to   space 512K,   0% used [0x00000000c0450000, 0x00000000c0450000, 0x00000000c04d0000)
 tenured generation   total 10944K, used 3662K [0x00000000d5550000, 0x00000000d6000000, 0x0000000100000000)
   the space 10944K,  33% used [0x00000000d5550000, 0x00000000d58e3860, 0x00000000d58e3a00, 0x00000000d6000000)
 Metaspace       used 16692K, capacity 16880K, committed 17024K, reserved 1064960K
  class space    used 2271K, capacity 2340K, committed 2432K, reserved 1048576K
Event: 2.423 GC heap after
Heap after GC invocations=34 (full 0):
 def new generation   total 4928K, used 511K [0x00000000c0000000, 0x00000000c0550000, 0x00000000d5550000)
  eden space 4416K,   0% used [0x00000000c0000000, 0x00000000c0000000, 0x00000000c0450000)
  from space 512K,  99% used [0x00000000c0450000, 0x00000000c04cfff8, 0x00000000c04d0000)
  to   space 512K,   0% used [0x00000000c04d0000, 0x00000000c04d0000, 0x00000000c0550000)
 tenured generation   total 10944K, used 4224K [0x00000000d5550000, 0x00000000d6000000, 0x0000000100000000)
   the space 10944K,  38% used [0x00000000d5550000, 0x00000000d5970058, 0x00000000d5970200, 0x00000000d6000000)
 Metaspace       used 16692K, capacity 16880K, committed 17024K, reserved 1064960K
  class space    used 2271K, capacity 2340K, committed 2432K, reserved 1048576K
}
Event: 2.477 GC heap before
{Heap before GC invocations=34 (full 0):
 def new generation   total 4928K, used 4927K [0x00000000c0000000, 0x00000000c0550000, 0x00000000d5550000)
  eden space 4416K, 100% used [0x00000000c0000000, 0x00000000c0450000, 0x00000000c0450000)
  from space 512K,  99% used [0x00000000c0450000, 0x00000000c04cfff8, 0x00000000c04d0000)
  to   space 512K,   0% used [0x00000000c04d0000, 0x00000000c04d0000, 0x00000000c0550000)
 tenured generation   total 10944K, used 4224K [0x00000000d5550000, 0x00000000d6000000, 0x0000000100000000)
   the space 10944K,  38% used [0x00000000d5550000, 0x00000000d5970058, 0x00000000d5970200, 0x00000000d6000000)
 Metaspace       used 17090K, capacity 17264K, committed 17536K, reserved 1064960K
  class space    used 2333K, capacity 2404K, committed 2432K, reserved 1048576K
Event: 2.480 GC heap after
Heap after GC invocations=35 (full 0):
 def new generation   total 4928K, used 411K [0x00000000c0000000, 0x00000000c0550000, 0x00000000d5550000)
  eden space 4416K,   0% used [0x00000000c0000000, 0x00000000c0000000, 0x00000000c0450000)
  from space 512K,  80% used [0x00000000c04d0000, 0x00000000c0536d48, 0x00000000c0550000)
  to   space 512K,   0% used [0x00000000c0450000, 0x00000000c0450000, 0x00000000c04d0000)
 tenured generation   total 10944K, used 4684K [0x00000000d5550000, 0x00000000d6000000, 0x0000000100000000)
   the space 10944K,  42% used [0x00000000d5550000, 0x00000000d59e3030, 0x00000000d59e3200, 0x00000000d6000000)
 Metaspace       used 17090K, capacity 17264K, committed 17536K, reserved 1064960K
  class space    used 2333K, capacity 2404K, committed 2432K, reserved 1048576K
}
Event: 2.506 GC heap before
{Heap before GC invocations=35 (full 0):
 def new generation   total 4928K, used 4827K [0x00000000c0000000, 0x00000000c0550000, 0x00000000d5550000)
  eden space 4416K, 100% used [0x00000000c0000000, 0x00000000c0450000, 0x00000000c0450000)
  from space 512K,  80% used [0x00000000c04d0000, 0x00000000c0536d48, 0x00000000c0550000)
  to   space 512K,   0% used [0x00000000c0450000, 0x00000000c0450000, 0x00000000c04d0000)
 tenured generation   total 10944K, used 4684K [0x00000000d5550000, 0x00000000d6000000, 0x0000000100000000)
   the space 10944K,  42% used [0x00000000d5550000, 0x00000000d59e3030, 0x00000000d59e3200, 0x00000000d6000000)
 Metaspace       used 17250K, capacity 17424K, committed 17664K, reserved 1064960K
  class space    used 2372K, capacity 2436K, committed 2560K, reserved 1048576K
Event: 2.508 GC heap after
Heap after GC invocations=36 (full 0):
 def new generation   total 4928K, used 157K [0x00000000c0000000, 0x00000000c0550000, 0x00000000d5550000)
  eden space 4416K,   0% used [0x00000000c0000000, 0x00000000c0000000, 0x00000000c0450000)
  from space 512K,  30% used [0x00000000c0450000, 0x00000000c0477478, 0x00000000c04d0000)
  to   space 512K,   0% used [0x00000000c04d0000, 0x00000000c04d0000, 0x00000000c0550000)
 tenured generation   total 10944K, used 4801K [0x00000000d5550000, 0x00000000d6000000, 0x0000000100000000)
   the space 10944K,  43% used [0x00000000d5550000, 0x00000000d5a00458, 0x00000000d5a00600, 0x00000000d6000000)
 Metaspace       used 17250K, capacity 17424K, committed 17664K, reserved 1064960K
  class space    used 2372K, capacity 2436K, committed 2560K, reserved 1048576K
}
Event: 2.604 GC heap before
{Heap before GC invocations=36 (full 0):
 def new generation   total 4928K, used 4573K [0x00000000c0000000, 0x00000000c0550000, 0x00000000d5550000)
  eden space 4416K, 100% used [0x00000000c0000000, 0x00000000c0450000, 0x00000000c0450000)
  from space 512K,  30% used [0x00000000c0450000, 0x00000000c0477478, 0x00000000c04d0000)
  to   space 512K,   0% used [0x00000000c04d0000, 0x00000000c04d0000, 0x00000000c0550000)
 tenured generation   total 10944K, used 4801K [0x00000000d5550000, 0x00000000d6000000, 0x0000000100000000)
   the space 10944K,  43% used [0x00000000d5550000, 0x00000000d5a00458, 0x00000000d5a00600, 0x00000000d6000000)
 Metaspace       used 18387K, capacity 18576K, committed 18816K, reserved 1064960K
  class space    used 2493K, capacity 2564K, committed 2688K, reserved 1048576K
Event: 2.607 GC heap after
Heap after GC invocations=37 (full 0):
 def new generation   total 4928K, used 504K [0x00000000c0000000, 0x00000000c0550000, 0x00000000d5550000)
  eden space 4416K,   0% used [0x00000000c0000000, 0x00000000c0000000, 0x00000000c0450000)
  from space 512K,  98% used [0x00000000c04d0000, 0x00000000c054e010, 0x00000000c0550000)
  to   space 512K,   0% used [0x00000000c0450000, 0x00000000c0450000, 0x00000000c04d0000)
 tenured generation   total 10944K, used 4801K [0x00000000d5550000, 0x00000000d6000000, 0x0000000100000000)
   the space 10944K,  43% used [0x00000000d5550000, 0x00000000d5a00458, 0x00000000d5a00600, 0x00000000d6000000)
 Metaspace       used 18387K, capacity 18576K, committed 18816K, reserved 1064960K
  class space    used 2493K, capacity 2564K, committed 2688K, reserved 1048576K
}
Event: 2.661 GC heap before
{Heap before GC invocations=37 (full 0):
 def new generation   total 4928K, used 4920K [0x00000000c0000000, 0x00000000c0550000, 0x00000000d5550000)
  eden space 4416K, 100% used [0x00000000c0000000, 0x00000000c0450000, 0x00000000c0450000)
  from space 512K,  98% used [0x00000000c04d0000, 0x00000000c054e010, 0x00000000c0550000)
  to   space 512K,   0% used [0x00000000c0450000, 0x00000000c0450000, 0x00000000c04d0000)
 tenured generation   total 10944K, used 4801K [0x00000000d5550000, 0x00000000d6000000, 0x0000000100000000)
   the space 10944K,  43% used [0x00000000d5550000, 0x00000000d5a00458, 0x00000000d5a00600, 0x00000000d6000000)
 Metaspace       used 18746K, capacity 18960K, committed 19072K, reserved 1064960K
  class space    used 2530K, capacity 2628K, committed 2688K, reserved 1048576K
Event: 2.664 GC heap after
Heap after GC invocations=38 (full 0):
 def new generation   total 4928K, used 323K [0x00000000c0000000, 0x00000000c0550000, 0x00000000d5550000)
  eden space 4416K,   0% used [0x00000000c0000000, 0x00000000c0000000, 0x00000000c0450000)
  from space 512K,  63% used [0x00000000c0450000, 0x00000000c04a0fb8, 0x00000000c04d0000)
  to   space 512K,   0% used [0x00000000c04d0000, 0x00000000c04d0000, 0x00000000c0550000)
 tenured generation   total 10944K, used 4996K [0x00000000d5550000, 0x00000000d6000000, 0x0000000100000000)
   the space 10944K,  45% used [0x00000000d5550000, 0x00000000d5a31300, 0x00000000d5a31400, 0x00000000d6000000)
 Metaspace       used 18746K, capacity 18960K, committed 19072K, reserved 1064960K
  class space    used 2530K, capacity 2628K, committed 2688K, reserved 1048576K
}
Event: 2.735 GC heap before
{Heap before GC invocations=38 (full 0):
 def new generation   total 4928K, used 4739K [0x00000000c0000000, 0x00000000c0550000, 0x00000000d5550000)
  eden space 4416K, 100% used [0x00000000c0000000, 0x00000000c0450000, 0x00000000c0450000)
  from space 512K,  63% used [0x00000000c0450000, 0x00000000c04a0fb8, 0x00000000c04d0000)
  to   space 512K,   0% used [0x00000000c04d0000, 0x00000000c04d0000, 0x00000000c0550000)
 tenured generation   total 10944K, used 4996K [0x00000000d5550000, 0x00000000d6000000, 0x0000000100000000)
   the space 10944K,  45% used [0x00000000d5550000, 0x00000000d5a31300, 0x00000000d5a31400, 0x00000000d6000000)
 Metaspace       used 18847K, capacity 19024K, committed 19328K, reserved 1067008K
  class space    used 2544K, capacity 2628K, committed 2688K, reserved 1048576K
Event: 2.738 GC heap after
Heap after GC invocations=39 (full 0):
 def new generation   total 4928K, used 511K [0x00000000c0000000, 0x00000000c0550000, 0x00000000d5550000)
  eden space 4416K,   0% used [0x00000000c0000000, 0x00000000c0000000, 0x00000000c0450000)
  from space 512K,  99% used [0x00000000c04d0000, 0x00000000c054fff8, 0x00000000c0550000)
  to   space 512K,   0% used [0x00000000c0450000, 0x00000000c0450000, 0x00000000c04d0000)
 tenured generation   total 10944K, used 5176K [0x00000000d5550000, 0x00000000d6000000, 0x0000000100000000)
   the space 10944K,  47% used [0x00000000d5550000, 0x00000000d5a5e178, 0x00000000d5a5e200, 0x00000000d6000000)
 Metaspace       used 18847K, capacity 19024K, committed 19328K, reserved 1067008K
  class space    used 2544K, capacity 2628K, committed 2688K, reserved 1048576K
}
Event: 2.789 GC heap before
{Heap before GC invocations=39 (full 0):
 def new generation   total 4928K, used 4927K [0x00000000c0000000, 0x00000000c0550000, 0x00000000d5550000)
  eden space 4416K, 100% used [0x00000000c0000000, 0x00000000c0450000, 0x00000000c0450000)
  from space 512K,  99% used [0x00000000c04d0000, 0x00000000c054fff8, 0x00000000c0550000)
  to   space 512K,   0% used [0x00000000c0450000, 0x00000000c0450000, 0x00000000c04d0000)
 tenured generation   total 10944K, used 5176K [0x00000000d5550000, 0x00000000d6000000, 0x0000000100000000)
   the space 10944K,  47% used [0x00000000d5550000, 0x00000000d5a5e178, 0x00000000d5a5e200, 0x00000000d6000000)
 Metaspace       used 18879K, capacity 19042K, committed 19328K, reserved 1067008K
  class space    used 2546K, capacity 2631K, committed 2688K, reserved 1048576K
Event: 2.791 GC heap after
Heap after GC invocations=40 (full 0):
 def new generation   total 4928K, used 158K [0x00000000c0000000, 0x00000000c0550000, 0x00000000d5550000)
  eden space 4416K,   0% used [0x00000000c0000000, 0x00000000c0000000, 0x00000000c0450000)
  from space 512K,  30% used [0x00000000c0450000, 0x00000000c0477aa8, 0x00000000c04d0000)
  to   space 512K,   0% used [0x00000000c04d0000, 0x00000000c04d0000, 0x00000000c0550000)
 tenured generation   total 10944K, used 5632K [0x00000000d5550000, 0x00000000d6000000, 0x0000000100000000)
   the space 10944K,  51% used [0x00000000d5550000, 0x00000000d5ad0008, 0x00000000d5ad0200, 0x00000000d6000000)
 Metaspace       used 18879K, capacity 19042K, committed 19328K, reserved 1067008K
  class space    used 2546K, capacity 2631K, committed 2688K, reserved 1048576K
}
Event: 2.925 GC heap before
{Heap before GC invocations=40 (full 0):
 def new generation   total 4928K, used 4574K [0x00000000c0000000, 0x00000000c0550000, 0x00000000d5550000)
  eden space 4416K, 100% used [0x00000000c0000000, 0x00000000c0450000, 0x00000000c0450000)
  from space 512K,  30% used [0x00000000c0450000, 0x00000000c0477aa8, 0x00000000c04d0000)
  to   space 512K,   0% used [0x00000000c04d0000, 0x00000000c04d0000, 0x00000000c0550000)
 tenured generation   total 10944K, used 5632K [0x00000000d5550000, 0x00000000d6000000, 0x0000000100000000)
   the space 10944K,  51% used [0x00000000d5550000, 0x00000000d5ad0008, 0x00000000d5ad0200, 0x00000000d6000000)
 Metaspace       used 19448K, capacity 19682K, committed 19968K, reserved 1067008K
  class space    used 2611K, capacity 2695K, committed 2816K, reserved 1048576K
Event: 2.928 GC heap after
Heap after GC invocations=41 (full 0):
 def new generation   total 4928K, used 511K [0x00000000c0000000, 0x00000000c0550000, 0x00000000d5550000)
  eden space 4416K,   0% used [0x00000000c0000000, 0x00000000c0000000, 0x00000000c0450000)
  from space 512K,  99% used [0x00000000c04d0000, 0x00000000c054fff0, 0x00000000c0550000)
  to   space 512K,   0% used [0x00000000c0450000, 0x00000000c0450000, 0x00000000c04d0000)
 tenured generation   total 10944K, used 5792K [0x00000000d5550000, 0x00000000d6000000, 0x0000000100000000)
   the space 10944K,  52% used [0x00000000d5550000, 0x00000000d5af82b8, 0x00000000d5af8400, 0x00000000d6000000)
 Metaspace       used 19448K, capacity 19682K, committed 19968K, reserved 1067008K
  class space    used 2611K, capacity 2695K, committed 2816K, reserved 1048576K
}
Event: 3.032 GC heap before
{Heap before GC invocations=41 (full 0):
 def new generation   total 4928K, used 4927K [0x00000000c0000000, 0x00000000c0550000, 0x00000000d5550000)
  eden space 4416K, 100% used [0x00000000c0000000, 0x00000000c0450000, 0x00000000c0450000)
  from space 512K,  99% used [0x00000000c04d0000, 0x00000000c054fff0, 0x00000000c0550000)
  to   space 512K,   0% used [0x00000000c0450000, 0x00000000c0450000, 0x00000000c04d0000)
 tenured generation   total 10944K, used 5792K [0x00000000d5550000, 0x00000000d6000000, 0x0000000100000000)
   the space 10944K,  52% used [0x00000000d5550000, 0x00000000d5af82b8, 0x00000000d5af8400, 0x00000000d6000000)
 Metaspace       used 19640K, capacity 19810K, committed 20224K, reserved 1067008K
  class space    used 2630K, capacity 2695K, committed 2816K, reserved 1048576K
Event: 3.035 GC heap after
Heap after GC invocations=42 (full 0):
 def new generation   total 4928K, used 475K [0x00000000c0000000, 0x00000000c0550000, 0x00000000d5550000)
  eden space 4416K,   0% used [0x00000000c0000000, 0x00000000c0000000, 0x00000000c0450000)
  from space 512K,  92% used [0x00000000c0450000, 0x00000000c04c6fa0, 0x00000000c04d0000)
  to   space 512K,   0% used [0x00000000c04d0000, 0x00000000c04d0000, 0x00000000c0550000)
 tenured generation   total 10944K, used 6259K [0x00000000d5550000, 0x00000000d6000000, 0x0000000100000000)
   the space 10944K,  57% used [0x00000000d5550000, 0x00000000d5b6ce98, 0x00000000d5b6d000, 0x00000000d6000000)
 Metaspace       used 19640K, capacity 19810K, committed 20224K, reserved 1067008K
  class space    used 2630K, capacity 2695K, committed 2816K, reserved 1048576K
}
Event: 3.110 GC heap before
{Heap before GC invocations=42 (full 0):
 def new generation   total 4928K, used 4891K [0x00000000c0000000, 0x00000000c0550000, 0x00000000d5550000)
  eden space 4416K, 100% used [0x00000000c0000000, 0x00000000c0450000, 0x00000000c0450000)
  from space 512K,  92% used [0x00000000c0450000, 0x00000000c04c6fa0, 0x00000000c04d0000)
  to   space 512K,   0% used [0x00000000c04d0000, 0x00000000c04d0000, 0x00000000c0550000)
 tenured generation   total 10944K, used 6259K [0x00000000d5550000, 0x00000000d6000000, 0x0000000100000000)
   the space 10944K,  57% used [0x00000000d5550000, 0x00000000d5b6ce98, 0x00000000d5b6d000, 0x00000000d6000000)
 Metaspace       used 19664K, capacity 19810K, committed 20224K, reserved 1067008K
  class space    used 2630K, capacity 2695K, committed 2816K, reserved 1048576K
Event: 3.113 GC heap after
Heap after GC invocations=43 (full 0):
 def new generation   total 4928K, used 481K [0x00000000c0000000, 0x00000000c0550000, 0x00000000d5550000)
  eden space 4416K,   0% used [0x00000000c0000000, 0x00000000c0000000, 0x00000000c0450000)
  from space 512K,  94% used [0x00000000c04d0000, 0x00000000c05486c0, 0x00000000c0550000)
  to   space 512K,   0% used [0x00000000c0450000, 0x00000000c0450000, 0x00000000c04d0000)
 tenured generation   total 10944K, used 6787K [0x00000000d5550000, 0x00000000d6000000, 0x0000000100000000)
   the space 10944K,  62% used [0x00000000d5550000, 0x00000000d5bf0ea0, 0x00000000d5bf1000, 0x00000000d6000000)
 Metaspace       used 19664K, capacity 19810K, committed 20224K, reserved 1067008K
  class space    used 2630K, capacity 2695K, committed 2816K, reserved 1048576K
}
Event: 3.242 GC heap before
{Heap before GC invocations=43 (full 0):
 def new generation   total 4928K, used 4897K [0x00000000c0000000, 0x00000000c0550000, 0x00000000d5550000)
  eden space 4416K, 100% used [0x00000000c0000000, 0x00000000c0450000, 0x00000000c0450000)
  from space 512K,  94% used [0x00000000c04d0000, 0x00000000c05486c0, 0x00000000c0550000)
  to   space 512K,   0% used [0x00000000c0450000, 0x00000000c0450000, 0x00000000c04d0000)
 tenured generation   total 10944K, used 6787K [0x00000000d5550000, 0x00000000d6000000, 0x0000000100000000)
   the space 10944K,  62% used [0x00000000d5550000, 0x00000000d5bf0ea0, 0x00000000d5bf1000, 0x00000000d6000000)
 Metaspace       used 20059K, capacity 20226K, committed 20480K, reserved 1067008K
  class space    used 2660K, capacity 2727K, committed 2816K, reserved 1048576K
Event: 3.244 GC heap after
Heap after GC invocations=44 (full 0):
 def new generation   total 4928K, used 439K [0x00000000c0000000, 0x00000000c0550000, 0x00000000d5550000)
  eden space 4416K,   0% used [0x00000000c0000000, 0x00000000c0000000, 0x00000000c0450000)
  from space 512K,  85% used [0x00000000c0450000, 0x00000000c04bdd98, 0x00000000c04d0000)
  to   space 512K,   0% used [0x00000000c04d0000, 0x00000000c04d0000, 0x00000000c0550000)
 tenured generation   total 10944K, used 6880K [0x00000000d5550000, 0x00000000d6000000, 0x0000000100000000)
   the space 10944K,  62% used [0x00000000d5550000, 0x00000000d5c08378, 0x00000000d5c08400, 0x00000000d6000000)
 Metaspace       used 20059K, capacity 20226K, committed 20480K, reserved 1067008K
  class space    used 2660K, capacity 2727K, committed 2816K, reserved 1048576K
}
Event: 3.295 GC heap before
{Heap before GC invocations=44 (full 0):
 def new generation   total 4928K, used 4855K [0x00000000c0000000, 0x00000000c0550000, 0x00000000d5550000)
  eden space 4416K, 100% used [0x00000000c0000000, 0x00000000c0450000, 0x00000000c0450000)
  from space 512K,  85% used [0x00000000c0450000, 0x00000000c04bdd98, 0x00000000c04d0000)
  to   space 512K,   0% used [0x00000000c04d0000, 0x00000000c04d0000, 0x00000000c0550000)
 tenured generation   total 10944K, used 6880K [0x00000000d5550000, 0x00000000d6000000, 0x0000000100000000)
   the space 10944K,  62% used [0x00000000d5550000, 0x00000000d5c08378, 0x00000000d5c08400, 0x00000000d6000000)
 Metaspace       used 20286K, capacity 20514K, committed 20736K, reserved 1067008K
  class space    used 2705K, capacity 2759K, committed 2816K, reserved 1048576K
Event: 3.297 GC heap after
Heap after GC invocations=45 (full 0):
 def new generation   total 4928K, used 253K [0x00000000c0000000, 0x00000000c0550000, 0x00000000d5550000)
  eden space 4416K,   0% used [0x00000000c0000000, 0x00000000c0000000, 0x00000000c0450000)
  from space 512K,  49% used [0x00000000c04d0000, 0x00000000c050f718, 0x00000000c0550000)
  to   space 512K,   0% used [0x00000000c0450000, 0x00000000c0450000, 0x00000000c04d0000)
 tenured generation   total 10944K, used 7057K [0x00000000d5550000, 0x00000000d6000000, 0x0000000100000000)
   the space 10944K,  64% used [0x00000000d5550000, 0x00000000d5c344e0, 0x00000000d5c34600, 0x00000000d6000000)
 Metaspace       used 20286K, capacity 20514K, committed 20736K, reserved 1067008K
  class space    used 2705K, capacity 2759K, committed 2816K, reserved 1048576K
}
Event: 3.346 GC heap before
{Heap before GC invocations=45 (full 0):
 def new generation   total 4928K, used 4669K [0x00000000c0000000, 0x00000000c0550000, 0x00000000d5550000)
  eden space 4416K, 100% used [0x00000000c0000000, 0x00000000c0450000, 0x00000000c0450000)
  from space 512K,  49% used [0x00000000c04d0000, 0x00000000c050f718, 0x00000000c0550000)
  to   space 512K,   0% used [0x00000000c0450000, 0x00000000c0450000, 0x00000000c04d0000)
 tenured generation   total 10944K, used 7057K [0x00000000d5550000, 0x00000000d6000000, 0x0000000100000000)
   the space 10944K,  64% used [0x00000000d5550000, 0x00000000d5c344e0, 0x00000000d5c34600, 0x00000000d6000000)
 Metaspace       used 20503K, capacity 20706K, committed 21120K, reserved 1067008K
  class space    used 2748K, capacity 2823K, committed 2944K, reserved 1048576K
Event: 3.347 GC heap after
Heap after GC invocations=46 (full 0):
 def new generation   total 4928K, used 241K [0x00000000c0000000, 0x00000000c0550000, 0x00000000d5550000)
  eden space 4416K,   0% used [0x00000000c0000000, 0x00000000c0000000, 0x00000000c0450000)
  from space 512K,  47% used [0x00000000c0450000, 0x00000000c048c7c8, 0x00000000c04d0000)
  to   space 512K,   0% used [0x00000000c04d0000, 0x00000000c04d0000, 0x00000000c0550000)
 tenured generation   total 10944K, used 7057K [0x00000000d5550000, 0x00000000d6000000, 0x0000000100000000)
   the space 10944K,  64% used [0x00000000d5550000, 0x00000000d5c344e0, 0x00000000d5c34600, 0x00000000d6000000)
 Metaspace       used 20503K, capacity 20706K, committed 21120K, reserved 1067008K
  class space    used 2748K, capacity 2823K, committed 2944K, reserved 1048576K
}
Event: 3.394 GC heap before
{Heap before GC invocations=46 (full 0):
 def new generation   total 4928K, used 4657K [0x00000000c0000000, 0x00000000c0550000, 0x00000000d5550000)
  eden space 4416K, 100% used [0x00000000c0000000, 0x00000000c0450000, 0x00000000c0450000)
  from space 512K,  47% used [0x00000000c0450000, 0x00000000c048c7c8, 0x00000000c04d0000)
  to   space 512K,   0% used [0x00000000c04d0000, 0x00000000c04d0000, 0x00000000c0550000)
 tenured generation   total 10944K, used 7057K [0x00000000d5550000, 0x00000000d6000000, 0x0000000100000000)
   the space 10944K,  64% used [0x00000000d5550000, 0x00000000d5c344e0, 0x00000000d5c34600, 0x00000000d6000000)
 Metaspace       used 20807K, capacity 20994K, committed 21296K, reserved 1067008K
  class space    used 2781K, capacity 2855K, committed 2944K, reserved 1048576K
Event: 3.395 GC heap after
Heap after GC invocations=47 (full 0):
 def new generation   total 4928K, used 372K [0x00000000c0000000, 0x00000000c0550000, 0x00000000d5550000)
  eden space 4416K,   0% used [0x00000000c0000000, 0x00000000c0000000, 0x00000000c0450000)
  from space 512K,  72% used [0x00000000c04d0000, 0x00000000c052d3f8, 0x00000000c0550000)
  to   space 512K,   0% used [0x00000000c0450000, 0x00000000c0450000, 0x00000000c04d0000)
 tenured generation   total 10944K, used 7057K [0x00000000d5550000, 0x00000000d6000000, 0x0000000100000000)
   the space 10944K,  64% used [0x00000000d5550000, 0x00000000d5c344e0, 0x00000000d5c34600, 0x00000000d6000000)
 Metaspace       used 20807K, capacity 20994K, committed 21296K, reserved 1067008K
  class space    used 2781K, capacity 2855K, committed 2944K, reserved 1048576K
}
Event: 3.418 GC heap before
{Heap before GC invocations=47 (full 0):
 def new generation   total 4928K, used 2294K [0x00000000c0000000, 0x00000000c0550000, 0x00000000d5550000)
  eden space 4416K,  43% used [0x00000000c0000000, 0x00000000c01e0608, 0x00000000c0450000)
  from space 512K,  72% used [0x00000000c04d0000, 0x00000000c052d3f8, 0x00000000c0550000)
  to   space 512K,   0% used [0x00000000c0450000, 0x00000000c0450000, 0x00000000c04d0000)
 tenured generation   total 10944K, used 7057K [0x00000000d5550000, 0x00000000d6000000, 0x0000000100000000)
   the space 10944K,  64% used [0x00000000d5550000, 0x00000000d5c344e0, 0x00000000d5c34600, 0x00000000d6000000)
 Metaspace       used 20966K, capacity 21154K, committed 21296K, reserved 1067008K
  class space    used 2802K, capacity 2887K, committed 2944K, reserved 1048576K
Event: 3.445 GC heap after
Heap after GC invocations=48 (full 1):
 def new generation   total 4992K, used 0K [0x00000000c0000000, 0x00000000c0560000, 0x00000000d5550000)
  eden space 4480K,   0% used [0x00000000c0000000, 0x00000000c0000000, 0x00000000c0460000)
  from space 512K,   0% used [0x00000000c0460000, 0x00000000c0460000, 0x00000000c04e0000)
  to   space 512K,   0% used [0x00000000c04e0000, 0x00000000c04e0000, 0x00000000c0560000)
 tenured generation   total 10944K, used 6160K [0x00000000d5550000, 0x00000000d6000000, 0x0000000100000000)
   the space 10944K,  56% used [0x00000000d5550000, 0x00000000d5b54138, 0x00000000d5b54200, 0x00000000d6000000)
 Metaspace       used 20966K, capacity 21154K, committed 21296K, reserved 1067008K
  class space    used 2802K, capacity 2887K, committed 2944K, reserved 1048576K
}
Event: 3.494 GC heap before
{Heap before GC invocations=48 (full 1):
 def new generation   total 4992K, used 4480K [0x00000000c0000000, 0x00000000c0560000, 0x00000000d5550000)
  eden space 4480K, 100% used [0x00000000c0000000, 0x00000000c0460000, 0x00000000c0460000)
  from space 512K,   0% used [0x00000000c0460000, 0x00000000c0460000, 0x00000000c04e0000)
  to   space 512K,   0% used [0x00000000c04e0000, 0x00000000c04e0000, 0x00000000c0560000)
 tenured generation   total 10944K, used 6160K [0x00000000d5550000, 0x00000000d6000000, 0x0000000100000000)
   the space 10944K,  56% used [0x00000000d5550000, 0x00000000d5b54138, 0x00000000d5b54200, 0x00000000d6000000)
 Metaspace       used 21202K, capacity 21442K, committed 21632K, reserved 1069056K
  class space    used 2844K, capacity 2919K, committed 2944K, reserved 1048576K
Event: 3.495 GC heap after
Heap after GC invocations=49 (full 1):
 def new generation   total 4992K, used 297K [0x00000000c0000000, 0x00000000c0560000, 0x00000000d5550000)
  eden space 4480K,   0% used [0x00000000c0000000, 0x00000000c0000000, 0x00000000c0460000)
  from space 512K,  58% used [0x00000000c04e0000, 0x00000000c052a5e8, 0x00000000c0560000)
  to   space 512K,   0% used [0x00000000c0460000, 0x00000000c0460000, 0x00000000c04e0000)
 tenured generation   total 10944K, used 6160K [0x00000000d5550000, 0x00000000d6000000, 0x0000000100000000)
   the space 10944K,  56% used [0x00000000d5550000, 0x00000000d5b54138, 0x00000000d5b54200, 0x00000000d6000000)
 Metaspace       used 21202K, capacity 21442K, committed 21632K, reserved 1069056K
  class space    used 2844K, capacity 2919K, committed 2944K, reserved 1048576K
}
Event: 3.556 GC heap before
{Heap before GC invocations=49 (full 1):
 def new generation   total 4992K, used 4777K [0x00000000c0000000, 0x00000000c0560000, 0x00000000d5550000)
  eden space 4480K, 100% used [0x00000000c0000000, 0x00000000c0460000, 0x00000000c0460000)
  from space 512K,  58% used [0x00000000c04e0000, 0x00000000c052a5e8, 0x00000000c0560000)
  to   space 512K,   0% used [0x00000000c0460000, 0x00000000c0460000, 0x00000000c04e0000)
 tenured generation   total 10944K, used 6160K [0x00000000d5550000, 0x00000000d6000000, 0x0000000100000000)
   the space 10944K,  56% used [0x00000000d5550000, 0x00000000d5b54138, 0x00000000d5b54200, 0x00000000d6000000)
 Metaspace       used 21471K, capacity 21698K, committed 22016K, reserved 1069056K
  class space    used 2884K, capacity 2983K, committed 3072K, reserved 1048576K
Event: 3.557 GC heap after
Heap after GC invocations=50 (full 1):
 def new generation   total 4992K, used 253K [0x00000000c0000000, 0x00000000c0560000, 0x00000000d5550000)
  eden space 4480K,   0% used [0x00000000c0000000, 0x00000000c0000000, 0x00000000c0460000)
  from space 512K,  49% used [0x00000000c0460000, 0x00000000c049f790, 0x00000000c04e0000)
  to   space 512K,   0% used [0x00000000c04e0000, 0x00000000c04e0000, 0x00000000c0560000)
 tenured generation   total 10944K, used 6189K [0x00000000d5550000, 0x00000000d6000000, 0x0000000100000000)
   the space 10944K,  56% used [0x00000000d5550000, 0x00000000d5b5b798, 0x00000000d5b5b800, 0x00000000d6000000)
 Metaspace       used 21471K, capacity 21698K, committed 22016K, reserved 1069056K
  class space    used 2884K, capacity 2983K, committed 3072K, reserved 1048576K
}
Event: 3.646 GC heap before
{Heap before GC invocations=50 (full 1):
 def new generation   total 4992K, used 4733K [0x00000000c0000000, 0x00000000c0560000, 0x00000000d5550000)
  eden space 4480K, 100% used [0x00000000c0000000, 0x00000000c0460000, 0x00000000c0460000)
  from space 512K,  49% used [0x00000000c0460000, 0x00000000c049f790, 0x00000000c04e0000)
  to   space 512K,   0% used [0x00000000c04e0000, 0x00000000c04e0000, 0x00000000c0560000)
 tenured generation   total 10944K, used 6189K [0x00000000d5550000, 0x00000000d6000000, 0x0000000100000000)
   the space 10944K,  56% used [0x00000000d5550000, 0x00000000d5b5b798, 0x00000000d5b5b800, 0x00000000d6000000)
 Metaspace       used 22013K, capacity 22274K, committed 22528K, reserved 1069056K
  class space    used 2959K, capacity 3047K, committed 3072K, reserved 1048576K
Event: 3.648 GC heap after
Heap after GC invocations=51 (full 1):
 def new generation   total 4992K, used 480K [0x00000000c0000000, 0x00000000c0560000, 0x00000000d5550000)
  eden space 4480K,   0% used [0x00000000c0000000, 0x00000000c0000000, 0x00000000c0460000)
  from space 512K,  93% used [0x00000000c04e0000, 0x00000000c0558270, 0x00000000c0560000)
  to   space 512K,   0% used [0x00000000c0460000, 0x00000000c0460000, 0x00000000c04e0000)
 tenured generation   total 10944K, used 6189K [0x00000000d5550000, 0x00000000d6000000, 0x0000000100000000)
   the space 10944K,  56% used [0x00000000d5550000, 0x00000000d5b5b798, 0x00000000d5b5b800, 0x00000000d6000000)
 Metaspace       used 22013K, capacity 22274K, committed 22528K, reserved 1069056K
  class space    used 2959K, capacity 3047K, committed 3072K, reserved 1048576K
}
Event: 3.738 GC heap before
{Heap before GC invocations=51 (full 1):
 def new generation   total 4992K, used 4942K [0x00000000c0000000, 0x00000000c0560000, 0x00000000d5550000)
  eden space 4480K,  99% used [0x00000000c0000000, 0x00000000c045b768, 0x00000000c0460000)
  from space 512K,  93% used [0x00000000c04e0000, 0x00000000c0558270, 0x00000000c0560000)
  to   space 512K,   0% used [0x00000000c0460000, 0x00000000c0460000, 0x00000000c04e0000)
 tenured generation   total 10944K, used 6189K [0x00000000d5550000, 0x00000000d6000000, 0x0000000100000000)
   the space 10944K,  56% used [0x00000000d5550000, 0x00000000d5b5b798, 0x00000000d5b5b800, 0x00000000d6000000)
 Metaspace       used 22722K, capacity 22946K, committed 23168K, reserved 1069056K
  class space    used 3079K, capacity 3143K, committed 3200K, reserved 1048576K
Event: 3.739 GC heap after
Heap after GC invocations=52 (full 1):
 def new generation   total 4992K, used 511K [0x00000000c0000000, 0x00000000c0560000, 0x00000000d5550000)
  eden space 4480K,   0% used [0x00000000c0000000, 0x00000000c0000000, 0x00000000c0460000)
  from space 512K,  99% used [0x00000000c0460000, 0x00000000c04dfff8, 0x00000000c04e0000)
  to   space 512K,   0% used [0x00000000c04e0000, 0x00000000c04e0000, 0x00000000c0560000)
 tenured generation   total 10944K, used 6383K [0x00000000d5550000, 0x00000000d6000000, 0x0000000100000000)
   the space 10944K,  58% used [0x00000000d5550000, 0x00000000d5b8bc80, 0x00000000d5b8be00, 0x00000000d6000000)
 Metaspace       used 22722K, capacity 22946K, committed 23168K, reserved 1069056K
  class space    used 3079K, capacity 3143K, committed 3200K, reserved 1048576K
}
Event: 3.850 GC heap before
{Heap before GC invocations=52 (full 1):
 def new generation   total 4992K, used 4985K [0x00000000c0000000, 0x00000000c0560000, 0x00000000d5550000)
  eden space 4480K,  99% used [0x00000000c0000000, 0x00000000c045e798, 0x00000000c0460000)
  from space 512K,  99% used [0x00000000c0460000, 0x00000000c04dfff8, 0x00000000c04e0000)
  to   space 512K,   0% used [0x00000000c04e0000, 0x00000000c04e0000, 0x00000000c0560000)
 tenured generation   total 10944K, used 6383K [0x00000000d5550000, 0x00000000d6000000, 0x0000000100000000)
   the space 10944K,  58% used [0x00000000d5550000, 0x00000000d5b8bc80, 0x00000000d5b8be00, 0x00000000d6000000)
 Metaspace       used 23858K, capacity 24046K, committed 24320K, reserved 1071104K
  class space    used 3202K, capacity 3273K, committed 3328K, reserved 1048576K
Event: 3.852 GC heap after
Heap after GC invocations=53 (full 1):
 def new generation   total 4992K, used 512K [0x00000000c0000000, 0x00000000c0560000, 0x00000000d5550000)
  eden space 4480K,   0% used [0x00000000c0000000, 0x00000000c0000000, 0x00000000c0460000)
  from space 512K, 100% used [0x00000000c04e0000, 0x00000000c0560000, 0x00000000c0560000)
  to   space 512K,   0% used [0x00000000c0460000, 0x00000000c0460000, 0x00000000c04e0000)
 tenured generation   total 10944K, used 6903K [0x00000000d5550000, 0x00000000d6000000, 0x0000000100000000)
   the space 10944K,  63% used [0x00000000d5550000, 0x00000000d5c0dc68, 0x00000000d5c0de00, 0x00000000d6000000)
 Metaspace       used 23858K, capacity 24046K, committed 24320K, reserved 1071104K
  class space    used 3202K, capacity 3273K, committed 3328K, reserved 1048576K
}
Event: 3.947 GC heap before
{Heap before GC invocations=53 (full 1):
 def new generation   total 4992K, used 4992K [0x00000000c0000000, 0x00000000c0560000, 0x00000000d5550000)
  eden space 4480K, 100% used [0x00000000c0000000, 0x00000000c0460000, 0x00000000c0460000)
  from space 512K, 100% used [0x00000000c04e0000, 0x00000000c0560000, 0x00000000c0560000)
  to   space 512K,   0% used [0x00000000c0460000, 0x00000000c0460000, 0x00000000c04e0000)
 tenured generation   total 10944K, used 6903K [0x00000000d5550000, 0x00000000d6000000, 0x0000000100000000)
   the space 10944K,  63% used [0x00000000d5550000, 0x00000000d5c0dc68, 0x00000000d5c0de00, 0x00000000d6000000)
 Metaspace       used 24384K, capacity 24558K, committed 24960K, reserved 1071104K
  class space    used 3271K, capacity 3337K, committed 3456K, reserved 1048576K
Event: 3.949 GC heap after
Heap after GC invocations=54 (full 1):
 def new generation   total 4992K, used 468K [0x00000000c0000000, 0x00000000c0560000, 0x00000000d5550000)
  eden space 4480K,   0% used [0x00000000c0000000, 0x00000000c0000000, 0x00000000c0460000)
  from space 512K,  91% used [0x00000000c0460000, 0x00000000c04d5388, 0x00000000c04e0000)
  to   space 512K,   0% used [0x00000000c04e0000, 0x00000000c04e0000, 0x00000000c0560000)
 tenured generation   total 10944K, used 7074K [0x00000000d5550000, 0x00000000d6000000, 0x0000000100000000)
   the space 10944K,  64% used [0x00000000d5550000, 0x00000000d5c38960, 0x00000000d5c38a00, 0x00000000d6000000)
 Metaspace       used 24384K, capacity 24558K, committed 24960K, reserved 1071104K
  class space    used 3271K, capacity 3337K, committed 3456K, reserved 1048576K
}
Event: 4.023 GC heap before
{Heap before GC invocations=54 (full 1):
 def new generation   total 4992K, used 4948K [0x00000000c0000000, 0x00000000c0560000, 0x00000000d5550000)
  eden space 4480K, 100% used [0x00000000c0000000, 0x00000000c0460000, 0x00000000c0460000)
  from space 512K,  91% used [0x00000000c0460000, 0x00000000c04d5388, 0x00000000c04e0000)
  to   space 512K,   0% used [0x00000000c04e0000, 0x00000000c04e0000, 0x00000000c0560000)
 tenured generation   total 10944K, used 7074K [0x00000000d5550000, 0x00000000d6000000, 0x0000000100000000)
   the space 10944K,  64% used [0x00000000d5550000, 0x00000000d5c38960, 0x00000000d5c38a00, 0x00000000d6000000)
 Metaspace       used 24657K, capacity 24846K, committed 25216K, reserved 1071104K
  class space    used 3313K, capacity 3369K, committed 3456K, reserved 1048576K
Event: 4.025 GC heap after
Heap after GC invocations=55 (full 1):
 def new generation   total 4992K, used 301K [0x00000000c0000000, 0x00000000c0560000, 0x00000000d5550000)
  eden space 4480K,   0% used [0x00000000c0000000, 0x00000000c0000000, 0x00000000c0460000)
  from space 512K,  58% used [0x00000000c04e0000, 0x00000000c052b528, 0x00000000c0560000)
  to   space 512K,   0% used [0x00000000c0460000, 0x00000000c0460000, 0x00000000c04e0000)
 tenured generation   total 10944K, used 7147K [0x00000000d5550000, 0x00000000d6000000, 0x0000000100000000)
   the space 10944K,  65% used [0x00000000d5550000, 0x00000000d5c4ae78, 0x00000000d5c4b000, 0x00000000d6000000)
 Metaspace       used 24657K, capacity 24846K, committed 25216K, reserved 1071104K
  class space    used 3313K, capacity 3369K, committed 3456K, reserved 1048576K
}
Event: 4.078 GC heap before
{Heap before GC invocations=55 (full 1):
 def new generation   total 4992K, used 4781K [0x00000000c0000000, 0x00000000c0560000, 0x00000000d5550000)
  eden space 4480K, 100% used [0x00000000c0000000, 0x00000000c0460000, 0x00000000c0460000)
  from space 512K,  58% used [0x00000000c04e0000, 0x00000000c052b528, 0x00000000c0560000)
  to   space 512K,   0% used [0x00000000c0460000, 0x00000000c0460000, 0x00000000c04e0000)
 tenured generation   total 10944K, used 7147K [0x00000000d5550000, 0x00000000d6000000, 0x0000000100000000)
   the space 10944K,  65% used [0x00000000d5550000, 0x00000000d5c4ae78, 0x00000000d5c4b000, 0x00000000d6000000)
 Metaspace       used 24954K, capacity 25134K, committed 25472K, reserved 1071104K
  class space    used 3343K, capacity 3401K, committed 3456K, reserved 1048576K
Event: 4.080 GC heap after
Heap after GC invocations=56 (full 1):
 def new generation   total 4992K, used 238K [0x00000000c0000000, 0x00000000c0560000, 0x00000000d5550000)
  eden space 4480K,   0% used [0x00000000c0000000, 0x00000000c0000000, 0x00000000c0460000)
  from space 512K,  46% used [0x00000000c0460000, 0x00000000c049bb20, 0x00000000c04e0000)
  to   space 512K,   0% used [0x00000000c04e0000, 0x00000000c04e0000, 0x00000000c0560000)
 tenured generation   total 10944K, used 7203K [0x00000000d5550000, 0x00000000d6000000, 0x0000000100000000)
   the space 10944K,  65% used [0x00000000d5550000, 0x00000000d5c58da0, 0x00000000d5c58e00, 0x00000000d6000000)
 Metaspace       used 24954K, capacity 25134K, committed 25472K, reserved 1071104K
  class space    used 3343K, capacity 3401K, committed 3456K, reserved 1048576K
}
Event: 4.148 GC heap before
{Heap before GC invocations=56 (full 1):
 def new generation   total 4992K, used 4718K [0x00000000c0000000, 0x00000000c0560000, 0x00000000d5550000)
  eden space 4480K, 100% used [0x00000000c0000000, 0x00000000c0460000, 0x00000000c0460000)
  from space 512K,  46% used [0x00000000c0460000, 0x00000000c049bb20, 0x00000000c04e0000)
  to   space 512K,   0% used [0x00000000c04e0000, 0x00000000c04e0000, 0x00000000c0560000)
 tenured generation   total 10944K, used 7203K [0x00000000d5550000, 0x00000000d6000000, 0x0000000100000000)
   the space 10944K,  65% used [0x00000000d5550000, 0x00000000d5c58da0, 0x00000000d5c58e00, 0x00000000d6000000)
 Metaspace       used 25250K, capacity 25454K, committed 25856K, reserved 1071104K
  class space    used 3394K, capacity 3465K, committed 3584K, reserved 1048576K
Event: 4.149 GC heap after
Heap after GC invocations=57 (full 1):
 def new generation   total 4992K, used 331K [0x00000000c0000000, 0x00000000c0560000, 0x00000000d5550000)
  eden space 4480K,   0% used [0x00000000c0000000, 0x00000000c0000000, 0x00000000c0460000)
  from space 512K,  64% used [0x00000000c04e0000, 0x00000000c0532c50, 0x00000000c0560000)
  to   space 512K,   0% used [0x00000000c0460000, 0x00000000c0460000, 0x00000000c04e0000)
 tenured generation   total 10944K, used 7203K [0x00000000d5550000, 0x00000000d6000000, 0x0000000100000000)
   the space 10944K,  65% used [0x00000000d5550000, 0x00000000d5c58da0, 0x00000000d5c58e00, 0x00000000d6000000)
 Metaspace       used 25250K, capacity 25454K, committed 25856K, reserved 1071104K
  class space    used 3394K, capacity 3465K, committed 3584K, reserved 1048576K
}
Event: 4.231 GC heap before
{Heap before GC invocations=57 (full 1):
 def new generation   total 4992K, used 4811K [0x00000000c0000000, 0x00000000c0560000, 0x00000000d5550000)
  eden space 4480K, 100% used [0x00000000c0000000, 0x00000000c0460000, 0x00000000c0460000)
  from space 512K,  64% used [0x00000000c04e0000, 0x00000000c0532c50, 0x00000000c0560000)
  to   space 512K,   0% used [0x00000000c0460000, 0x00000000c0460000, 0x00000000c04e0000)
 tenured generation   total 10944K, used 7203K [0x00000000d5550000, 0x00000000d6000000, 0x0000000100000000)
   the space 10944K,  65% used [0x00000000d5550000, 0x00000000d5c58da0, 0x00000000d5c58e00, 0x00000000d6000000)
 Metaspace       used 25510K, capacity 25710K, committed 26112K, reserved 1071104K
  class space    used 3429K, capacity 3529K, committed 3584K, reserved 1048576K
Event: 4.233 GC heap after
Heap after GC invocations=58 (full 1):
 def new generation   total 4992K, used 303K [0x00000000c0000000, 0x00000000c0560000, 0x00000000d5550000)
  eden space 4480K,   0% used [0x00000000c0000000, 0x00000000c0000000, 0x00000000c0460000)
  from space 512K,  59% used [0x00000000c0460000, 0x00000000c04abd60, 0x00000000c04e0000)
  to   space 512K,   0% used [0x00000000c04e0000, 0x00000000c04e0000, 0x00000000c0560000)
 tenured generation   total 10944K, used 7306K [0x00000000d5550000, 0x00000000d6000000, 0x0000000100000000)
   the space 10944K,  66% used [0x00000000d5550000, 0x00000000d5c72860, 0x00000000d5c72a00, 0x00000000d6000000)
 Metaspace       used 25510K, capacity 25710K, committed 26112K, reserved 1071104K
  class space    used 3429K, capacity 3529K, committed 3584K, reserved 1048576K
}
Event: 4.366 GC heap before
{Heap before GC invocations=58 (full 1):
 def new generation   total 4992K, used 4783K [0x00000000c0000000, 0x00000000c0560000, 0x00000000d5550000)
  eden space 4480K, 100% used [0x00000000c0000000, 0x00000000c0460000, 0x00000000c0460000)
  from space 512K,  59% used [0x00000000c0460000, 0x00000000c04abd60, 0x00000000c04e0000)
  to   space 512K,   0% used [0x00000000c04e0000, 0x00000000c04e0000, 0x00000000c0560000)
 tenured generation   total 10944K, used 7306K [0x00000000d5550000, 0x00000000d6000000, 0x0000000100000000)
   the space 10944K,  66% used [0x00000000d5550000, 0x00000000d5c72860, 0x00000000d5c72a00, 0x00000000d6000000)
 Metaspace       used 25907K, capacity 26126K, committed 26496K, reserved 1073152K
  class space    used 3528K, capacity 3625K, committed 3712K, reserved 1048576K
Event: 4.367 GC heap after
Heap after GC invocations=59 (full 1):
 def new generation   total 4992K, used 329K [0x00000000c0000000, 0x00000000c0560000, 0x00000000d5550000)
  eden space 4480K,   0% used [0x00000000c0000000, 0x00000000c0000000, 0x00000000c0460000)
  from space 512K,  64% used [0x00000000c04e0000, 0x00000000c0532588, 0x00000000c0560000)
  to   space 512K,   0% used [0x00000000c0460000, 0x00000000c0460000, 0x00000000c04e0000)
 tenured generation   total 10944K, used 7380K [0x00000000d5550000, 0x00000000d6000000, 0x0000000100000000)
   the space 10944K,  67% used [0x00000000d5550000, 0x00000000d5c852d0, 0x00000000d5c85400, 0x00000000d6000000)
 Metaspace       used 25907K, capacity 26126K, committed 26496K, reserved 1073152K
  class space    used 3528K, capacity 3625K, committed 3712K, reserved 1048576K
}
Event: 4.458 GC heap before
{Heap before GC invocations=59 (full 1):
 def new generation   total 4992K, used 4809K [0x00000000c0000000, 0x00000000c0560000, 0x00000000d5550000)
  eden space 4480K, 100% used [0x00000000c0000000, 0x00000000c0460000, 0x00000000c0460000)
  from space 512K,  64% used [0x00000000c04e0000, 0x00000000c0532588, 0x00000000c0560000)
  to   space 512K,   0% used [0x00000000c0460000, 0x00000000c0460000, 0x00000000c04e0000)
 tenured generation   total 10944K, used 7380K [0x00000000d5550000, 0x00000000d6000000, 0x0000000100000000)
   the space 10944K,  67% used [0x00000000d5550000, 0x00000000d5c852d0, 0x00000000d5c85400, 0x00000000d6000000)
 Metaspace       used 26242K, capacity 26478K, committed 26752K, reserved 1073152K
  class space    used 3563K, capacity 3657K, committed 3712K, reserved 1048576K
Event: 4.460 GC heap after
Heap after GC invocations=60 (full 1):
 def new generation   total 4992K, used 308K [0x00000000c0000000, 0x00000000c0560000, 0x00000000d5550000)
  eden space 4480K,   0% used [0x00000000c0000000, 0x00000000c0000000, 0x00000000c0460000)
  from space 512K,  60% used [0x00000000c0460000, 0x00000000c04ad388, 0x00000000c04e0000)
  to   space 512K,   0% used [0x00000000c04e0000, 0x00000000c04e0000, 0x00000000c0560000)
 tenured generation   total 10944K, used 7439K [0x00000000d5550000, 0x00000000d6000000, 0x0000000100000000)
   the space 10944K,  67% used [0x00000000d5550000, 0x00000000d5c93cc8, 0x00000000d5c93e00, 0x00000000d6000000)
 Metaspace       used 26242K, capacity 26478K, committed 26752K, reserved 1073152K
  class space    used 3563K, capacity 3657K, committed 3712K, reserved 1048576K
}
Event: 4.563 GC heap before
{Heap before GC invocations=60 (full 1):
 def new generation   total 4992K, used 4788K [0x00000000c0000000, 0x00000000c0560000, 0x00000000d5550000)
  eden space 4480K, 100% used [0x00000000c0000000, 0x00000000c0460000, 0x00000000c0460000)
  from space 512K,  60% used [0x00000000c0460000, 0x00000000c04ad388, 0x00000000c04e0000)
  to   space 512K,   0% used [0x00000000c04e0000, 0x00000000c04e0000, 0x00000000c0560000)
 tenured generation   total 10944K, used 7439K [0x00000000d5550000, 0x00000000d6000000, 0x0000000100000000)
   the space 10944K,  67% used [0x00000000d5550000, 0x00000000d5c93cc8, 0x00000000d5c93e00, 0x00000000d6000000)
 Metaspace       used 26529K, capacity 26702K, committed 27008K, reserved 1073152K
  class space    used 3604K, capacity 3689K, committed 3712K, reserved 1048576K
Event: 4.564 GC heap after
Heap after GC invocations=61 (full 1):
 def new generation   total 4992K, used 293K [0x00000000c0000000, 0x00000000c0560000, 0x00000000d5550000)
  eden space 4480K,   0% used [0x00000000c0000000, 0x00000000c0000000, 0x00000000c0460000)
  from space 512K,  57% used [0x00000000c04e0000, 0x00000000c0529458, 0x00000000c0560000)
  to   space 512K,   0% used [0x00000000c0460000, 0x00000000c0460000, 0x00000000c04e0000)
 tenured generation   total 10944K, used 7460K [0x00000000d5550000, 0x00000000d6000000, 0x0000000100000000)
   the space 10944K,  68% used [0x00000000d5550000, 0x00000000d5c99048, 0x00000000d5c99200, 0x00000000d6000000)
 Metaspace       used 26529K, capacity 26702K, committed 27008K, reserved 1073152K
  class space    used 3604K, capacity 3689K, committed 3712K, reserved 1048576K
}
Event: 4.662 GC heap before
{Heap before GC invocations=61 (full 1):
 def new generation   total 4992K, used 4773K [0x00000000c0000000, 0x00000000c0560000, 0x00000000d5550000)
  eden space 4480K, 100% used [0x00000000c0000000, 0x00000000c0460000, 0x00000000c0460000)
  from space 512K,  57% used [0x00000000c04e0000, 0x00000000c0529458, 0x00000000c0560000)
  to   space 512K,   0% used [0x00000000c0460000, 0x00000000c0460000, 0x00000000c04e0000)
 tenured generation   total 10944K, used 7460K [0x00000000d5550000, 0x00000000d6000000, 0x0000000100000000)
   the space 10944K,  68% used [0x00000000d5550000, 0x00000000d5c99048, 0x00000000d5c99200, 0x00000000d6000000)
 Metaspace       used 26750K, capacity 26990K, committed 27392K, reserved 1073152K
  class space    used 3628K, capacity 3721K, committed 3840K, reserved 1048576K
Event: 4.664 GC heap after
Heap after GC invocations=62 (full 1):
 def new generation   total 4992K, used 419K [0x00000000c0000000, 0x00000000c0560000, 0x00000000d5550000)
  eden space 4480K,   0% used [0x00000000c0000000, 0x00000000c0000000, 0x00000000c0460000)
  from space 512K,  81% used [0x00000000c0460000, 0x00000000c04c8d68, 0x00000000c04e0000)
  to   space 512K,   0% used [0x00000000c04e0000, 0x00000000c04e0000, 0x00000000c0560000)
 tenured generation   total 10944K, used 7509K [0x00000000d5550000, 0x00000000d6000000, 0x0000000100000000)
   the space 10944K,  68% used [0x00000000d5550000, 0x00000000d5ca5760, 0x00000000d5ca5800, 0x00000000d6000000)
 Metaspace       used 26750K, capacity 26990K, committed 27392K, reserved 1073152K
  class space    used 3628K, capacity 3721K, committed 3840K, reserved 1048576K
}
Event: 4.727 GC heap before
{Heap before GC invocations=62 (full 1):
 def new generation   total 4992K, used 4899K [0x00000000c0000000, 0x00000000c0560000, 0x00000000d5550000)
  eden space 4480K, 100% used [0x00000000c0000000, 0x00000000c0460000, 0x00000000c0460000)
  from space 512K,  81% used [0x00000000c0460000, 0x00000000c04c8d68, 0x00000000c04e0000)
  to   space 512K,   0% used [0x00000000c04e0000, 0x00000000c04e0000, 0x00000000c0560000)
 tenured generation   total 10944K, used 7509K [0x00000000d5550000, 0x00000000d6000000, 0x0000000100000000)
   the space 10944K,  68% used [0x00000000d5550000, 0x00000000d5ca5760, 0x00000000d5ca5800, 0x00000000d6000000)
 Metaspace       used 27018K, capacity 27278K, committed 27648K, reserved 1073152K
  class space    used 3664K, capacity 3753K, committed 3840K, reserved 1048576K
Event: 4.729 GC heap after
Heap after GC invocations=63 (full 1):
 def new generation   total 4992K, used 274K [0x00000000c0000000, 0x00000000c0560000, 0x00000000d5550000)
  eden space 4480K,   0% used [0x00000000c0000000, 0x00000000c0000000, 0x00000000c0460000)
  from space 512K,  53% used [0x00000000c04e0000, 0x00000000c0524868, 0x00000000c0560000)
  to   space 512K,   0% used [0x00000000c0460000, 0x00000000c0460000, 0x00000000c04e0000)
 tenured generation   total 10944K, used 7750K [0x00000000d5550000, 0x00000000d6000000, 0x0000000100000000)
   the space 10944K,  70% used [0x00000000d5550000, 0x00000000d5ce1bb8, 0x00000000d5ce1c00, 0x00000000d6000000)
 Metaspace       used 27018K, capacity 27278K, committed 27648K, reserved 1073152K
  class space    used 3664K, capacity 3753K, committed 3840K, reserved 1048576K
}
Event: 4.837 GC heap before
{Heap before GC invocations=63 (full 1):
 def new generation   total 4992K, used 4754K [0x00000000c0000000, 0x00000000c0560000, 0x00000000d5550000)
  eden space 4480K, 100% used [0x00000000c0000000, 0x00000000c0460000, 0x00000000c0460000)
  from space 512K,  53% used [0x00000000c04e0000, 0x00000000c0524868, 0x00000000c0560000)
  to   space 512K,   0% used [0x00000000c0460000, 0x00000000c0460000, 0x00000000c04e0000)
 tenured generation   total 10944K, used 7750K [0x00000000d5550000, 0x00000000d6000000, 0x0000000100000000)
   the space 10944K,  70% used [0x00000000d5550000, 0x00000000d5ce1bb8, 0x00000000d5ce1c00, 0x00000000d6000000)
 Metaspace       used 27366K, capacity 27566K, committed 27904K, reserved 1073152K
  class space    used 3710K, capacity 3785K, committed 3840K, reserved 1048576K
Event: 4.839 GC heap after
Heap after GC invocations=64 (full 1):
 def new generation   total 4992K, used 327K [0x00000000c0000000, 0x00000000c0560000, 0x00000000d5550000)
  eden space 4480K,   0% used [0x00000000c0000000, 0x00000000c0000000, 0x00000000c0460000)
  from space 512K,  63% used [0x00000000c0460000, 0x00000000c04b1c40, 0x00000000c04e0000)
  to   space 512K,   0% used [0x00000000c04e0000, 0x00000000c04e0000, 0x00000000c0560000)
 tenured generation   total 10944K, used 7790K [0x00000000d5550000, 0x00000000d6000000, 0x0000000100000000)
   the space 10944K,  71% used [0x00000000d5550000, 0x00000000d5cebb48, 0x00000000d5cebc00, 0x00000000d6000000)
 Metaspace       used 27366K, capacity 27566K, committed 27904K, reserved 1073152K
  class space    used 3710K, capacity 3785K, committed 3840K, reserved 1048576K
}
Event: 5.014 GC heap before
{Heap before GC invocations=64 (full 1):
 def new generation   total 4992K, used 4807K [0x00000000c0000000, 0x00000000c0560000, 0x00000000d5550000)
  eden space 4480K, 100% used [0x00000000c0000000, 0x00000000c0460000, 0x00000000c0460000)
  from space 512K,  63% used [0x00000000c0460000, 0x00000000c04b1c40, 0x00000000c04e0000)
  to   space 512K,   0% used [0x00000000c04e0000, 0x00000000c04e0000, 0x00000000c0560000)
 tenured generation   total 10944K, used 7790K [0x00000000d5550000, 0x00000000d6000000, 0x0000000100000000)
   the space 10944K,  71% used [0x00000000d5550000, 0x00000000d5cebb48, 0x00000000d5cebc00, 0x00000000d6000000)
 Metaspace       used 27812K, capacity 28054K, committed 28544K, reserved 1073152K
  class space    used 3775K, capacity 3859K, committed 3968K, reserved 1048576K
Event: 5.016 GC heap after
Heap after GC invocations=65 (full 1):
 def new generation   total 4992K, used 511K [0x00000000c0000000, 0x00000000c0560000, 0x00000000d5550000)
  eden space 4480K,   0% used [0x00000000c0000000, 0x00000000c0000000, 0x00000000c0460000)
  from space 512K,  99% used [0x00000000c04e0000, 0x00000000c055ff50, 0x00000000c0560000)
  to   space 512K,   0% used [0x00000000c0460000, 0x00000000c0460000, 0x00000000c04e0000)
 tenured generation   total 10944K, used 7926K [0x00000000d5550000, 0x00000000d6000000, 0x0000000100000000)
   the space 10944K,  72% used [0x00000000d5550000, 0x00000000d5d0db00, 0x00000000d5d0dc00, 0x00000000d6000000)
 Metaspace       used 27812K, capacity 28054K, committed 28544K, reserved 1073152K
  class space    used 3775K, capacity 3859K, committed 3968K, reserved 1048576K
}
Event: 5.136 GC heap before
{Heap before GC invocations=65 (full 1):
 def new generation   total 4992K, used 4991K [0x00000000c0000000, 0x00000000c0560000, 0x00000000d5550000)
  eden space 4480K, 100% used [0x00000000c0000000, 0x00000000c0460000, 0x00000000c0460000)
  from space 512K,  99% used [0x00000000c04e0000, 0x00000000c055ff50, 0x00000000c0560000)
  to   space 512K,   0% used [0x00000000c0460000, 0x00000000c0460000, 0x00000000c04e0000)
 tenured generation   total 10944K, used 7926K [0x00000000d5550000, 0x00000000d6000000, 0x0000000100000000)
   the space 10944K,  72% used [0x00000000d5550000, 0x00000000d5d0db00, 0x00000000d5d0dc00, 0x00000000d6000000)
 Metaspace       used 27954K, capacity 28182K, committed 28544K, reserved 1073152K
  class space    used 3785K, capacity 3859K, committed 3968K, reserved 1048576K
Event: 5.138 GC heap after
Heap after GC invocations=66 (full 1):
 def new generation   total 4992K, used 315K [0x00000000c0000000, 0x00000000c0560000, 0x00000000d5550000)
  eden space 4480K,   0% used [0x00000000c0000000, 0x00000000c0000000, 0x00000000c0460000)
  from space 512K,  61% used [0x00000000c0460000, 0x00000000c04aec88, 0x00000000c04e0000)
  to   space 512K,   0% used [0x00000000c04e0000, 0x00000000c04e0000, 0x00000000c0560000)
 tenured generation   total 10944K, used 8298K [0x00000000d5550000, 0x00000000d6000000, 0x0000000100000000)
   the space 10944K,  75% used [0x00000000d5550000, 0x00000000d5d6a8a8, 0x00000000d5d6aa00, 0x00000000d6000000)
 Metaspace       used 27954K, capacity 28182K, committed 28544K, reserved 1073152K
  class space    used 3785K, capacity 3859K, committed 3968K, reserved 1048576K
}
Event: 5.208 GC heap before
{Heap before GC invocations=66 (full 1):
 def new generation   total 4992K, used 4795K [0x00000000c0000000, 0x00000000c0560000, 0x00000000d5550000)
  eden space 4480K, 100% used [0x00000000c0000000, 0x00000000c0460000, 0x00000000c0460000)
  from space 512K,  61% used [0x00000000c0460000, 0x00000000c04aec88, 0x00000000c04e0000)
  to   space 512K,   0% used [0x00000000c04e0000, 0x00000000c04e0000, 0x00000000c0560000)
 tenured generation   total 10944K, used 8298K [0x00000000d5550000, 0x00000000d6000000, 0x0000000100000000)
   the space 10944K,  75% used [0x00000000d5550000, 0x00000000d5d6a8a8, 0x00000000d5d6aa00, 0x00000000d6000000)
 Metaspace       used 27966K, capacity 28182K, committed 28544K, reserved 1073152K
  class space    used 3787K, capacity 3859K, committed 3968K, reserved 1048576K
Event: 5.210 GC heap after
Heap after GC invocations=67 (full 1):
 def new generation   total 4992K, used 163K [0x00000000c0000000, 0x00000000c0560000, 0x00000000d5550000)
  eden space 4480K,   0% used [0x00000000c0000000, 0x00000000c0000000, 0x00000000c0460000)
  from space 512K,  31% used [0x00000000c04e0000, 0x00000000c0508d50, 0x00000000c0560000)
  to   space 512K,   0% used [0x00000000c0460000, 0x00000000c0460000, 0x00000000c04e0000)
 tenured generation   total 10944K, used 8412K [0x00000000d5550000, 0x00000000d6000000, 0x0000000100000000)
   the space 10944K,  76% used [0x00000000d5550000, 0x00000000d5d87198, 0x00000000d5d87200, 0x00000000d6000000)
 Metaspace       used 27966K, capacity 28182K, committed 28544K, reserved 1073152K
  class space    used 3787K, capacity 3859K, committed 3968K, reserved 1048576K
}
Event: 5.300 GC heap before
{Heap before GC invocations=67 (full 1):
 def new generation   total 4992K, used 4643K [0x00000000c0000000, 0x00000000c0560000, 0x00000000d5550000)
  eden space 4480K, 100% used [0x00000000c0000000, 0x00000000c0460000, 0x00000000c0460000)
  from space 512K,  31% used [0x00000000c04e0000, 0x00000000c0508d50, 0x00000000c0560000)
  to   space 512K,   0% used [0x00000000c0460000, 0x00000000c0460000, 0x00000000c04e0000)
 tenured generation   total 10944K, used 8412K [0x00000000d5550000, 0x00000000d6000000, 0x0000000100000000)
   the space 10944K,  76% used [0x00000000d5550000, 0x00000000d5d87198, 0x00000000d5d87200, 0x00000000d6000000)
 Metaspace       used 27981K, capacity 28182K, committed 28544K, reserved 1073152K
  class space    used 3788K, capacity 3859K, committed 3968K, reserved 1048576K
Event: 5.302 GC heap after
Heap after GC invocations=68 (full 1):
 def new generation   total 4992K, used 186K [0x00000000c0000000, 0x00000000c0560000, 0x00000000d5550000)
  eden space 4480K,   0% used [0x00000000c0000000, 0x00000000c0000000, 0x00000000c0460000)
  from space 512K,  36% used [0x00000000c0460000, 0x00000000c048ebb0, 0x00000000c04e0000)
  to   space 512K,   0% used [0x00000000c04e0000, 0x00000000c04e0000, 0x00000000c0560000)
 tenured generation   total 10944K, used 8412K [0x00000000d5550000, 0x00000000d6000000, 0x0000000100000000)
   the space 10944K,  76% used [0x00000000d5550000, 0x00000000d5d87198, 0x00000000d5d87200, 0x00000000d6000000)
 Metaspace       used 27981K, capacity 28182K, committed 28544K, reserved 1073152K
  class space    used 3788K, capacity 3859K, committed 3968K, reserved 1048576K
}
Event: 5.405 GC heap before
{Heap before GC invocations=68 (full 1):
 def new generation   total 4992K, used 4666K [0x00000000c0000000, 0x00000000c0560000, 0x00000000d5550000)
  eden space 4480K, 100% used [0x00000000c0000000, 0x00000000c0460000, 0x00000000c0460000)
  from space 512K,  36% used [0x00000000c0460000, 0x00000000c048ebb0, 0x00000000c04e0000)
  to   space 512K,   0% used [0x00000000c04e0000, 0x00000000c04e0000, 0x00000000c0560000)
 tenured generation   total 10944K, used 8412K [0x00000000d5550000, 0x00000000d6000000, 0x0000000100000000)
   the space 10944K,  76% used [0x00000000d5550000, 0x00000000d5d87198, 0x00000000d5d87200, 0x00000000d6000000)
 Metaspace       used 28115K, capacity 28342K, committed 28800K, reserved 1075200K
  class space    used 3811K, capacity 3891K, committed 3968K, reserved 1048576K
Event: 5.407 GC heap after
Heap after GC invocations=69 (full 1):
 def new generation   total 4992K, used 248K [0x00000000c0000000, 0x00000000c0560000, 0x00000000d5550000)
  eden space 4480K,   0% used [0x00000000c0000000, 0x00000000c0000000, 0x00000000c0460000)
  from space 512K,  48% used [0x00000000c04e0000, 0x00000000c051e0e0, 0x00000000c0560000)
  to   space 512K,   0% used [0x00000000c0460000, 0x00000000c0460000, 0x00000000c04e0000)
 tenured generation   total 10944K, used 8412K [0x00000000d5550000, 0x00000000d6000000, 0x0000000100000000)
   the space 10944K,  76% used [0x00000000d5550000, 0x00000000d5d87198, 0x00000000d5d87200, 0x00000000d6000000)
 Metaspace       used 28115K, capacity 28342K, committed 28800K, reserved 1075200K
  class space    used 3811K, capacity 3891K, committed 3968K, reserved 1048576K
}
Event: 5.474 GC heap before
{Heap before GC invocations=69 (full 1):
 def new generation   total 4992K, used 4728K [0x00000000c0000000, 0x00000000c0560000, 0x00000000d5550000)
  eden space 4480K, 100% used [0x00000000c0000000, 0x00000000c0460000, 0x00000000c0460000)
  from space 512K,  48% used [0x00000000c04e0000, 0x00000000c051e0e0, 0x00000000c0560000)
  to   space 512K,   0% used [0x00000000c0460000, 0x00000000c0460000, 0x00000000c04e0000)
 tenured generation   total 10944K, used 8412K [0x00000000d5550000, 0x00000000d6000000, 0x0000000100000000)
   the space 10944K,  76% used [0x00000000d5550000, 0x00000000d5d87198, 0x00000000d5d87200, 0x00000000d6000000)
 Metaspace       used 28338K, capacity 28502K, committed 28800K, reserved 1075200K
  class space    used 3856K, capacity 3923K, committed 3968K, reserved 1048576K
Event: 5.476 GC heap after
Heap after GC invocations=70 (full 1):
 def new generation   total 4992K, used 332K [0x00000000c0000000, 0x00000000c0560000, 0x00000000d5550000)
  eden space 4480K,   0% used [0x00000000c0000000, 0x00000000c0000000, 0x00000000c0460000)
  from space 512K,  64% used [0x00000000c0460000, 0x00000000c04b30d0, 0x00000000c04e0000)
  to   space 512K,   0% used [0x00000000c04e0000, 0x00000000c04e0000, 0x00000000c0560000)
 tenured generation   total 10944K, used 8412K [0x00000000d5550000, 0x00000000d6000000, 0x0000000100000000)
   the space 10944K,  76% used [0x00000000d5550000, 0x00000000d5d87198, 0x00000000d5d87200, 0x00000000d6000000)
 Metaspace       used 28338K, capacity 28502K, committed 28800K, reserved 1075200K
  class space    used 3856K, capacity 3923K, committed 3968K, reserved 1048576K
}
Event: 5.566 GC heap before
{Heap before GC invocations=70 (full 1):
 def new generation   total 4992K, used 4812K [0x00000000c0000000, 0x00000000c0560000, 0x00000000d5550000)
  eden space 4480K, 100% used [0x00000000c0000000, 0x00000000c0460000, 0x00000000c0460000)
  from space 512K,  64% used [0x00000000c0460000, 0x00000000c04b30d0, 0x00000000c04e0000)
  to   space 512K,   0% used [0x00000000c04e0000, 0x00000000c04e0000, 0x00000000c0560000)
 tenured generation   total 10944K, used 8412K [0x00000000d5550000, 0x00000000d6000000, 0x0000000100000000)
   the space 10944K,  76% used [0x00000000d5550000, 0x00000000d5d87198, 0x00000000d5d87200, 0x00000000d6000000)
 Metaspace       used 28553K, capacity 28758K, committed 29184K, reserved 1075200K
  class space    used 3906K, capacity 3987K, committed 4096K, reserved 1048576K
Event: 5.568 GC heap after
Heap after GC invocations=71 (full 1):
 def new generation   total 4992K, used 223K [0x00000000c0000000, 0x00000000c0560000, 0x00000000d5550000)
  eden space 4480K,   0% used [0x00000000c0000000, 0x00000000c0000000, 0x00000000c0460000)
  from space 512K,  43% used [0x00000000c04e0000, 0x00000000c0517e48, 0x00000000c0560000)
  to   space 512K,   0% used [0x00000000c0460000, 0x00000000c0460000, 0x00000000c04e0000)
 tenured generation   total 10944K, used 8518K [0x00000000d5550000, 0x00000000d6000000, 0x0000000100000000)
   the space 10944K,  77% used [0x00000000d5550000, 0x00000000d5da1b18, 0x00000000d5da1c00, 0x00000000d6000000)
 Metaspace       used 28553K, capacity 28758K, committed 29184K, reserved 1075200K
  class space    used 3906K, capacity 3987K, committed 4096K, reserved 1048576K
}
Event: 5.694 GC heap before
{Heap before GC invocations=71 (full 1):
 def new generation   total 4992K, used 4703K [0x00000000c0000000, 0x00000000c0560000, 0x00000000d5550000)
  eden space 4480K, 100% used [0x00000000c0000000, 0x00000000c0460000, 0x00000000c0460000)
  from space 512K,  43% used [0x00000000c04e0000, 0x00000000c0517e48, 0x00000000c0560000)
  to   space 512K,   0% used [0x00000000c0460000, 0x00000000c0460000, 0x00000000c04e0000)
 tenured generation   total 10944K, used 8518K [0x00000000d5550000, 0x00000000d6000000, 0x0000000100000000)
   the space 10944K,  77% used [0x00000000d5550000, 0x00000000d5da1b18, 0x00000000d5da1c00, 0x00000000d6000000)
 Metaspace       used 28848K, capacity 29110K, committed 29440K, reserved 1075200K
  class space    used 3938K, capacity 4019K, committed 4096K, reserved 1048576K
Event: 5.696 GC heap after
Heap after GC invocations=72 (full 1):
 def new generation   total 4992K, used 254K [0x00000000c0000000, 0x00000000c0560000, 0x00000000d5550000)
  eden space 4480K,   0% used [0x00000000c0000000, 0x00000000c0000000, 0x00000000c0460000)
  from space 512K,  49% used [0x00000000c0460000, 0x00000000c049f990, 0x00000000c04e0000)
  to   space 512K,   0% used [0x00000000c04e0000, 0x00000000c04e0000, 0x00000000c0560000)
 tenured generation   total 10944K, used 8518K [0x00000000d5550000, 0x00000000d6000000, 0x0000000100000000)
   the space 10944K,  77% used [0x00000000d5550000, 0x00000000d5da1b18, 0x00000000d5da1c00, 0x00000000d6000000)
 Metaspace       used 28848K, capacity 29110K, committed 29440K, reserved 1075200K
  class space    used 3938K, capacity 4019K, committed 4096K, reserved 1048576K
}
Event: 5.814 GC heap before
{Heap before GC invocations=72 (full 1):
 def new generation   total 4992K, used 4734K [0x00000000c0000000, 0x00000000c0560000, 0x00000000d5550000)
  eden space 4480K, 100% used [0x00000000c0000000, 0x00000000c0460000, 0x00000000c0460000)
  from space 512K,  49% used [0x00000000c0460000, 0x00000000c049f990, 0x00000000c04e0000)
  to   space 512K,   0% used [0x00000000c04e0000, 0x00000000c04e0000, 0x00000000c0560000)
 tenured generation   total 10944K, used 8518K [0x00000000d5550000, 0x00000000d6000000, 0x0000000100000000)
   the space 10944K,  77% used [0x00000000d5550000, 0x00000000d5da1b18, 0x00000000d5da1c00, 0x00000000d6000000)
 Metaspace       used 29061K, capacity 29270K, committed 29696K, reserved 1075200K
  class space    used 3975K, capacity 4051K, committed 4096K, reserved 1048576K
Event: 5.816 GC heap after
Heap after GC invocations=73 (full 1):
 def new generation   total 4992K, used 362K [0x00000000c0000000, 0x00000000c0560000, 0x00000000d5550000)
  eden space 4480K,   0% used [0x00000000c0000000, 0x00000000c0000000, 0x00000000c0460000)
  from space 512K,  70% used [0x00000000c04e0000, 0x00000000c053a958, 0x00000000c0560000)
  to   space 512K,   0% used [0x00000000c0460000, 0x00000000c0460000, 0x00000000c04e0000)
 tenured generation   total 10944K, used 8518K [0x00000000d5550000, 0x00000000d6000000, 0x0000000100000000)
   the space 10944K,  77% used [0x00000000d5550000, 0x00000000d5da1b18, 0x00000000d5da1c00, 0x00000000d6000000)
 Metaspace       used 29061K, capacity 29270K, committed 29696K, reserved 1075200K
  class space    used 3975K, capacity 4051K, committed 4096K, reserved 1048576K
}
Event: 5.906 GC heap before
{Heap before GC invocations=73 (full 1):
 def new generation   total 4992K, used 4840K [0x00000000c0000000, 0x00000000c0560000, 0x00000000d5550000)
  eden space 4480K,  99% used [0x00000000c0000000, 0x00000000c045f9f0, 0x00000000c0460000)
  from space 512K,  70% used [0x00000000c04e0000, 0x00000000c053a958, 0x00000000c0560000)
  to   space 512K,   0% used [0x00000000c0460000, 0x00000000c0460000, 0x00000000c04e0000)
 tenured generation   total 10944K, used 8518K [0x00000000d5550000, 0x00000000d6000000, 0x0000000100000000)
   the space 10944K,  77% used [0x00000000d5550000, 0x00000000d5da1b18, 0x00000000d5da1c00, 0x00000000d6000000)
 Metaspace       used 29302K, capacity 29494K, committed 29696K, reserved 1075200K
  class space    used 4013K, capacity 4083K, committed 4096K, reserved 1048576K
Event: 5.908 GC heap after
Heap after GC invocations=74 (full 1):
 def new generation   total 4992K, used 303K [0x00000000c0000000, 0x00000000c0560000, 0x00000000d5550000)
  eden space 4480K,   0% used [0x00000000c0000000, 0x00000000c0000000, 0x00000000c0460000)
  from space 512K,  59% used [0x00000000c0460000, 0x00000000c04abee8, 0x00000000c04e0000)
  to   space 512K,   0% used [0x00000000c04e0000, 0x00000000c04e0000, 0x00000000c0560000)
 tenured generation   total 10944K, used 8683K [0x00000000d5550000, 0x00000000d6000000, 0x0000000100000000)
   the space 10944K,  79% used [0x00000000d5550000, 0x00000000d5dcafc0, 0x00000000d5dcb000, 0x00000000d6000000)
 Metaspace       used 29302K, capacity 29494K, committed 29696K, reserved 1075200K
  class space    used 4013K, capacity 4083K, committed 4096K, reserved 1048576K
}
Event: 6.016 GC heap before
{Heap before GC invocations=74 (full 1):
 def new generation   total 4992K, used 4783K [0x00000000c0000000, 0x00000000c0560000, 0x00000000d5550000)
  eden space 4480K, 100% used [0x00000000c0000000, 0x00000000c0460000, 0x00000000c0460000)
  from space 512K,  59% used [0x00000000c0460000, 0x00000000c04abee8, 0x00000000c04e0000)
  to   space 512K,   0% used [0x00000000c04e0000, 0x00000000c04e0000, 0x00000000c0560000)
 tenured generation   total 10944K, used 8683K [0x00000000d5550000, 0x00000000d6000000, 0x0000000100000000)
   the space 10944K,  79% used [0x00000000d5550000, 0x00000000d5dcafc0, 0x00000000d5dcb000, 0x00000000d6000000)
 Metaspace       used 29577K, capacity 29782K, committed 30080K, reserved 1075200K
  class space    used 4043K, capacity 4115K, committed 4224K, reserved 1048576K
Event: 6.018 GC heap after
Heap after GC invocations=75 (full 1):
 def new generation   total 4992K, used 269K [0x00000000c0000000, 0x00000000c0560000, 0x00000000d5550000)
  eden space 4480K,   0% used [0x00000000c0000000, 0x00000000c0000000, 0x00000000c0460000)
  from space 512K,  52% used [0x00000000c04e0000, 0x00000000c05237a8, 0x00000000c0560000)
  to   space 512K,   0% used [0x00000000c0460000, 0x00000000c0460000, 0x00000000c04e0000)
 tenured generation   total 10944K, used 8721K [0x00000000d5550000, 0x00000000d6000000, 0x0000000100000000)
   the space 10944K,  79% used [0x00000000d5550000, 0x00000000d5dd4570, 0x00000000d5dd4600, 0x00000000d6000000)
 Metaspace       used 29577K, capacity 29782K, committed 30080K, reserved 1075200K
  class space    used 4043K, capacity 4115K, committed 4224K, reserved 1048576K
}
Event: 6.095 GC heap before
{Heap before GC invocations=75 (full 1):
 def new generation   total 4992K, used 4749K [0x00000000c0000000, 0x00000000c0560000, 0x00000000d5550000)
  eden space 4480K, 100% used [0x00000000c0000000, 0x00000000c0460000, 0x00000000c0460000)
  from space 512K,  52% used [0x00000000c04e0000, 0x00000000c05237a8, 0x00000000c0560000)
  to   space 512K,   0% used [0x00000000c0460000, 0x00000000c0460000, 0x00000000c04e0000)
 tenured generation   total 10944K, used 8721K [0x00000000d5550000, 0x00000000d6000000, 0x0000000100000000)
   the space 10944K,  79% used [0x00000000d5550000, 0x00000000d5dd4570, 0x00000000d5dd4600, 0x00000000d6000000)
 Metaspace       used 29983K, capacity 30198K, committed 30592K, reserved 1075200K
  class space    used 4074K, capacity 4147K, committed 4224K, reserved 1048576K
Event: 6.096 GC heap after
Heap after GC invocations=76 (full 1):
 def new generation   total 4992K, used 383K [0x00000000c0000000, 0x00000000c0560000, 0x00000000d5550000)
  eden space 4480K,   0% used [0x00000000c0000000, 0x00000000c0000000, 0x00000000c0460000)
  from space 512K,  74% used [0x00000000c0460000, 0x00000000c04bfd18, 0x00000000c04e0000)
  to   space 512K,   0% used [0x00000000c04e0000, 0x00000000c04e0000, 0x00000000c0560000)
 tenured generation   total 10944K, used 8788K [0x00000000d5550000, 0x00000000d6000000, 0x0000000100000000)
   the space 10944K,  80% used [0x00000000d5550000, 0x00000000d5de5180, 0x00000000d5de5200, 0x00000000d6000000)
 Metaspace       used 29983K, capacity 30198K, committed 30592K, reserved 1075200K
  class space    used 4074K, capacity 4147K, committed 4224K, reserved 1048576K
}
Event: 6.188 GC heap before
{Heap before GC invocations=76 (full 1):
 def new generation   total 4992K, used 4863K [0x00000000c0000000, 0x00000000c0560000, 0x00000000d5550000)
  eden space 4480K, 100% used [0x00000000c0000000, 0x00000000c0460000, 0x00000000c0460000)
  from space 512K,  74% used [0x00000000c0460000, 0x00000000c04bfd18, 0x00000000c04e0000)
  to   space 512K,   0% used [0x00000000c04e0000, 0x00000000c04e0000, 0x00000000c0560000)
 tenured generation   total 10944K, used 8788K [0x00000000d5550000, 0x00000000d6000000, 0x0000000100000000)
   the space 10944K,  80% used [0x00000000d5550000, 0x00000000d5de5180, 0x00000000d5de5200, 0x00000000d6000000)
 Metaspace       used 30324K, capacity 30550K, committed 30848K, reserved 1075200K
  class space    used 4105K, capacity 4179K, committed 4224K, reserved 1048576K
Event: 6.189 GC heap after
Heap after GC invocations=77 (full 1):
 def new generation   total 4992K, used 327K [0x00000000c0000000, 0x00000000c0560000, 0x00000000d5550000)
  eden space 4480K,   0% used [0x00000000c0000000, 0x00000000c0000000, 0x00000000c0460000)
  from space 512K,  63% used [0x00000000c04e0000, 0x00000000c0531c48, 0x00000000c0560000)
  to   space 512K,   0% used [0x00000000c0460000, 0x00000000c0460000, 0x00000000c04e0000)
 tenured generation   total 10944K, used 8803K [0x00000000d5550000, 0x00000000d6000000, 0x0000000100000000)
   the space 10944K,  80% used [0x00000000d5550000, 0x00000000d5de8fc0, 0x00000000d5de9000, 0x00000000d6000000)
 Metaspace       used 30324K, capacity 30550K, committed 30848K, reserved 1075200K
  class space    used 4105K, capacity 4179K, committed 4224K, reserved 1048576K
}
Event: 6.270 GC heap before
{Heap before GC invocations=77 (full 1):
 def new generation   total 4992K, used 4807K [0x00000000c0000000, 0x00000000c0560000, 0x00000000d5550000)
  eden space 4480K, 100% used [0x00000000c0000000, 0x00000000c0460000, 0x00000000c0460000)
  from space 512K,  63% used [0x00000000c04e0000, 0x00000000c0531c48, 0x00000000c0560000)
  to   space 512K,   0% used [0x00000000c0460000, 0x00000000c0460000, 0x00000000c04e0000)
 tenured generation   total 10944K, used 8803K [0x00000000d5550000, 0x00000000d6000000, 0x0000000100000000)
   the space 10944K,  80% used [0x00000000d5550000, 0x00000000d5de8fc0, 0x00000000d5de9000, 0x00000000d6000000)
 Metaspace       used 30731K, capacity 30966K, committed 31360K, reserved 1077248K
  class space    used 4136K, capacity 4211K, committed 4224K, reserved 1048576K
Event: 6.271 GC heap after
Heap after GC invocations=78 (full 1):
 def new generation   total 4992K, used 389K [0x00000000c0000000, 0x00000000c0560000, 0x00000000d5550000)
  eden space 4480K,   0% used [0x00000000c0000000, 0x00000000c0000000, 0x00000000c0460000)
  from space 512K,  75% used [0x00000000c0460000, 0x00000000c04c1460, 0x00000000c04e0000)
  to   space 512K,   0% used [0x00000000c04e0000, 0x00000000c04e0000, 0x00000000c0560000)
 tenured generation   total 10944K, used 8844K [0x00000000d5550000, 0x00000000d6000000, 0x0000000100000000)
   the space 10944K,  80% used [0x00000000d5550000, 0x00000000d5df30c8, 0x00000000d5df3200, 0x00000000d6000000)
 Metaspace       used 30731K, capacity 30966K, committed 31360K, reserved 1077248K
  class space    used 4136K, capacity 4211K, committed 4224K, reserved 1048576K
}
Event: 6.352 GC heap before
{Heap before GC invocations=78 (full 1):
 def new generation   total 4992K, used 4846K [0x00000000c0000000, 0x00000000c0560000, 0x00000000d5550000)
  eden space 4480K,  99% used [0x00000000c0000000, 0x00000000c045a4f8, 0x00000000c0460000)
  from space 512K,  75% used [0x00000000c0460000, 0x00000000c04c1460, 0x00000000c04e0000)
  to   space 512K,   0% used [0x00000000c04e0000, 0x00000000c04e0000, 0x00000000c0560000)
 tenured generation   total 10944K, used 8844K [0x00000000d5550000, 0x00000000d6000000, 0x0000000100000000)
   the space 10944K,  80% used [0x00000000d5550000, 0x00000000d5df30c8, 0x00000000d5df3200, 0x00000000d6000000)
 Metaspace       used 30958K, capacity 31190K, committed 31488K, reserved 1077248K
  class space    used 4171K, capacity 4243K, committed 4352K, reserved 1048576K
Event: 6.353 GC heap after
Heap after GC invocations=79 (full 1):
 def new generation   total 4992K, used 272K [0x00000000c0000000, 0x00000000c0560000, 0x00000000d5550000)
  eden space 4480K,   0% used [0x00000000c0000000, 0x00000000c0000000, 0x00000000c0460000)
  from space 512K,  53% used [0x00000000c04e0000, 0x00000000c0524000, 0x00000000c0560000)
  to   space 512K,   0% used [0x00000000c0460000, 0x00000000c0460000, 0x00000000c04e0000)
 tenured generation   total 10944K, used 8876K [0x00000000d5550000, 0x00000000d6000000, 0x0000000100000000)
   the space 10944K,  81% used [0x00000000d5550000, 0x00000000d5dfb0a8, 0x00000000d5dfb200, 0x00000000d6000000)
 Metaspace       used 30958K, capacity 31190K, committed 31488K, reserved 1077248K
  class space    used 4171K, capacity 4243K, committed 4352K, reserved 1048576K
}
Event: 6.426 GC heap before
{Heap before GC invocations=79 (full 1):
 def new generation   total 4992K, used 4752K [0x00000000c0000000, 0x00000000c0560000, 0x00000000d5550000)
  eden space 4480K, 100% used [0x00000000c0000000, 0x00000000c0460000, 0x00000000c0460000)
  from space 512K,  53% used [0x00000000c04e0000, 0x00000000c0524000, 0x00000000c0560000)
  to   space 512K,   0% used [0x00000000c0460000, 0x00000000c0460000, 0x00000000c04e0000)
 tenured generation   total 10944K, used 8876K [0x00000000d5550000, 0x00000000d6000000, 0x0000000100000000)
   the space 10944K,  81% used [0x00000000d5550000, 0x00000000d5dfb0a8, 0x00000000d5dfb200, 0x00000000d6000000)
 Metaspace       used 31222K, capacity 31414K, committed 31744K, reserved 1077248K
  class space    used 4201K, capacity 4275K, committed 4352K, reserved 1048576K
Event: 6.428 GC heap after
Heap after GC invocations=80 (full 1):
 def new generation   total 4992K, used 325K [0x00000000c0000000, 0x00000000c0560000, 0x00000000d5550000)
  eden space 4480K,   0% used [0x00000000c0000000, 0x00000000c0000000, 0x00000000c0460000)
  from space 512K,  63% used [0x00000000c0460000, 0x00000000c04b1608, 0x00000000c04e0000)
  to   space 512K,   0% used [0x00000000c04e0000, 0x00000000c04e0000, 0x00000000c0560000)
 tenured generation   total 10944K, used 8928K [0x00000000d5550000, 0x00000000d6000000, 0x0000000100000000)
   the space 10944K,  81% used [0x00000000d5550000, 0x00000000d5e08110, 0x00000000d5e08200, 0x00000000d6000000)
 Metaspace       used 31222K, capacity 31414K, committed 31744K, reserved 1077248K
  class space    used 4201K, capacity 4275K, committed 4352K, reserved 1048576K
}
Event: 6.471 GC heap before
{Heap before GC invocations=80 (full 1):
 def new generation   total 4992K, used 4805K [0x00000000c0000000, 0x00000000c0560000, 0x00000000d5550000)
  eden space 4480K, 100% used [0x00000000c0000000, 0x00000000c0460000, 0x00000000c0460000)
  from space 512K,  63% used [0x00000000c0460000, 0x00000000c04b1608, 0x00000000c04e0000)
  to   space 512K,   0% used [0x00000000c04e0000, 0x00000000c04e0000, 0x00000000c0560000)
 tenured generation   total 10944K, used 8928K [0x00000000d5550000, 0x00000000d6000000, 0x0000000100000000)
   the space 10944K,  81% used [0x00000000d5550000, 0x00000000d5e08110, 0x00000000d5e08200, 0x00000000d6000000)
 Metaspace       used 31410K, capacity 31638K, committed 32000K, reserved 1077248K
  class space    used 4227K, capacity 4307K, committed 4352K, reserved 1048576K
Event: 6.473 GC heap after
Heap after GC invocations=81 (full 1):
 def new generation   total 4992K, used 275K [0x00000000c0000000, 0x00000000c0560000, 0x00000000d5550000)
  eden space 4480K,   0% used [0x00000000c0000000, 0x00000000c0000000, 0x00000000c0460000)
  from space 512K,  53% used [0x00000000c04e0000, 0x00000000c0524c10, 0x00000000c0560000)
  to   space 512K,   0% used [0x00000000c0460000, 0x00000000c0460000, 0x00000000c04e0000)
 tenured generation   total 10944K, used 8946K [0x00000000d5550000, 0x00000000d6000000, 0x0000000100000000)
   the space 10944K,  81% used [0x00000000d5550000, 0x00000000d5e0cbc0, 0x00000000d5e0cc00, 0x00000000d6000000)
 Metaspace       used 31410K, capacity 31638K, committed 32000K, reserved 1077248K
  class space    used 4227K, capacity 4307K, committed 4352K, reserved 1048576K
}
Event: 6.544 GC heap before
{Heap before GC invocations=81 (full 1):
 def new generation   total 4992K, used 4755K [0x00000000c0000000, 0x00000000c0560000, 0x00000000d5550000)
  eden space 4480K, 100% used [0x00000000c0000000, 0x00000000c0460000, 0x00000000c0460000)
  from space 512K,  53% used [0x00000000c04e0000, 0x00000000c0524c10, 0x00000000c0560000)
  to   space 512K,   0% used [0x00000000c0460000, 0x00000000c0460000, 0x00000000c04e0000)
 tenured generation   total 10944K, used 8946K [0x00000000d5550000, 0x00000000d6000000, 0x0000000100000000)
   the space 10944K,  81% used [0x00000000d5550000, 0x00000000d5e0cbc0, 0x00000000d5e0cc00, 0x00000000d6000000)
 Metaspace       used 31611K, capacity 31798K, committed 32000K, reserved 1077248K
  class space    used 4255K, capacity 4339K, committed 4352K, reserved 1048576K
Event: 6.546 GC heap after
Heap after GC invocations=82 (full 1):
 def new generation   total 4992K, used 240K [0x00000000c0000000, 0x00000000c0560000, 0x00000000d5550000)
  eden space 4480K,   0% used [0x00000000c0000000, 0x00000000c0000000, 0x00000000c0460000)
  from space 512K,  46% used [0x00000000c0460000, 0x00000000c049c218, 0x00000000c04e0000)
  to   space 512K,   0% used [0x00000000c04e0000, 0x00000000c04e0000, 0x00000000c0560000)
 tenured generation   total 10944K, used 8960K [0x00000000d5550000, 0x00000000d6000000, 0x0000000100000000)
   the space 10944K,  81% used [0x00000000d5550000, 0x00000000d5e10238, 0x00000000d5e10400, 0x00000000d6000000)
 Metaspace       used 31611K, capacity 31798K, committed 32000K, reserved 1077248K
  class space    used 4255K, capacity 4339K, committed 4352K, reserved 1048576K
}
Event: 6.638 GC heap before
{Heap before GC invocations=82 (full 1):
 def new generation   total 4992K, used 4720K [0x00000000c0000000, 0x00000000c0560000, 0x00000000d5550000)
  eden space 4480K, 100% used [0x00000000c0000000, 0x00000000c0460000, 0x00000000c0460000)
  from space 512K,  46% used [0x00000000c0460000, 0x00000000c049c218, 0x00000000c04e0000)
  to   space 512K,   0% used [0x00000000c04e0000, 0x00000000c04e0000, 0x00000000c0560000)
 tenured generation   total 10944K, used 8960K [0x00000000d5550000, 0x00000000d6000000, 0x0000000100000000)
   the space 10944K,  81% used [0x00000000d5550000, 0x00000000d5e10238, 0x00000000d5e10400, 0x00000000d6000000)
 Metaspace       used 31780K, capacity 32022K, committed 32384K, reserved 1077248K
  class space    used 4289K, capacity 4371K, committed 4480K, reserved 1048576K
Event: 6.640 GC heap after
Heap after GC invocations=83 (full 1):
 def new generation   total 4992K, used 234K [0x00000000c0000000, 0x00000000c0560000, 0x00000000d5550000)
  eden space 4480K,   0% used [0x00000000c0000000, 0x00000000c0000000, 0x00000000c0460000)
  from space 512K,  45% used [0x00000000c04e0000, 0x00000000c051a8d8, 0x00000000c0560000)
  to   space 512K,   0% used [0x00000000c0460000, 0x00000000c0460000, 0x00000000c04e0000)
 tenured generation   total 10944K, used 8960K [0x00000000d5550000, 0x00000000d6000000, 0x0000000100000000)
   the space 10944K,  81% used [0x00000000d5550000, 0x00000000d5e10238, 0x00000000d5e10400, 0x00000000d6000000)
 Metaspace       used 31780K, capacity 32022K, committed 32384K, reserved 1077248K
  class space    used 4289K, capacity 4371K, committed 4480K, reserved 1048576K
}
Event: 6.708 GC heap before
{Heap before GC invocations=83 (full 1):
 def new generation   total 4992K, used 4714K [0x00000000c0000000, 0x00000000c0560000, 0x00000000d5550000)
  eden space 4480K, 100% used [0x00000000c0000000, 0x00000000c0460000, 0x00000000c0460000)
  from space 512K,  45% used [0x00000000c04e0000, 0x00000000c051a8d8, 0x00000000c0560000)
  to   space 512K,   0% used [0x00000000c0460000, 0x00000000c0460000, 0x00000000c04e0000)
 tenured generation   total 10944K, used 8960K [0x00000000d5550000, 0x00000000d6000000, 0x0000000100000000)
   the space 10944K,  81% used [0x00000000d5550000, 0x00000000d5e10238, 0x00000000d5e10400, 0x00000000d6000000)
 Metaspace       used 31970K, capacity 32248K, committed 32640K, reserved 1077248K
  class space    used 4322K, capacity 4404K, committed 4480K, reserved 1048576K
Event: 6.710 GC heap after
Heap after GC invocations=84 (full 1):
 def new generation   total 4992K, used 311K [0x00000000c0000000, 0x00000000c0560000, 0x00000000d5550000)
  eden space 4480K,   0% used [0x00000000c0000000, 0x00000000c0000000, 0x00000000c0460000)
  from space 512K,  60% used [0x00000000c0460000, 0x00000000c04ade20, 0x00000000c04e0000)
  to   space 512K,   0% used [0x00000000c04e0000, 0x00000000c04e0000, 0x00000000c0560000)
 tenured generation   total 10944K, used 8960K [0x00000000d5550000, 0x00000000d6000000, 0x0000000100000000)
   the space 10944K,  81% used [0x00000000d5550000, 0x00000000d5e10238, 0x00000000d5e10400, 0x00000000d6000000)
 Metaspace       used 31970K, capacity 32248K, committed 32640K, reserved 1077248K
  class space    used 4322K, capacity 4404K, committed 4480K, reserved 1048576K
}
Event: 6.782 GC heap before
{Heap before GC invocations=84 (full 1):
 def new generation   total 4992K, used 4791K [0x00000000c0000000, 0x00000000c0560000, 0x00000000d5550000)
  eden space 4480K, 100% used [0x00000000c0000000, 0x00000000c0460000, 0x00000000c0460000)
  from space 512K,  60% used [0x00000000c0460000, 0x00000000c04ade20, 0x00000000c04e0000)
  to   space 512K,   0% used [0x00000000c04e0000, 0x00000000c04e0000, 0x00000000c0560000)
 tenured generation   total 10944K, used 8960K [0x00000000d5550000, 0x00000000d6000000, 0x0000000100000000)
   the space 10944K,  81% used [0x00000000d5550000, 0x00000000d5e10238, 0x00000000d5e10400, 0x00000000d6000000)
 Metaspace       used 32156K, capacity 32408K, committed 32640K, reserved 1077248K
  class space    used 4357K, capacity 4436K, committed 4480K, reserved 1048576K
Event: 6.784 GC heap after
Heap after GC invocations=85 (full 1):
 def new generation   total 4992K, used 360K [0x00000000c0000000, 0x00000000c0560000, 0x00000000d5550000)
  eden space 4480K,   0% used [0x00000000c0000000, 0x00000000c0000000, 0x00000000c0460000)
  from space 512K,  70% used [0x00000000c04e0000, 0x00000000c053a1a8, 0x00000000c0560000)
  to   space 512K,   0% used [0x00000000c0460000, 0x00000000c0460000, 0x00000000c04e0000)
 tenured generation   total 10944K, used 9057K [0x00000000d5550000, 0x00000000d6000000, 0x0000000100000000)
   the space 10944K,  82% used [0x00000000d5550000, 0x00000000d5e284c8, 0x00000000d5e28600, 0x00000000d6000000)
 Metaspace       used 32156K, capacity 32408K, committed 32640K, reserved 1077248K
  class space    used 4357K, capacity 4436K, committed 4480K, reserved 1048576K
}
Event: 6.876 GC heap before
{Heap before GC invocations=85 (full 1):
 def new generation   total 4992K, used 4840K [0x00000000c0000000, 0x00000000c0560000, 0x00000000d5550000)
  eden space 4480K, 100% used [0x00000000c0000000, 0x00000000c0460000, 0x00000000c0460000)
  from space 512K,  70% used [0x00000000c04e0000, 0x00000000c053a1a8, 0x00000000c0560000)
  to   space 512K,   0% used [0x00000000c0460000, 0x00000000c0460000, 0x00000000c04e0000)
 tenured generation   total 10944K, used 9057K [0x00000000d5550000, 0x00000000d6000000, 0x0000000100000000)
   the space 10944K,  82% used [0x00000000d5550000, 0x00000000d5e284c8, 0x00000000d5e28600, 0x00000000d6000000)
 Metaspace       used 32262K, capacity 32536K, committed 32896K, reserved 1077248K
  class space    used 4365K, capacity 4436K, committed 4480K, reserved 1048576K
Event: 6.878 GC heap after
Heap after GC invocations=86 (full 1):
 def new generation   total 4992K, used 201K [0x00000000c0000000, 0x00000000c0560000, 0x00000000d5550000)
  eden space 4480K,   0% used [0x00000000c0000000, 0x00000000c0000000, 0x00000000c0460000)
  from space 512K,  39% used [0x00000000c0460000, 0x00000000c0492768, 0x00000000c04e0000)
  to   space 512K,   0% used [0x00000000c04e0000, 0x00000000c04e0000, 0x00000000c0560000)
 tenured generation   total 10944K, used 9215K [0x00000000d5550000, 0x00000000d6000000, 0x0000000100000000)
   the space 10944K,  84% used [0x00000000d5550000, 0x00000000d5e4ff18, 0x00000000d5e50000, 0x00000000d6000000)
 Metaspace       used 32262K, capacity 32536K, committed 32896K, reserved 1077248K
  class space    used 4365K, capacity 4436K, committed 4480K, reserved 1048576K
}
Event: 6.998 GC heap before
{Heap before GC invocations=86 (full 1):
 def new generation   total 4992K, used 4681K [0x00000000c0000000, 0x00000000c0560000, 0x00000000d5550000)
  eden space 4480K, 100% used [0x00000000c0000000, 0x00000000c0460000, 0x00000000c0460000)
  from space 512K,  39% used [0x00000000c0460000, 0x00000000c0492768, 0x00000000c04e0000)
  to   space 512K,   0% used [0x00000000c04e0000, 0x00000000c04e0000, 0x00000000c0560000)
 tenured generation   total 10944K, used 9215K [0x00000000d5550000, 0x00000000d6000000, 0x0000000100000000)
   the space 10944K,  84% used [0x00000000d5550000, 0x00000000d5e4ff18, 0x00000000d5e50000, 0x00000000d6000000)
 Metaspace       used 32608K, capacity 32824K, committed 33152K, reserved 1077248K
  class space    used 4403K, capacity 4468K, committed 4480K, reserved 1048576K
Event: 7.000 GC heap after
Heap after GC invocations=87 (full 1):
 def new generation   total 4992K, used 478K [0x00000000c0000000, 0x00000000c0560000, 0x00000000d5550000)
  eden space 4480K,   0% used [0x00000000c0000000, 0x00000000c0000000, 0x00000000c0460000)
  from space 512K,  93% used [0x00000000c04e0000, 0x00000000c0557930, 0x00000000c0560000)
  to   space 512K,   0% used [0x00000000c0460000, 0x00000000c0460000, 0x00000000c04e0000)
 tenured generation   total 10944K, used 9215K [0x00000000d5550000, 0x00000000d6000000, 0x0000000100000000)
   the space 10944K,  84% used [0x00000000d5550000, 0x00000000d5e4ff18, 0x00000000d5e50000, 0x00000000d6000000)
 Metaspace       used 32608K, capacity 32824K, committed 33152K, reserved 1077248K
  class space    used 4403K, capacity 4468K, committed 4480K, reserved 1048576K
}
Event: 7.104 GC heap before
{Heap before GC invocations=87 (full 1):
 def new generation   total 4992K, used 4949K [0x00000000c0000000, 0x00000000c0560000, 0x00000000d5550000)
  eden space 4480K,  99% used [0x00000000c0000000, 0x00000000c045de30, 0x00000000c0460000)
  from space 512K,  93% used [0x00000000c04e0000, 0x00000000c0557930, 0x00000000c0560000)
  to   space 512K,   0% used [0x00000000c0460000, 0x00000000c0460000, 0x00000000c04e0000)
 tenured generation   total 10944K, used 9215K [0x00000000d5550000, 0x00000000d6000000, 0x0000000100000000)
   the space 10944K,  84% used [0x00000000d5550000, 0x00000000d5e4ff18, 0x00000000d5e50000, 0x00000000d6000000)
 Metaspace       used 33019K, capacity 33240K, committed 33536K, reserved 1079296K
  class space    used 4440K, capacity 4500K, committed 4608K, reserved 1048576K
Event: 7.106 GC heap after
Heap after GC invocations=88 (full 1):
 def new generation   total 4992K, used 385K [0x00000000c0000000, 0x00000000c0560000, 0x00000000d5550000)
  eden space 4480K,   0% used [0x00000000c0000000, 0x00000000c0000000, 0x00000000c0460000)
  from space 512K,  75% used [0x00000000c0460000, 0x00000000c04c07e8, 0x00000000c04e0000)
  to   space 512K,   0% used [0x00000000c04e0000, 0x00000000c04e0000, 0x00000000c0560000)
 tenured generation   total 10944K, used 9376K [0x00000000d5550000, 0x00000000d6000000, 0x0000000100000000)
   the space 10944K,  85% used [0x00000000d5550000, 0x00000000d5e78218, 0x00000000d5e78400, 0x00000000d6000000)
 Metaspace       used 33019K, capacity 33240K, committed 33536K, reserved 1079296K
  class space    used 4440K, capacity 4500K, committed 4608K, reserved 1048576K
}
Event: 7.191 GC heap before
{Heap before GC invocations=88 (full 1):
 def new generation   total 4992K, used 4865K [0x00000000c0000000, 0x00000000c0560000, 0x00000000d5550000)
  eden space 4480K, 100% used [0x00000000c0000000, 0x00000000c0460000, 0x00000000c0460000)
  from space 512K,  75% used [0x00000000c0460000, 0x00000000c04c07e8, 0x00000000c04e0000)
  to   space 512K,   0% used [0x00000000c04e0000, 0x00000000c04e0000, 0x00000000c0560000)
 tenured generation   total 10944K, used 9376K [0x00000000d5550000, 0x00000000d6000000, 0x0000000100000000)
   the space 10944K,  85% used [0x00000000d5550000, 0x00000000d5e78218, 0x00000000d5e78400, 0x00000000d6000000)
 Metaspace       used 33319K, capacity 33528K, committed 33792K, reserved 1079296K
  class space    used 4472K, capacity 4532K, committed 4608K, reserved 1048576K
Event: 7.194 GC heap after
Heap after GC invocations=89 (full 1):
 def new generation   total 4992K, used 456K [0x00000000c0000000, 0x00000000c0560000, 0x00000000d5550000)
  eden space 4480K,   0% used [0x00000000c0000000, 0x00000000c0000000, 0x00000000c0460000)
  from space 512K,  89% used [0x00000000c04e0000, 0x00000000c05522c0, 0x00000000c0560000)
  to   space 512K,   0% used [0x00000000c0460000, 0x00000000c0460000, 0x00000000c04e0000)
 tenured generation   total 10944K, used 9553K [0x00000000d5550000, 0x00000000d6000000, 0x0000000100000000)
   the space 10944K,  87% used [0x00000000d5550000, 0x00000000d5ea4648, 0x00000000d5ea4800, 0x00000000d6000000)
 Metaspace       used 33319K, capacity 33528K, committed 33792K, reserved 1079296K
  class space    used 4472K, capacity 4532K, committed 4608K, reserved 1048576K
}
Event: 7.276 GC heap before
{Heap before GC invocations=89 (full 1):
 def new generation   total 4992K, used 4929K [0x00000000c0000000, 0x00000000c0560000, 0x00000000d5550000)
  eden space 4480K,  99% used [0x00000000c0000000, 0x00000000c045e408, 0x00000000c0460000)
  from space 512K,  89% used [0x00000000c04e0000, 0x00000000c05522c0, 0x00000000c0560000)
  to   space 512K,   0% used [0x00000000c0460000, 0x00000000c0460000, 0x00000000c04e0000)
 tenured generation   total 10944K, used 9553K [0x00000000d5550000, 0x00000000d6000000, 0x0000000100000000)
   the space 10944K,  87% used [0x00000000d5550000, 0x00000000d5ea4648, 0x00000000d5ea4800, 0x00000000d6000000)
 Metaspace       used 33451K, capacity 33688K, committed 34048K, reserved 1079296K
  class space    used 4486K, capacity 4564K, committed 4608K, reserved 1048576K
Event: 7.278 GC heap after
Heap after GC invocations=90 (full 1):
 def new generation   total 4992K, used 278K [0x00000000c0000000, 0x00000000c0560000, 0x00000000d5550000)
  eden space 4480K,   0% used [0x00000000c0000000, 0x00000000c0000000, 0x00000000c0460000)
  from space 512K,  54% used [0x00000000c0460000, 0x00000000c04a5870, 0x00000000c04e0000)
  to   space 512K,   0% used [0x00000000c04e0000, 0x00000000c04e0000, 0x00000000c0560000)
 tenured generation   total 10944K, used 9599K [0x00000000d5550000, 0x00000000d6000000, 0x0000000100000000)
   the space 10944K,  87% used [0x00000000d5550000, 0x00000000d5eafe98, 0x00000000d5eb0000, 0x00000000d6000000)
 Metaspace       used 33451K, capacity 33688K, committed 34048K, reserved 1079296K
  class space    used 4486K, capacity 4564K, committed 4608K, reserved 1048576K
}
Event: 7.358 GC heap before
{Heap before GC invocations=90 (full 1):
 def new generation   total 4992K, used 4758K [0x00000000c0000000, 0x00000000c0560000, 0x00000000d5550000)
  eden space 4480K, 100% used [0x00000000c0000000, 0x00000000c0460000, 0x00000000c0460000)
  from space 512K,  54% used [0x00000000c0460000, 0x00000000c04a5870, 0x00000000c04e0000)
  to   space 512K,   0% used [0x00000000c04e0000, 0x00000000c04e0000, 0x00000000c0560000)
 tenured generation   total 10944K, used 9599K [0x00000000d5550000, 0x00000000d6000000, 0x0000000100000000)
   the space 10944K,  87% used [0x00000000d5550000, 0x00000000d5eafe98, 0x00000000d5eb0000, 0x00000000d6000000)
 Metaspace       used 33755K, capacity 33976K, committed 34304K, reserved 1079296K
  class space    used 4524K, capacity 4596K, committed 4608K, reserved 1048576K
Event: 7.360 GC heap after
Heap after GC invocations=91 (full 1):
 def new generation   total 4992K, used 256K [0x00000000c0000000, 0x00000000c0560000, 0x00000000d5550000)
  eden space 4480K,   0% used [0x00000000c0000000, 0x00000000c0000000, 0x00000000c0460000)
  from space 512K,  50% used [0x00000000c04e0000, 0x00000000c05202b0, 0x00000000c0560000)
  to   space 512K,   0% used [0x00000000c0460000, 0x00000000c0460000, 0x00000000c04e0000)
 tenured generation   total 10944K, used 9708K [0x00000000d5550000, 0x00000000d6000000, 0x0000000100000000)
   the space 10944K,  88% used [0x00000000d5550000, 0x00000000d5ecb220, 0x00000000d5ecb400, 0x00000000d6000000)
 Metaspace       used 33755K, capacity 33976K, committed 34304K, reserved 1079296K
  class space    used 4524K, capacity 4596K, committed 4608K, reserved 1048576K
}
Event: 7.453 GC heap before
{Heap before GC invocations=91 (full 1):
 def new generation   total 4992K, used 4736K [0x00000000c0000000, 0x00000000c0560000, 0x00000000d5550000)
  eden space 4480K, 100% used [0x00000000c0000000, 0x00000000c0460000, 0x00000000c0460000)
  from space 512K,  50% used [0x00000000c04e0000, 0x00000000c05202b0, 0x00000000c0560000)
  to   space 512K,   0% used [0x00000000c0460000, 0x00000000c0460000, 0x00000000c04e0000)
 tenured generation   total 10944K, used 9708K [0x00000000d5550000, 0x00000000d6000000, 0x0000000100000000)
   the space 10944K,  88% used [0x00000000d5550000, 0x00000000d5ecb220, 0x00000000d5ecb400, 0x00000000d6000000)
 Metaspace       used 34067K, capacity 34270K, committed 34688K, reserved 1079296K
  class space    used 4567K, capacity 4629K, committed 4736K, reserved 1048576K
Event: 7.455 GC heap after
Heap after GC invocations=92 (full 1):
 def new generation   total 4992K, used 411K [0x00000000c0000000, 0x00000000c0560000, 0x00000000d5550000)
  eden space 4480K,   0% used [0x00000000c0000000, 0x00000000c0000000, 0x00000000c0460000)
  from space 512K,  80% used [0x00000000c0460000, 0x00000000c04c6c58, 0x00000000c04e0000)
  to   space 512K,   0% used [0x00000000c04e0000, 0x00000000c04e0000, 0x00000000c0560000)
 tenured generation   total 10944K, used 9730K [0x00000000d5550000, 0x00000000d6000000, 0x0000000100000000)
   the space 10944K,  88% used [0x00000000d5550000, 0x00000000d5ed0848, 0x00000000d5ed0a00, 0x00000000d6000000)
 Metaspace       used 34067K, capacity 34270K, committed 34688K, reserved 1079296K
  class space    used 4567K, capacity 4629K, committed 4736K, reserved 1048576K
}
Event: 7.534 GC heap before
{Heap before GC invocations=92 (full 1):
 def new generation   total 4992K, used 4891K [0x00000000c0000000, 0x00000000c0560000, 0x00000000d5550000)
  eden space 4480K, 100% used [0x00000000c0000000, 0x00000000c0460000, 0x00000000c0460000)
  from space 512K,  80% used [0x00000000c0460000, 0x00000000c04c6c58, 0x00000000c04e0000)
  to   space 512K,   0% used [0x00000000c04e0000, 0x00000000c04e0000, 0x00000000c0560000)
 tenured generation   total 10944K, used 9730K [0x00000000d5550000, 0x00000000d6000000, 0x0000000100000000)
   the space 10944K,  88% used [0x00000000d5550000, 0x00000000d5ed0848, 0x00000000d5ed0a00, 0x00000000d6000000)
 Metaspace       used 34347K, capacity 34532K, committed 34944K, reserved 1079296K
  class space    used 4612K, capacity 4694K, committed 4736K, reserved 1048576K
Event: 7.536 GC heap after
Heap after GC invocations=93 (full 1):
 def new generation   total 4992K, used 459K [0x00000000c0000000, 0x00000000c0560000, 0x00000000d5550000)
  eden space 4480K,   0% used [0x00000000c0000000, 0x00000000c0000000, 0x00000000c0460000)
  from space 512K,  89% used [0x00000000c04e0000, 0x00000000c0552f08, 0x00000000c0560000)
  to   space 512K,   0% used [0x00000000c0460000, 0x00000000c0460000, 0x00000000c04e0000)
 tenured generation   total 10944K, used 9852K [0x00000000d5550000, 0x00000000d6000000, 0x0000000100000000)
   the space 10944K,  90% used [0x00000000d5550000, 0x00000000d5eef198, 0x00000000d5eef200, 0x00000000d6000000)
 Metaspace       used 34347K, capacity 34532K, committed 34944K, reserved 1079296K
  class space    used 4612K, capacity 4694K, committed 4736K, reserved 1048576K
}
Event: 7.640 GC heap before
{Heap before GC invocations=93 (full 1):
 def new generation   total 4992K, used 4939K [0x00000000c0000000, 0x00000000c0560000, 0x00000000d5550000)
  eden space 4480K, 100% used [0x00000000c0000000, 0x00000000c0460000, 0x00000000c0460000)
  from space 512K,  89% used [0x00000000c04e0000, 0x00000000c0552f08, 0x00000000c0560000)
  to   space 512K,   0% used [0x00000000c0460000, 0x00000000c0460000, 0x00000000c04e0000)
 tenured generation   total 10944K, used 9852K [0x00000000d5550000, 0x00000000d6000000, 0x0000000100000000)
   the space 10944K,  90% used [0x00000000d5550000, 0x00000000d5eef198, 0x00000000d5eef200, 0x00000000d6000000)
 Metaspace       used 34627K, capacity 34820K, committed 35200K, reserved 1079296K
  class space    used 4657K, capacity 4726K, committed 4736K, reserved 1048576K
Event: 7.642 GC heap after
Heap after GC invocations=94 (full 1):
 def new generation   total 4992K, used 494K [0x00000000c0000000, 0x00000000c0560000, 0x00000000d5550000)
  eden space 4480K,   0% used [0x00000000c0000000, 0x00000000c0000000, 0x00000000c0460000)
  from space 512K,  96% used [0x00000000c0460000, 0x00000000c04dbb90, 0x00000000c04e0000)
  to   space 512K,   0% used [0x00000000c04e0000, 0x00000000c04e0000, 0x00000000c0560000)
 tenured generation   total 10944K, used 10029K [0x00000000d5550000, 0x00000000d6000000, 0x0000000100000000)
   the space 10944K,  91% used [0x00000000d5550000, 0x00000000d5f1b5c0, 0x00000000d5f1b600, 0x00000000d6000000)
 Metaspace       used 34627K, capacity 34820K, committed 35200K, reserved 1079296K
  class space    used 4657K, capacity 4726K, committed 4736K, reserved 1048576K
}
Event: 7.717 GC heap before
{Heap before GC invocations=94 (full 1):
 def new generation   total 4992K, used 4130K [0x00000000c0000000, 0x00000000c0560000, 0x00000000d5550000)
  eden space 4480K,  81% used [0x00000000c0000000, 0x00000000c038cd50, 0x00000000c0460000)
  from space 512K,  96% used [0x00000000c0460000, 0x00000000c04dbb90, 0x00000000c04e0000)
  to   space 512K,   0% used [0x00000000c04e0000, 0x00000000c04e0000, 0x00000000c0560000)
 tenured generation   total 10944K, used 10029K [0x00000000d5550000, 0x00000000d6000000, 0x0000000100000000)
   the space 10944K,  91% used [0x00000000d5550000, 0x00000000d5f1b5c0, 0x00000000d5f1b600, 0x00000000d6000000)
 Metaspace       used 34963K, capacity 35172K, committed 35496K, reserved 1079296K
  class space    used 4695K, capacity 4758K, committed 4864K, reserved 1048576K
Event: 7.826 GC heap after
Heap after GC invocations=95 (full 2):
 def new generation   total 6784K, used 0K [0x00000000c0000000, 0x00000000c0750000, 0x00000000d5550000)
  eden space 6080K,   0% used [0x00000000c0000000, 0x00000000c0000000, 0x00000000c05f0000)
  from space 704K,   0% used [0x00000000c05f0000, 0x00000000c05f0000, 0x00000000c06a0000)
  to   space 704K,   0% used [0x00000000c06a0000, 0x00000000c06a0000, 0x00000000c0750000)
 tenured generation   total 14852K, used 8909K [0x00000000d5550000, 0x00000000d63d1000, 0x0000000100000000)
   the space 14852K,  59% used [0x00000000d5550000, 0x00000000d5e034a0, 0x00000000d5e03600, 0x00000000d63d1000)
 Metaspace       used 34963K, capacity 35172K, committed 35496K, reserved 1079296K
  class space    used 4695K, capacity 4758K, committed 4864K, reserved 1048576K
}
Event: 7.960 GC heap before
{Heap before GC invocations=95 (full 2):
 def new generation   total 6784K, used 6080K [0x00000000c0000000, 0x00000000c0750000, 0x00000000d5550000)
  eden space 6080K, 100% used [0x00000000c0000000, 0x00000000c05f0000, 0x00000000c05f0000)
  from space 704K,   0% used [0x00000000c05f0000, 0x00000000c05f0000, 0x00000000c06a0000)
  to   space 704K,   0% used [0x00000000c06a0000, 0x00000000c06a0000, 0x00000000c0750000)
 tenured generation   total 14852K, used 8909K [0x00000000d5550000, 0x00000000d63d1000, 0x0000000100000000)
   the space 14852K,  59% used [0x00000000d5550000, 0x00000000d5e034a0, 0x00000000d5e03600, 0x00000000d63d1000)
 Metaspace       used 35366K, capacity 35620K, committed 36096K, reserved 1081344K
  class space    used 4749K, capacity 4822K, committed 4864K, reserved 1048576K
Event: 7.963 GC heap after
Heap after GC invocations=96 (full 2):
 def new generation   total 6784K, used 703K [0x00000000c0000000, 0x00000000c0750000, 0x00000000d5550000)
  eden space 6080K,   0% used [0x00000000c0000000, 0x00000000c0000000, 0x00000000c05f0000)
  from space 704K,  99% used [0x00000000c06a0000, 0x00000000c074fd00, 0x00000000c0750000)
  to   space 704K,   0% used [0x00000000c05f0000, 0x00000000c05f0000, 0x00000000c06a0000)
 tenured generation   total 14852K, used 8909K [0x00000000d5550000, 0x00000000d63d1000, 0x0000000100000000)
   the space 14852K,  59% used [0x00000000d5550000, 0x00000000d5e034a0, 0x00000000d5e03600, 0x00000000d63d1000)
 Metaspace       used 35366K, capacity 35620K, committed 36096K, reserved 1081344K
  class space    used 4749K, capacity 4822K, committed 4864K, reserved 1048576K
}
Event: 8.078 GC heap before
{Heap before GC invocations=96 (full 2):
 def new generation   total 6784K, used 6783K [0x00000000c0000000, 0x00000000c0750000, 0x00000000d5550000)
  eden space 6080K, 100% used [0x00000000c0000000, 0x00000000c05f0000, 0x00000000c05f0000)
  from space 704K,  99% used [0x00000000c06a0000, 0x00000000c074fd00, 0x00000000c0750000)
  to   space 704K,   0% used [0x00000000c05f0000, 0x00000000c05f0000, 0x00000000c06a0000)
 tenured generation   total 14852K, used 8909K [0x00000000d5550000, 0x00000000d63d1000, 0x0000000100000000)
   the space 14852K,  59% used [0x00000000d5550000, 0x00000000d5e034a0, 0x00000000d5e03600, 0x00000000d63d1000)
 Metaspace       used 35772K, capacity 36004K, committed 36480K, reserved 1081344K
  class space    used 4809K, capacity 4886K, committed 4992K, reserved 1048576K
Event: 8.080 GC heap after
Heap after GC invocations=97 (full 2):
 def new generation   total 6784K, used 699K [0x00000000c0000000, 0x00000000c0750000, 0x00000000d5550000)
  eden space 6080K,   0% used [0x00000000c0000000, 0x00000000c0000000, 0x00000000c05f0000)
  from space 704K,  99% used [0x00000000c05f0000, 0x00000000c069eca8, 0x00000000c06a0000)
  to   space 704K,   0% used [0x00000000c06a0000, 0x00000000c06a0000, 0x00000000c0750000)
 tenured generation   total 14852K, used 9187K [0x00000000d5550000, 0x00000000d63d1000, 0x0000000100000000)
   the space 14852K,  61% used [0x00000000d5550000, 0x00000000d5e48e28, 0x00000000d5e49000, 0x00000000d63d1000)
 Metaspace       used 35772K, capacity 36004K, committed 36480K, reserved 1081344K
  class space    used 4809K, capacity 4886K, committed 4992K, reserved 1048576K
}
Event: 8.215 GC heap before
{Heap before GC invocations=97 (full 2):
 def new generation   total 6784K, used 6779K [0x00000000c0000000, 0x00000000c0750000, 0x00000000d5550000)
  eden space 6080K, 100% used [0x00000000c0000000, 0x00000000c05f0000, 0x00000000c05f0000)
  from space 704K,  99% used [0x00000000c05f0000, 0x00000000c069eca8, 0x00000000c06a0000)
  to   space 704K,   0% used [0x00000000c06a0000, 0x00000000c06a0000, 0x00000000c0750000)
 tenured generation   total 14852K, used 9187K [0x00000000d5550000, 0x00000000d63d1000, 0x0000000100000000)
   the space 14852K,  61% used [0x00000000d5550000, 0x00000000d5e48e28, 0x00000000d5e49000, 0x00000000d63d1000)
 Metaspace       used 36233K, capacity 36452K, committed 36736K, reserved 1081344K
  class space    used 4865K, capacity 4950K, committed 4992K, reserved 1048576K
Event: 8.219 GC heap after
Heap after GC invocations=98 (full 2):
 def new generation   total 6784K, used 699K [0x00000000c0000000, 0x00000000c0750000, 0x00000000d5550000)
  eden space 6080K,   0% used [0x00000000c0000000, 0x00000000c0000000, 0x00000000c05f0000)
  from space 704K,  99% used [0x00000000c06a0000, 0x00000000c074ee18, 0x00000000c0750000)
  to   space 704K,   0% used [0x00000000c05f0000, 0x00000000c05f0000, 0x00000000c06a0000)
 tenured generation   total 14852K, used 9532K [0x00000000d5550000, 0x00000000d63d1000, 0x0000000100000000)
   the space 14852K,  64% used [0x00000000d5550000, 0x00000000d5e9f2e0, 0x00000000d5e9f400, 0x00000000d63d1000)
 Metaspace       used 36233K, capacity 36452K, committed 36736K, reserved 1081344K
  class space    used 4865K, capacity 4950K, committed 4992K, reserved 1048576K
}
Event: 8.334 GC heap before
{Heap before GC invocations=98 (full 2):
 def new generation   total 6784K, used 6779K [0x00000000c0000000, 0x00000000c0750000, 0x00000000d5550000)
  eden space 6080K, 100% used [0x00000000c0000000, 0x00000000c05f0000, 0x00000000c05f0000)
  from space 704K,  99% used [0x00000000c06a0000, 0x00000000c074ee18, 0x00000000c0750000)
  to   space 704K,   0% used [0x00000000c05f0000, 0x00000000c05f0000, 0x00000000c06a0000)
 tenured generation   total 14852K, used 9532K [0x00000000d5550000, 0x00000000d63d1000, 0x0000000100000000)
   the space 14852K,  64% used [0x00000000d5550000, 0x00000000d5e9f2e0, 0x00000000d5e9f400, 0x00000000d63d1000)
 Metaspace       used 36549K, capacity 36772K, committed 37120K, reserved 1081344K
  class space    used 4925K, capacity 5014K, committed 5120K, reserved 1048576K
Event: 8.336 GC heap after
Heap after GC invocations=99 (full 2):
 def new generation   total 6784K, used 529K [0x00000000c0000000, 0x00000000c0750000, 0x00000000d5550000)
  eden space 6080K,   0% used [0x00000000c0000000, 0x00000000c0000000, 0x00000000c05f0000)
  from space 704K,  75% used [0x00000000c05f0000, 0x00000000c0674668, 0x00000000c06a0000)
  to   space 704K,   0% used [0x00000000c06a0000, 0x00000000c06a0000, 0x00000000c0750000)
 tenured generation   total 14852K, used 9798K [0x00000000d5550000, 0x00000000d63d1000, 0x0000000100000000)
   the space 14852K,  65% used [0x00000000d5550000, 0x00000000d5ee19c0, 0x00000000d5ee1a00, 0x00000000d63d1000)
 Metaspace       used 36549K, capacity 36772K, committed 37120K, reserved 1081344K
  class space    used 4925K, capacity 5014K, committed 5120K, reserved 1048576K
}
Event: 8.417 GC heap before
{Heap before GC invocations=99 (full 2):
 def new generation   total 6784K, used 6609K [0x00000000c0000000, 0x00000000c0750000, 0x00000000d5550000)
  eden space 6080K, 100% used [0x00000000c0000000, 0x00000000c05f0000, 0x00000000c05f0000)
  from space 704K,  75% used [0x00000000c05f0000, 0x00000000c0674668, 0x00000000c06a0000)
  to   space 704K,   0% used [0x00000000c06a0000, 0x00000000c06a0000, 0x00000000c0750000)
 tenured generation   total 14852K, used 9798K [0x00000000d5550000, 0x00000000d63d1000, 0x0000000100000000)
   the space 14852K,  65% used [0x00000000d5550000, 0x00000000d5ee19c0, 0x00000000d5ee1a00, 0x00000000d63d1000)
 Metaspace       used 36711K, capacity 36932K, committed 37376K, reserved 1081344K
  class space    used 4975K, capacity 5046K, committed 5120K, reserved 1048576K
Event: 8.419 GC heap after
Heap after GC invocations=100 (full 2):
 def new generation   total 6784K, used 220K [0x00000000c0000000, 0x00000000c0750000, 0x00000000d5550000)
  eden space 6080K,   0% used [0x00000000c0000000, 0x00000000c0000000, 0x00000000c05f0000)
  from space 704K,  31% used [0x00000000c06a0000, 0x00000000c06d72e8, 0x00000000c0750000)
  to   space 704K,   0% used [0x00000000c05f0000, 0x00000000c05f0000, 0x00000000c06a0000)
 tenured generation   total 14852K, used 10005K [0x00000000d5550000, 0x00000000d63d1000, 0x0000000100000000)
   the space 14852K,  67% used [0x00000000d5550000, 0x00000000d5f15470, 0x00000000d5f15600, 0x00000000d63d1000)
 Metaspace       used 36711K, capacity 36932K, committed 37376K, reserved 1081344K
  class space    used 4975K, capacity 5046K, committed 5120K, reserved 1048576K
}
Event: 8.482 GC heap before
{Heap before GC invocations=100 (full 2):
 def new generation   total 6784K, used 6300K [0x00000000c0000000, 0x00000000c0750000, 0x00000000d5550000)
  eden space 6080K, 100% used [0x00000000c0000000, 0x00000000c05f0000, 0x00000000c05f0000)
  from space 704K,  31% used [0x00000000c06a0000, 0x00000000c06d72e8, 0x00000000c0750000)
  to   space 704K,   0% used [0x00000000c05f0000, 0x00000000c05f0000, 0x00000000c06a0000)
 tenured generation   total 14852K, used 10005K [0x00000000d5550000, 0x00000000d63d1000, 0x0000000100000000)
   the space 14852K,  67% used [0x00000000d5550000, 0x00000000d5f15470, 0x00000000d5f15600, 0x00000000d63d1000)
 Metaspace       used 36816K, capacity 37028K, committed 37376K, reserved 1081344K
  class space    used 5019K, capacity 5078K, committed 5120K, reserved 1048576K
Event: 8.483 GC heap after
Heap after GC invocations=101 (full 2):
 def new generation   total 6784K, used 197K [0x00000000c0000000, 0x00000000c0750000, 0x00000000d5550000)
  eden space 6080K,   0% used [0x00000000c0000000, 0x00000000c0000000, 0x00000000c05f0000)
  from space 704K,  28% used [0x00000000c05f0000, 0x00000000c0621798, 0x00000000c06a0000)
  to   space 704K,   0% used [0x00000000c06a0000, 0x00000000c06a0000, 0x00000000c0750000)
 tenured generation   total 14852K, used 10005K [0x00000000d5550000, 0x00000000d63d1000, 0x0000000100000000)
   the space 14852K,  67% used [0x00000000d5550000, 0x00000000d5f15470, 0x00000000d5f15600, 0x00000000d63d1000)
 Metaspace       used 36816K, capacity 37028K, committed 37376K, reserved 1081344K
  class space    used 5019K, capacity 5078K, committed 5120K, reserved 1048576K
}
Event: 8.532 GC heap before
{Heap before GC invocations=101 (full 2):
 def new generation   total 6784K, used 6277K [0x00000000c0000000, 0x00000000c0750000, 0x00000000d5550000)
  eden space 6080K, 100% used [0x00000000c0000000, 0x00000000c05f0000, 0x00000000c05f0000)
  from space 704K,  28% used [0x00000000c05f0000, 0x00000000c0621798, 0x00000000c06a0000)
  to   space 704K,   0% used [0x00000000c06a0000, 0x00000000c06a0000, 0x00000000c0750000)
 tenured generation   total 14852K, used 10005K [0x00000000d5550000, 0x00000000d63d1000, 0x0000000100000000)
   the space 14852K,  67% used [0x00000000d5550000, 0x00000000d5f15470, 0x00000000d5f15600, 0x00000000d63d1000)
 Metaspace       used 36924K, capacity 37124K, committed 37376K, reserved 1081344K
  class space    used 5045K, capacity 5110K, committed 5120K, reserved 1048576K
Event: 8.534 GC heap after
Heap after GC invocations=102 (full 2):
 def new generation   total 6784K, used 241K [0x00000000c0000000, 0x00000000c0750000, 0x00000000d5550000)
  eden space 6080K,   0% used [0x00000000c0000000, 0x00000000c0000000, 0x00000000c05f0000)
  from space 704K,  34% used [0x00000000c06a0000, 0x00000000c06dc7d8, 0x00000000c0750000)
  to   space 704K,   0% used [0x00000000c05f0000, 0x00000000c05f0000, 0x00000000c06a0000)
 tenured generation   total 14852K, used 10005K [0x00000000d5550000, 0x00000000d63d1000, 0x0000000100000000)
   the space 14852K,  67% used [0x00000000d5550000, 0x00000000d5f15470, 0x00000000d5f15600, 0x00000000d63d1000)
 Metaspace       used 36924K, capacity 37124K, committed 37376K, reserved 1081344K
  class space    used 5045K, capacity 5110K, committed 5120K, reserved 1048576K
}
Event: 8.646 GC heap before
{Heap before GC invocations=102 (full 2):
 def new generation   total 6784K, used 6321K [0x00000000c0000000, 0x00000000c0750000, 0x00000000d5550000)
  eden space 6080K, 100% used [0x00000000c0000000, 0x00000000c05f0000, 0x00000000c05f0000)
  from space 704K,  34% used [0x00000000c06a0000, 0x00000000c06dc7d8, 0x00000000c0750000)
  to   space 704K,   0% used [0x00000000c05f0000, 0x00000000c05f0000, 0x00000000c06a0000)
 tenured generation   total 14852K, used 10005K [0x00000000d5550000, 0x00000000d63d1000, 0x0000000100000000)
   the space 14852K,  67% used [0x00000000d5550000, 0x00000000d5f15470, 0x00000000d5f15600, 0x00000000d63d1000)
 Metaspace       used 37264K, capacity 37508K, committed 38016K, reserved 1081344K
  class space    used 5091K, capacity 5174K, committed 5248K, reserved 1048576K
Event: 8.648 GC heap after
Heap after GC invocations=103 (full 2):
 def new generation   total 6784K, used 328K [0x00000000c0000000, 0x00000000c0750000, 0x00000000d5550000)
  eden space 6080K,   0% used [0x00000000c0000000, 0x00000000c0000000, 0x00000000c05f0000)
  from space 704K,  46% used [0x00000000c05f0000, 0x00000000c0642398, 0x00000000c06a0000)
  to   space 704K,   0% used [0x00000000c06a0000, 0x00000000c06a0000, 0x00000000c0750000)
 tenured generation   total 14852K, used 10005K [0x00000000d5550000, 0x00000000d63d1000, 0x0000000100000000)
   the space 14852K,  67% used [0x00000000d5550000, 0x00000000d5f15470, 0x00000000d5f15600, 0x00000000d63d1000)
 Metaspace       used 37264K, capacity 37508K, committed 38016K, reserved 1081344K
  class space    used 5091K, capacity 5174K, committed 5248K, reserved 1048576K
}
Event: 8.815 GC heap before
{Heap before GC invocations=103 (full 2):
 def new generation   total 6784K, used 6384K [0x00000000c0000000, 0x00000000c0750000, 0x00000000d5550000)
  eden space 6080K,  99% used [0x00000000c0000000, 0x00000000c05e9e78, 0x00000000c05f0000)
  from space 704K,  46% used [0x00000000c05f0000, 0x00000000c0642398, 0x00000000c06a0000)
  to   space 704K,   0% used [0x00000000c06a0000, 0x00000000c06a0000, 0x00000000c0750000)
 tenured generation   total 14852K, used 10005K [0x00000000d5550000, 0x00000000d63d1000, 0x0000000100000000)
   the space 14852K,  67% used [0x00000000d5550000, 0x00000000d5f15470, 0x00000000d5f15600, 0x00000000d63d1000)
 Metaspace       used 37671K, capacity 37860K, committed 38272K, reserved 1083392K
  class space    used 5139K, capacity 5206K, committed 5248K, reserved 1048576K
Event: 8.817 GC heap after
Heap after GC invocations=104 (full 2):
 def new generation   total 6784K, used 566K [0x00000000c0000000, 0x00000000c0750000, 0x00000000d5550000)
  eden space 6080K,   0% used [0x00000000c0000000, 0x00000000c0000000, 0x00000000c05f0000)
  from space 704K,  80% used [0x00000000c06a0000, 0x00000000c072d998, 0x00000000c0750000)
  to   space 704K,   0% used [0x00000000c05f0000, 0x00000000c05f0000, 0x00000000c06a0000)
 tenured generation   total 14852K, used 10005K [0x00000000d5550000, 0x00000000d63d1000, 0x0000000100000000)
   the space 14852K,  67% used [0x00000000d5550000, 0x00000000d5f15470, 0x00000000d5f15600, 0x00000000d63d1000)
 Metaspace       used 37671K, capacity 37860K, committed 38272K, reserved 1083392K
  class space    used 5139K, capacity 5206K, committed 5248K, reserved 1048576K
}
Event: 8.914 GC heap before
{Heap before GC invocations=104 (full 2):
 def new generation   total 6784K, used 6646K [0x00000000c0000000, 0x00000000c0750000, 0x00000000d5550000)
  eden space 6080K, 100% used [0x00000000c0000000, 0x00000000c05f0000, 0x00000000c05f0000)
  from space 704K,  80% used [0x00000000c06a0000, 0x00000000c072d998, 0x00000000c0750000)
  to   space 704K,   0% used [0x00000000c05f0000, 0x00000000c05f0000, 0x00000000c06a0000)
 tenured generation   total 14852K, used 10005K [0x00000000d5550000, 0x00000000d63d1000, 0x0000000100000000)
   the space 14852K,  67% used [0x00000000d5550000, 0x00000000d5f15470, 0x00000000d5f15600, 0x00000000d63d1000)
 Metaspace       used 37902K, capacity 38116K, committed 38656K, reserved 1083392K
  class space    used 5194K, capacity 5270K, committed 5376K, reserved 1048576K
Event: 8.917 GC heap after
Heap after GC invocations=105 (full 2):
 def new generation   total 6784K, used 200K [0x00000000c0000000, 0x00000000c0750000, 0x00000000d5550000)
  eden space 6080K,   0% used [0x00000000c0000000, 0x00000000c0000000, 0x00000000c05f0000)
  from space 704K,  28% used [0x00000000c05f0000, 0x00000000c0622148, 0x00000000c06a0000)
  to   space 704K,   0% used [0x00000000c06a0000, 0x00000000c06a0000, 0x00000000c0750000)
 tenured generation   total 14852K, used 10247K [0x00000000d5550000, 0x00000000d63d1000, 0x0000000100000000)
   the space 14852K,  68% used [0x00000000d5550000, 0x00000000d5f51c00, 0x00000000d5f51c00, 0x00000000d63d1000)
 Metaspace       used 37902K, capacity 38116K, committed 38656K, reserved 1083392K
  class space    used 5194K, capacity 5270K, committed 5376K, reserved 1048576K
}
Event: 9.006 GC heap before
{Heap before GC invocations=105 (full 2):
 def new generation   total 6784K, used 6280K [0x00000000c0000000, 0x00000000c0750000, 0x00000000d5550000)
  eden space 6080K, 100% used [0x00000000c0000000, 0x00000000c05f0000, 0x00000000c05f0000)
  from space 704K,  28% used [0x00000000c05f0000, 0x00000000c0622148, 0x00000000c06a0000)
  to   space 704K,   0% used [0x00000000c06a0000, 0x00000000c06a0000, 0x00000000c0750000)
 tenured generation   total 14852K, used 10247K [0x00000000d5550000, 0x00000000d63d1000, 0x0000000100000000)
   the space 14852K,  68% used [0x00000000d5550000, 0x00000000d5f51c00, 0x00000000d5f51c00, 0x00000000d63d1000)
 Metaspace       used 38078K, capacity 38308K, committed 38656K, reserved 1083392K
  class space    used 5246K, capacity 5334K, committed 5376K, reserved 1048576K
Event: 9.007 GC heap after
Heap after GC invocations=106 (full 2):
 def new generation   total 6784K, used 224K [0x00000000c0000000, 0x00000000c0750000, 0x00000000d5550000)
  eden space 6080K,   0% used [0x00000000c0000000, 0x00000000c0000000, 0x00000000c05f0000)
  from space 704K,  31% used [0x00000000c06a0000, 0x00000000c06d8168, 0x00000000c0750000)
  to   space 704K,   0% used [0x00000000c05f0000, 0x00000000c05f0000, 0x00000000c06a0000)
 tenured generation   total 14852K, used 10247K [0x00000000d5550000, 0x00000000d63d1000, 0x0000000100000000)
   the space 14852K,  68% used [0x00000000d5550000, 0x00000000d5f51c00, 0x00000000d5f51c00, 0x00000000d63d1000)
 Metaspace       used 38078K, capacity 38308K, committed 38656K, reserved 1083392K
  class space    used 5246K, capacity 5334K, committed 5376K, reserved 1048576K
}
Event: 9.084 GC heap before
{Heap before GC invocations=106 (full 2):
 def new generation   total 6784K, used 6304K [0x00000000c0000000, 0x00000000c0750000, 0x00000000d5550000)
  eden space 6080K, 100% used [0x00000000c0000000, 0x00000000c05f0000, 0x00000000c05f0000)
  from space 704K,  31% used [0x00000000c06a0000, 0x00000000c06d8168, 0x00000000c0750000)
  to   space 704K,   0% used [0x00000000c05f0000, 0x00000000c05f0000, 0x00000000c06a0000)
 tenured generation   total 14852K, used 10247K [0x00000000d5550000, 0x00000000d63d1000, 0x0000000100000000)
   the space 14852K,  68% used [0x00000000d5550000, 0x00000000d5f51c00, 0x00000000d5f51c00, 0x00000000d63d1000)
 Metaspace       used 38292K, capacity 38468K, committed 38912K, reserved 1083392K
  class space    used 5298K, capacity 5366K, committed 5376K, reserved 1048576K
Event: 9.086 GC heap after
Heap after GC invocations=107 (full 2):
 def new generation   total 6784K, used 255K [0x00000000c0000000, 0x00000000c0750000, 0x00000000d5550000)
  eden space 6080K,   0% used [0x00000000c0000000, 0x00000000c0000000, 0x00000000c05f0000)
  from space 704K,  36% used [0x00000000c05f0000, 0x00000000c062ff68, 0x00000000c06a0000)
  to   space 704K,   0% used [0x00000000c06a0000, 0x00000000c06a0000, 0x00000000c0750000)
 tenured generation   total 14852K, used 10247K [0x00000000d5550000, 0x00000000d63d1000, 0x0000000100000000)
   the space 14852K,  68% used [0x00000000d5550000, 0x00000000d5f51c00, 0x00000000d5f51c00, 0x00000000d63d1000)
 Metaspace       used 38292K, capacity 38468K, committed 38912K, reserved 1083392K
  class space    used 5298K, capacity 5366K, committed 5376K, reserved 1048576K
}
Event: 3695.265 GC heap before
{Heap before GC invocations=107 (full 2):
 def new generation   total 6784K, used 5634K [0x00000000c0000000, 0x00000000c0750000, 0x00000000d5550000)
  eden space 6080K,  88% used [0x00000000c0000000, 0x00000000c0540c28, 0x00000000c05f0000)
  from space 704K,  36% used [0x00000000c05f0000, 0x00000000c062ff68, 0x00000000c06a0000)
  to   space 704K,   0% used [0x00000000c06a0000, 0x00000000c06a0000, 0x00000000c0750000)
 tenured generation   total 14852K, used 10247K [0x00000000d5550000, 0x00000000d63d1000, 0x0000000100000000)
   the space 14852K,  68% used [0x00000000d5550000, 0x00000000d5f51c00, 0x00000000d5f51c00, 0x00000000d63d1000)
 Metaspace       used 38631K, capacity 38852K, committed 39296K, reserved 1083392K
  class space    used 5352K, capacity 5430K, committed 5504K, reserved 1048576K

